2020-08-24 11:25:37 info:  [descGralInmueble.js] [Usuario: 5] METODO: listaDesGralInmueble
2020-08-24 11:25:38 info:  [descGralInmueble.js] [Usuario: 5] METODO: listaDesGralInmueble, PARAMETROS DE ENTRADA --> CLASECONSTRUCCION
2020-08-24 11:25:38 info:  [descGralInmueble.js] [Usuario: 5] METODO: BdListaDesGralInmueble 
2020-08-24 11:25:40 info:  [descGralInmueble.js] [Usuario: 5] METODO: BdListaDesGralInmueble SELECT * FROM fCatDesGralInmueble('CLASECONSTRUCCION','');
2020-08-24 11:25:41 info:  [descGralInmueble.js] [Usuario: 5] METODO: BdListaDesGralInmueble RESULTADO: [{"clave":0,"clavestr":"1","descripcion":"PRECARIA"},{"clave":0,"clavestr":"2","descripcion":"ECONÓMICA"},{"clave":0,"clavestr":"3","descripcion":"MEDIA"},{"clave":0,"clavestr":"4","descripcion":"BUENA"},{"clave":0,"clavestr":"5","descripcion":"MUY BUENA"},{"clave":0,"clavestr":"6","descripcion":"LUJO"},{"clave":0,"clavestr":"7","descripcion":"ESPECIAL"}]
2020-08-24 11:25:41 info:  [descGralInmueble.js] [Usuario: 5] METODO: listaDesGralInmueble RESPUESTA: ok = true, mensaje = Consulta exitosa, codigo =  AV200
2020-08-24 11:26:42 info:  [descGralInmueble.js] [Usuario: 5] METODO: listaDesGralInmueble
2020-08-24 11:26:42 info:  [descGralInmueble.js] [Usuario: 5] METODO: listaDesGralInmueble, PARAMETROS DE ENTRADA --> PARTIDASCONSERVACION
2020-08-24 11:26:42 info:  [descGralInmueble.js] [Usuario: 5] METODO: BdListaDesGralInmueble 
2020-08-24 11:26:42 info:  [descGralInmueble.js] [Usuario: 5] METODO: BdListaDesGralInmueble SELECT * FROM fCatDesGralInmueble('PARTIDASCONSERVACION','');
2020-08-24 11:26:43 info:  [descGralInmueble.js] [Usuario: 5] METODO: BdListaDesGralInmueble RESULTADO: [{"clave":1,"clavestr":"","descripcion":"EXCELENTE O NUEVO"},{"clave":2,"clavestr":"","descripcion":"EFICIENTE O FUNCIONAL"},{"clave":3,"clavestr":"","descripcion":"UTILIZABLE O SUFICIENTE"},{"clave":4,"clavestr":"","descripcion":"INADECUADO O DEFICIENTE"},{"clave":5,"clavestr":"","descripcion":"DAÑADO O INCOMPLETO"},{"clave":6,"clavestr":"","descripcion":"INEXISTENTE O INSERVIBLE"},{"clave":7,"clavestr":"","descripcion":"NO APLICA"}]
2020-08-24 11:26:43 info:  [descGralInmueble.js] [Usuario: 5] METODO: listaDesGralInmueble RESPUESTA: ok = true, mensaje = Consulta exitosa, codigo =  AV200
2020-08-24 11:26:54 info:  [descGralInmueble.js] [Usuario: 5] METODO: listaDesGralInmueble
2020-08-24 11:26:54 info:  [descGralInmueble.js] [Usuario: 5] METODO: listaDesGralInmueble, PARAMETROS DE ENTRADA --> TIPOCONSTRUCCION
2020-08-24 11:26:54 info:  [descGralInmueble.js] [Usuario: 5] METODO: BdListaDesGralInmueble 
2020-08-24 11:26:54 info:  [descGralInmueble.js] [Usuario: 5] METODO: BdListaDesGralInmueble SELECT * FROM fCatDesGralInmueble('TIPOCONSTRUCCION','');
2020-08-24 11:26:58 info:  [descGralInmueble.js] [Usuario: 5] METODO: BdListaDesGralInmueble RESULTADO: []
2020-08-24 11:26:58 info:  [descGralInmueble.js] [Usuario: 5] METODO: listaDesGralInmueble RESPUESTA: ok = false, mensaje = No se encontró información, codigo =  AV201
2020-08-24 11:29:59 info:  [descGralInmueble.js] [Usuario: 5] METODO: listaDesGralInmueble
2020-08-24 11:29:59 info:  [descGralInmueble.js] [Usuario: 5] METODO: listaDesGralInmueble, PARAMETROS DE ENTRADA --> TIPOCONSTRUCCION
2020-08-24 11:29:59 error:  [descGralInmueble.js] [Usuario: 5] METODO: listaDesGralInmueble Debe indicar el dato TipoCostruccion
2020-08-24 11:30:16 info:  [descGralInmueble.js] [Usuario: 5] METODO: listaDesGralInmueble
2020-08-24 11:30:16 info:  [descGralInmueble.js] [Usuario: 5] METODO: listaDesGralInmueble, PARAMETROS DE ENTRADA --> TIPOCONSTRUCCION
2020-08-24 11:30:16 error:  [descGralInmueble.js] [Usuario: 5] METODO: listaDesGralInmueble  Debe indicar el dato TipoCostruccion
2020-08-24 11:30:25 info:  [descGralInmueble.js] [Usuario: 5] METODO: listaDesGralInmueble
2020-08-24 11:30:25 info:  [descGralInmueble.js] [Usuario: 5] METODO: listaDesGralInmueble, PARAMETROS DE ENTRADA --> TIPOCONSTRUCCION
2020-08-24 11:30:25 info:  [descGralInmueble.js] [Usuario: 5] METODO: BdListaDesGralInmueble 
2020-08-24 11:30:25 info:  [descGralInmueble.js] [Usuario: 5] METODO: BdListaDesGralInmueble SELECT * FROM fCatDesGralInmueble('TIPOCONSTRUCCION','8');
2020-08-24 11:30:25 info:  [descGralInmueble.js] [Usuario: 5] METODO: BdListaDesGralInmueble RESULTADO: []
2020-08-24 11:30:25 info:  [descGralInmueble.js] [Usuario: 5] METODO: listaDesGralInmueble RESPUESTA: ok = false, mensaje = No se encontró información, codigo =  AV201
2020-08-24 11:30:35 info:  [descGralInmueble.js] [Usuario: 5] METODO: listaDesGralInmueble
2020-08-24 11:30:35 info:  [descGralInmueble.js] [Usuario: 5] METODO: listaDesGralInmueble, PARAMETROS DE ENTRADA --> TIPOCONSTRUCCION
2020-08-24 11:30:35 info:  [descGralInmueble.js] [Usuario: 5] METODO: BdListaDesGralInmueble 
2020-08-24 11:30:35 info:  [descGralInmueble.js] [Usuario: 5] METODO: BdListaDesGralInmueble SELECT * FROM fCatDesGralInmueble('TIPOCONSTRUCCION','P');
2020-08-24 11:30:35 info:  [descGralInmueble.js] [Usuario: 5] METODO: BdListaDesGralInmueble RESULTADO: [{"clave":1,"clavestr":"","descripcion":"T1"},{"clave":2,"clavestr":"","descripcion":"T2"},{"clave":3,"clavestr":"","descripcion":"T3"},{"clave":4,"clavestr":"","descripcion":"T4"},{"clave":5,"clavestr":"","descripcion":"T5"},{"clave":6,"clavestr":"","descripcion":"T6"},{"clave":7,"clavestr":"","descripcion":"T7"},{"clave":8,"clavestr":"","descripcion":"T8"},{"clave":9,"clavestr":"","descripcion":"T9"},{"clave":10,"clavestr":"","descripcion":"T10"},{"clave":11,"clavestr":"","descripcion":"T11"},{"clave":12,"clavestr":"","descripcion":"T12"},{"clave":13,"clavestr":"","descripcion":"T13"},{"clave":14,"clavestr":"","descripcion":"T14"},{"clave":15,"clavestr":"","descripcion":"T15"},{"clave":16,"clavestr":"","descripcion":"T16"},{"clave":17,"clavestr":"","descripcion":"T17"},{"clave":18,"clavestr":"","descripcion":"T18"},{"clave":19,"clavestr":"","descripcion":"T19"},{"clave":20,"clavestr":"","descripcion":"T20"},{"clave":21,"clavestr":"","descripcion":"T21"},{"clave":22,"clavestr":"","descripcion":"T22"},{"clave":23,"clavestr":"","descripcion":"T23"},{"clave":24,"clavestr":"","descripcion":"T24"},{"clave":25,"clavestr":"","descripcion":"T25"},{"clave":26,"clavestr":"","descripcion":"T26"},{"clave":27,"clavestr":"","descripcion":"T27"},{"clave":28,"clavestr":"","descripcion":"T28"},{"clave":29,"clavestr":"","descripcion":"T29"},{"clave":30,"clavestr":"","descripcion":"T30"},{"clave":31,"clavestr":"","descripcion":"T31"},{"clave":32,"clavestr":"","descripcion":"T32"},{"clave":33,"clavestr":"","descripcion":"T33"},{"clave":34,"clavestr":"","descripcion":"T34"},{"clave":35,"clavestr":"","descripcion":"T35"}]
2020-08-24 11:30:35 info:  [descGralInmueble.js] [Usuario: 5] METODO: listaDesGralInmueble RESPUESTA: ok = true, mensaje = Consulta exitosa, codigo =  AV200
2020-08-24 11:30:49 info:  [descGralInmueble.js] [Usuario: 5] METODO: listaDesGralInmueble
2020-08-24 11:30:49 info:  [descGralInmueble.js] [Usuario: 5] METODO: listaDesGralInmueble, PARAMETROS DE ENTRADA --> TIPOCONSTRUCCION
2020-08-24 11:30:49 info:  [descGralInmueble.js] [Usuario: 5] METODO: BdListaDesGralInmueble 
2020-08-24 11:30:49 info:  [descGralInmueble.js] [Usuario: 5] METODO: BdListaDesGralInmueble SELECT * FROM fCatDesGralInmueble('TIPOCONSTRUCCION','C');
2020-08-24 11:30:49 info:  [descGralInmueble.js] [Usuario: 5] METODO: BdListaDesGralInmueble RESULTADO: [{"clave":36,"clavestr":"","descripcion":"T36"},{"clave":37,"clavestr":"","descripcion":"T37"},{"clave":38,"clavestr":"","descripcion":"T38"},{"clave":39,"clavestr":"","descripcion":"T39"},{"clave":40,"clavestr":"","descripcion":"T40"},{"clave":41,"clavestr":"","descripcion":"T41"},{"clave":42,"clavestr":"","descripcion":"T42"},{"clave":43,"clavestr":"","descripcion":"T43"},{"clave":44,"clavestr":"","descripcion":"T44"},{"clave":45,"clavestr":"","descripcion":"T45"},{"clave":46,"clavestr":"","descripcion":"T46"},{"clave":47,"clavestr":"","descripcion":"T47"},{"clave":48,"clavestr":"","descripcion":"T48"},{"clave":49,"clavestr":"","descripcion":"T49"},{"clave":50,"clavestr":"","descripcion":"T50"},{"clave":51,"clavestr":"","descripcion":"T51"},{"clave":52,"clavestr":"","descripcion":"T52"},{"clave":53,"clavestr":"","descripcion":"T53"},{"clave":54,"clavestr":"","descripcion":"T54"},{"clave":55,"clavestr":"","descripcion":"T55"}]
2020-08-24 11:30:49 info:  [descGralInmueble.js] [Usuario: 5] METODO: listaDesGralInmueble RESPUESTA: ok = true, mensaje = Consulta exitosa, codigo =  AV200
2020-08-24 11:31:09 info:  [descGralInmueble.js] [Usuario: 5] METODO: listaDesGralInmueble
2020-08-24 11:31:09 info:  [descGralInmueble.js] [Usuario: 5] METODO: listaDesGralInmueble, PARAMETROS DE ENTRADA --> PARTIDASCONSERVACION
2020-08-24 11:31:09 info:  [descGralInmueble.js] [Usuario: 5] METODO: BdListaDesGralInmueble 
2020-08-24 11:31:09 info:  [descGralInmueble.js] [Usuario: 5] METODO: BdListaDesGralInmueble SELECT * FROM fCatDesGralInmueble('PARTIDASCONSERVACION','C');
2020-08-24 11:31:09 info:  [descGralInmueble.js] [Usuario: 5] METODO: BdListaDesGralInmueble RESULTADO: [{"clave":1,"clavestr":"","descripcion":"EXCELENTE O NUEVO"},{"clave":2,"clavestr":"","descripcion":"EFICIENTE O FUNCIONAL"},{"clave":3,"clavestr":"","descripcion":"UTILIZABLE O SUFICIENTE"},{"clave":4,"clavestr":"","descripcion":"INADECUADO O DEFICIENTE"},{"clave":5,"clavestr":"","descripcion":"DAÑADO O INCOMPLETO"},{"clave":6,"clavestr":"","descripcion":"INEXISTENTE O INSERVIBLE"},{"clave":7,"clavestr":"","descripcion":"NO APLICA"}]
2020-08-24 11:31:09 info:  [descGralInmueble.js] [Usuario: 5] METODO: listaDesGralInmueble RESPUESTA: ok = true, mensaje = Consulta exitosa, codigo =  AV200
2020-08-24 11:31:19 info:  [descGralInmueble.js] [Usuario: 5] METODO: listaDesGralInmueble
2020-08-24 11:31:19 info:  [descGralInmueble.js] [Usuario: 5] METODO: listaDesGralInmueble, PARAMETROS DE ENTRADA --> ESTADOCONSERVACION
2020-08-24 11:31:19 info:  [descGralInmueble.js] [Usuario: 5] METODO: BdListaDesGralInmueble 
2020-08-24 11:31:19 info:  [descGralInmueble.js] [Usuario: 5] METODO: BdListaDesGralInmueble SELECT * FROM fCatDesGralInmueble('ESTADOCONSERVACION','C');
2020-08-24 11:31:19 info:  [descGralInmueble.js] [Usuario: 5] METODO: BdListaDesGralInmueble RESULTADO: [{"clave":1,"clavestr":"","descripcion":"Bueno"},{"clave":2,"clavestr":"","descripcion":"Malo"},{"clave":3,"clavestr":"","descripcion":"Normal"},{"clave":4,"clavestr":"","descripcion":"Ruinoso"}]
2020-08-24 11:31:19 info:  [descGralInmueble.js] [Usuario: 5] METODO: listaDesGralInmueble RESPUESTA: ok = true, mensaje = Consulta exitosa, codigo =  AV200
2020-08-24 11:31:32 info:  [descGralInmueble.js] [Usuario: 5] METODO: listaDesGralInmueble
2020-08-24 11:31:32 info:  [descGralInmueble.js] [Usuario: 5] METODO: listaDesGralInmueble, PARAMETROS DE ENTRADA --> CLASECONSTRUCCION
2020-08-24 11:31:32 info:  [descGralInmueble.js] [Usuario: 5] METODO: BdListaDesGralInmueble 
2020-08-24 11:31:32 info:  [descGralInmueble.js] [Usuario: 5] METODO: BdListaDesGralInmueble SELECT * FROM fCatDesGralInmueble('CLASECONSTRUCCION','C');
2020-08-24 11:31:32 info:  [descGralInmueble.js] [Usuario: 5] METODO: BdListaDesGralInmueble RESULTADO: [{"clave":0,"clavestr":"1","descripcion":"PRECARIA"},{"clave":0,"clavestr":"2","descripcion":"ECONÓMICA"},{"clave":0,"clavestr":"3","descripcion":"MEDIA"},{"clave":0,"clavestr":"4","descripcion":"BUENA"},{"clave":0,"clavestr":"5","descripcion":"MUY BUENA"},{"clave":0,"clavestr":"6","descripcion":"LUJO"},{"clave":0,"clavestr":"7","descripcion":"ESPECIAL"}]
2020-08-24 11:31:32 info:  [descGralInmueble.js] [Usuario: 5] METODO: listaDesGralInmueble RESPUESTA: ok = true, mensaje = Consulta exitosa, codigo =  AV200
2020-08-24 11:31:41 info:  [descGralInmueble.js] [Usuario: 5] METODO: listaDesGralInmueble
2020-08-24 11:31:41 info:  [descGralInmueble.js] [Usuario: 5] METODO: listaDesGralInmueble, PARAMETROS DE ENTRADA --> USOCONSTRUCCION
2020-08-24 11:31:41 info:  [descGralInmueble.js] [Usuario: 5] METODO: BdListaDesGralInmueble 
2020-08-24 11:31:41 info:  [descGralInmueble.js] [Usuario: 5] METODO: BdListaDesGralInmueble SELECT * FROM fCatDesGralInmueble('USOCONSTRUCCION','C');
2020-08-24 11:31:42 info:  [descGralInmueble.js] [Usuario: 5] METODO: BdListaDesGralInmueble RESULTADO: [{"clave":0,"clavestr":"A","descripcion":"ABASTO (BODEGA o CUARTO de SERVICIO)"},{"clave":0,"clavestr":"X","descripcion":"AGRÍCOLA"},{"clave":0,"clavestr":"W","descripcion":"BALDÍO"},{"clave":0,"clavestr":"PC","descripcion":"CANCHA DEPORTIVA"},{"clave":0,"clavestr":"C","descripcion":"COMERCIO"},{"clave":0,"clavestr":"K","descripcion":"COMUNICACIONES"},{"clave":0,"clavestr":"Q","descripcion":"CULTURA"},{"clave":0,"clavestr":"D","descripcion":"DEPORTES"},{"clave":0,"clavestr":"E","descripcion":"EDUCACIÓN"},{"clave":0,"clavestr":"PE","descripcion":"ESTACIONAMIENTOS, PATIOS y PLAZUELAS"},{"clave":0,"clavestr":"H","descripcion":"HABITACIÓN"},{"clave":0,"clavestr":"L","descripcion":"HOTELES"},{"clave":0,"clavestr":"I","descripcion":"INDÚSTRIA"},{"clave":0,"clavestr":"J","descripcion":"JARDÍN"},{"clave":0,"clavestr":"O","descripcion":"OFICINAS"},{"clave":0,"clavestr":"P","descripcion":"PANTEONES"},{"clave":0,"clavestr":"S","descripcion":"SALUD"},{"clave":0,"clavestr":"M","descripcion":"USO MIXTO"}]
2020-08-24 11:31:42 info:  [descGralInmueble.js] [Usuario: 5] METODO: listaDesGralInmueble RESPUESTA: ok = true, mensaje = Consulta exitosa, codigo =  AV200
2020-08-24 11:31:53 info:  [descGralInmueble.js] [Usuario: 5] METODO: listaDesGralInmueble
2020-08-24 11:31:53 info:  [descGralInmueble.js] [Usuario: 5] METODO: listaDesGralInmueble, PARAMETROS DE ENTRADA --> RANGONIVEL
2020-08-24 11:31:53 info:  [descGralInmueble.js] [Usuario: 5] METODO: BdListaDesGralInmueble 
2020-08-24 11:31:53 info:  [descGralInmueble.js] [Usuario: 5] METODO: BdListaDesGralInmueble SELECT * FROM fCatDesGralInmueble('RANGONIVEL','C');
2020-08-24 11:31:53 info:  [descGralInmueble.js] [Usuario: 5] METODO: BdListaDesGralInmueble RESULTADO: [{"clave":0,"clavestr":"02","descripcion":"De 1 a 2 niveles o bien, si no existe una clara distinción de ellos y la construcción tenga una altura hasta de 6.00 metros."},{"clave":0,"clavestr":"15","descripcion":"De 11 a 15 niveles."},{"clave":0,"clavestr":"20","descripcion":"De 16 a 20 niveles."},{"clave":0,"clavestr":"99","descripcion":"De 21 a más niveles."},{"clave":0,"clavestr":"05","descripcion":"De 3 a 5 niveles o bien, si no existe una clara distinción de ellos y la construcción tenga una altura de 6.01 metros a 15.00 metros."},{"clave":0,"clavestr":"10","descripcion":"De 6 a 10 niveles."},{"clave":0,"clavestr":"RU","descripcion":"Rango único. Se aplica a edificaciones sin una clara distinción de niveles tales como naves industriales, bodegas galerones, centros comerciales, restaurantes y estructuras semejantes que excedan una altura de 15.00."},{"clave":0,"clavestr":"01","descripcion":"Superficies construidas descubiertas."}]
2020-08-24 11:31:53 info:  [descGralInmueble.js] [Usuario: 5] METODO: listaDesGralInmueble RESPUESTA: ok = true, mensaje = Consulta exitosa, codigo =  AV200
2020-08-24 11:31:57 info:  [descGralInmueble.js] [Usuario: 5] METODO: listaDesGralInmueble
2020-08-24 11:31:57 info:  [descGralInmueble.js] [Usuario: 5] METODO: listaDesGralInmueble, PARAMETROS DE ENTRADA --> RANGONIVEL
2020-08-24 11:31:57 info:  [descGralInmueble.js] [Usuario: 5] METODO: BdListaDesGralInmueble 
2020-08-24 11:31:57 info:  [descGralInmueble.js] [Usuario: 5] METODO: BdListaDesGralInmueble SELECT * FROM fCatDesGralInmueble('RANGONIVEL','undefined');
2020-08-24 11:31:57 info:  [descGralInmueble.js] [Usuario: 5] METODO: BdListaDesGralInmueble RESULTADO: [{"clave":0,"clavestr":"02","descripcion":"De 1 a 2 niveles o bien, si no existe una clara distinción de ellos y la construcción tenga una altura hasta de 6.00 metros."},{"clave":0,"clavestr":"15","descripcion":"De 11 a 15 niveles."},{"clave":0,"clavestr":"20","descripcion":"De 16 a 20 niveles."},{"clave":0,"clavestr":"99","descripcion":"De 21 a más niveles."},{"clave":0,"clavestr":"05","descripcion":"De 3 a 5 niveles o bien, si no existe una clara distinción de ellos y la construcción tenga una altura de 6.01 metros a 15.00 metros."},{"clave":0,"clavestr":"10","descripcion":"De 6 a 10 niveles."},{"clave":0,"clavestr":"RU","descripcion":"Rango único. Se aplica a edificaciones sin una clara distinción de niveles tales como naves industriales, bodegas galerones, centros comerciales, restaurantes y estructuras semejantes que excedan una altura de 15.00."},{"clave":0,"clavestr":"01","descripcion":"Superficies construidas descubiertas."}]
2020-08-24 11:31:57 info:  [descGralInmueble.js] [Usuario: 5] METODO: listaDesGralInmueble RESPUESTA: ok = true, mensaje = Consulta exitosa, codigo =  AV200
2020-08-24 12:52:01 info:  [descGralInmueble.js] [Usuario: 5] METODO: InmuebleConstrucciones
2020-08-24 12:52:01 info:  [descGralInmueble.js] [Usuario: 5] METODO: InmuebleConstrucciones, PARAMETROS DE ENTRADA -->  undefined, undefined, undefined, undefined, undefined, undefined, undefined, undefined, undefined, undefined, undefined, undefined, 5
2020-08-24 12:52:01 error:  [descGralInmueble.js] [Usuario: 5] METODO: InmuebleConstrucciones  No es válido el valor indicado para el dato: Id Inmueble Construccion, No es válido el valor indicado para el dato: Folio, No es válido el valor indicado para el dato: Tipo Construccion, No es válido el valor indicado para el dato: Id Tipo Construccion, No es válido el valor indicado para el dato: Superficie, No es válido el valor indicado para el dato: Descripción Módulo, No es válido el valor indicado para el dato: Nivel Tipo, No es válido el valor indicado para el dato: Id Uso Construcción, No es válido el valor indicado para el dato: Id Rango Nivel TGDF, No es válido el valor indicado para el dato: Edad, No es válido el valor indicado para el dato: Id Estado Conservación
2020-08-24 12:52:42 info:  [descGralInmueble.js] [Usuario: 5] METODO: InmuebleConstrucciones
2020-08-24 12:52:42 info:  [descGralInmueble.js] [Usuario: 5] METODO: InmuebleConstrucciones, PARAMETROS DE ENTRADA -->  undefined, undefined, undefined, undefined, undefined, undefined, undefined, undefined, undefined, undefined, undefined, undefined, 5
2020-08-24 12:52:42 error:  [descGralInmueble.js] [Usuario: 5] METODO: InmuebleConstrucciones  No es válido el valor indicado para el dato: Id Inmueble Construccion, No es válido el valor indicado para el dato: Folio, No es válido el valor indicado para el dato: Tipo Construccion, No es válido el valor indicado para el dato: Id Tipo Construccion, No es válido el valor indicado para el dato: Superficie, No es válido el valor indicado para el dato: Descripción Módulo, No es válido el valor indicado para el dato: Nivel Tipo, No es válido el valor indicado para el dato: Id Uso Construcción, No es válido el valor indicado para el dato: Id Rango Nivel TGDF, No es válido el valor indicado para el dato: Edad, No es válido el valor indicado para el dato: Id Estado Conservación
2020-08-24 12:53:18 info:  [descGralInmueble.js] [Usuario: 5] METODO: InmuebleConstrucciones
2020-08-24 12:53:18 info:  [descGralInmueble.js] [Usuario: 5] METODO: InmuebleConstrucciones, PARAMETROS DE ENTRADA -->  undefined, undefined, undefined, undefined, undefined, undefined, undefined, undefined, undefined, undefined, undefined, undefined, 5
2020-08-24 12:53:18 error:  [descGralInmueble.js] [Usuario: 5] METODO: InmuebleConstrucciones  No es válido el valor indicado para el dato: Id Inmueble Construccion, No es válido el valor indicado para el dato: Folio, No es válido el valor indicado para el dato: Tipo Construccion, No es válido el valor indicado para el dato: Id Tipo Construccion, No es válido el valor indicado para el dato: Superficie, No es válido el valor indicado para el dato: Descripción Módulo, No es válido el valor indicado para el dato: Nivel Tipo, No es válido el valor indicado para el dato: Id Uso Construcción, No es válido el valor indicado para el dato: Id Rango Nivel TGDF, No es válido el valor indicado para el dato: Edad, No es válido el valor indicado para el dato: Id Estado Conservación
2020-08-24 12:55:50 info:  [descGralInmueble.js] [Usuario: 5] METODO: InmuebleConstrucciones
2020-08-24 12:55:50 info:  [descGralInmueble.js] [Usuario: 5] METODO: InmuebleConstrucciones, PARAMETROS DE ENTRADA -->  undefined, undefined, undefined, undefined, undefined, undefined, undefined, undefined, undefined, undefined, undefined, undefined, 5
2020-08-24 12:55:50 error:  [descGralInmueble.js] [Usuario: 5] METODO: InmuebleConstrucciones  No es válido el valor indicado para el dato: Id Inmueble Construccion, No es válido el valor indicado para el dato: Folio, No es válido el valor indicado para el dato: Tipo Construccion, No es válido el valor indicado para el dato: Id Tipo Construccion, No es válido el valor indicado para el dato: Superficie, No es válido el valor indicado para el dato: Descripción Módulo, No es válido el valor indicado para el dato: Nivel Tipo, No es válido el valor indicado para el dato: Id Uso Construcción, No es válido el valor indicado para el dato: Id Rango Nivel TGDF, No es válido el valor indicado para el dato: Edad, No es válido el valor indicado para el dato: Id Estado Conservación
2020-08-24 12:56:56 info:  [descGralInmueble.js] [Usuario: 5] METODO: InmuebleConstrucciones
2020-08-24 12:56:56 info:  [descGralInmueble.js] [Usuario: 5] METODO: InmuebleConstrucciones, PARAMETROS DE ENTRADA -->  undefined, undefined, undefined, undefined, undefined, undefined, undefined, undefined, undefined, undefined, undefined, undefined, 5
2020-08-24 12:56:56 error:  [descGralInmueble.js] [Usuario: 5] METODO: InmuebleConstrucciones  No es válido el valor indicado para el dato: Id Inmueble Construccion, No es válido el valor indicado para el dato: Folio, No es válido el valor indicado para el dato: Tipo Construccion, No es válido el valor indicado para el dato: Id Tipo Construccion, No es válido el valor indicado para el dato: Superficie, No es válido el valor indicado para el dato: Descripción Módulo, No es válido el valor indicado para el dato: Nivel Tipo, No es válido el valor indicado para el dato: Id Uso Construcción, No es válido el valor indicado para el dato: Id Rango Nivel TGDF, No es válido el valor indicado para el dato: Edad, No es válido el valor indicado para el dato: Id Estado Conservación
2020-08-24 12:58:04 info:  [descGralInmueble.js] [Usuario: 5] METODO: InmuebleConstrucciones
2020-08-24 12:58:04 info:  [descGralInmueble.js] [Usuario: 5] METODO: InmuebleConstrucciones, PARAMETROS DE ENTRADA -->  0, FOLIO_PRUEBA_0033, P, 2, undefined, undefined, undefined, undefined, undefined, undefined, undefined, undefined, 5
2020-08-24 12:58:04 error:  [descGralInmueble.js] [Usuario: 5] METODO: InmuebleConstrucciones  No es válido el valor indicado para el dato: Superficie, No es válido el valor indicado para el dato: Descripción Módulo, No es válido el valor indicado para el dato: Nivel Tipo, No es válido el valor indicado para el dato: Id Uso Construcción, No es válido el valor indicado para el dato: Id Rango Nivel TGDF, No es válido el valor indicado para el dato: Edad, No es válido el valor indicado para el dato: Id Estado Conservación, No es válido el valor indicado para el dato: Indiviso
2020-08-24 12:58:54 info:  [descGralInmueble.js] [Usuario: 5] METODO: InmuebleConstrucciones
2020-08-24 12:58:54 info:  [descGralInmueble.js] [Usuario: 5] METODO: InmuebleConstrucciones, PARAMETROS DE ENTRADA -->  0, FOLIO_PRUEBA_0033, P, 2, 85.50, VIVIENDA 1 POSTMAN001, 1, undefined, undefined, undefined, undefined, undefined, 5
2020-08-24 12:58:54 error:  [descGralInmueble.js] [Usuario: 5] METODO: InmuebleConstrucciones  No es válido el valor indicado para el dato: Id Uso Construcción, No es válido el valor indicado para el dato: Id Rango Nivel TGDF, No es válido el valor indicado para el dato: Edad, No es válido el valor indicado para el dato: Id Estado Conservación, No es válido el valor indicado para el dato: Indiviso
2020-08-24 12:59:16 info:  [descGralInmueble.js] [Usuario: 5] METODO: InmuebleConstrucciones
2020-08-24 12:59:16 info:  [descGralInmueble.js] [Usuario: 5] METODO: InmuebleConstrucciones, PARAMETROS DE ENTRADA -->  0, FOLIO_PRUEBA_0033, P, 2, 85.50, VIVIENDA 1 POSTMAN001, 1, J, 1, undefined, undefined, undefined, 5
2020-08-24 12:59:16 error:  [descGralInmueble.js] [Usuario: 5] METODO: InmuebleConstrucciones  No es válido el valor indicado para el dato: Edad, No es válido el valor indicado para el dato: Id Estado Conservación, No es válido el valor indicado para el dato: Indiviso
2020-08-24 12:59:41 info:  [descGralInmueble.js] [Usuario: 5] METODO: InmuebleConstrucciones
2020-08-24 12:59:41 info:  [descGralInmueble.js] [Usuario: 5] METODO: InmuebleConstrucciones, PARAMETROS DE ENTRADA -->  0, FOLIO_PRUEBA_0033, P, 2, 85.50, VIVIENDA 1 POSTMAN001, 1, J, 1, 6, 2, undefined, 5
2020-08-24 12:59:41 error:  [descGralInmueble.js] [Usuario: 5] METODO: InmuebleConstrucciones  No es válido el valor indicado para el dato: Indiviso
2020-08-24 12:59:55 info:  [descGralInmueble.js] [Usuario: 5] METODO: InmuebleConstrucciones
2020-08-24 12:59:55 info:  [descGralInmueble.js] [Usuario: 5] METODO: InmuebleConstrucciones, PARAMETROS DE ENTRADA -->  0, FOLIO_PRUEBA_0033, P, 2, 85.50, VIVIENDA 1 POSTMAN001, 1, J, 1, 6, 2, , 5
2020-08-24 12:59:55 error:  [descGralInmueble.js] [Usuario: 5] METODO: InmuebleConstrucciones  No es válido el valor indicado para el dato: Indiviso
2020-08-24 13:00:52 info:  [descGralInmueble.js] [Usuario: 5] METODO: InmuebleConstrucciones
2020-08-24 13:00:52 info:  [descGralInmueble.js] [Usuario: 5] METODO: InmuebleConstrucciones, PARAMETROS DE ENTRADA -->  0, FOLIO_PRUEBA_0033, P, 2, 85.50, VIVIENDA 1 POSTMAN001, 1, J, 1, 6, 2, , 5
2020-08-24 13:00:52 info:  [descGralInmueble.js] [Usuario: 8] METODO: BdInmuebleConstrucciones 
2020-08-24 13:00:52 info:  [descGralInmueble.js] [Usuario: 8] METODO: BdInmuebleConstrucciones SELECT * FROM fInmuebleConstrucciones (pIdInmConstruccion, pFolio, pTipoConstruccion, pIdTipoConstruccion, pSuperficie, pDescripcionModulo, pNivelTipo, pIdUsoConstruccion, pIdRangoNivelTGDF, pEdad, pIdEstadoConservacion, pIndiviso, pUsuarioOperacion);
2020-08-24 13:00:52 info: SELECT * FROM fInmuebleConstrucciones(0,  'FOLIO_PRUEBA_0033',  'P', 2, (85.50::decimal), 'VIVIENDA 1 POSTMAN001', (1::smallint), 'J',  '1', 6, (2::smallint),(0::decimal),5);
2020-08-24 13:00:52 info:  [descGralInmueble.js] [Usuario: 8] METODO: BdInmuebleConstrucciones RESULTADO: [{"resultado":false,"mensaje":"inserción o actualización en la tabla «inmuebleconstrucciones» viola la llave foránea «fk_inmuebleconstruccionescatrangoniveltgdf»","idinmconstruccion":0,"folio":"","tipoconstruccion":" ","idtipoconstruccion":0,"superficie":"0","descripcionmodulo":"","niveltipo":0,"idusoconstruccion":"","idrangoniveltgdf":" ","clasef":" ","puntajef":"0","edad":0,"idestadoconservacion":0,"indiviso":"0","idclaseconstruccionf":" ","estadogralconservacionf":"","vidaminimaremanentef":"0","indicecostosremanentef":"0","totalpuntosajustadosf":"0","clasesm":" ","puntajesm":"0"}]
2020-08-24 13:00:52 info:  [descGralInmueble.js] [Usuario: 5] METODO: InmuebleConstrucciones RESPUESTA: ok = false, mensaje = "inserción o actualización en la tabla «inmuebleconstrucciones» viola la llave foránea «fk_inmuebleconstruccionescatrangoniveltgdf»", codigo = AV400
2020-08-24 13:01:29 info:  [descGralInmueble.js] [Usuario: 5] METODO: InmuebleConstrucciones
2020-08-24 13:01:29 info:  [descGralInmueble.js] [Usuario: 5] METODO: InmuebleConstrucciones, PARAMETROS DE ENTRADA -->  0, FOLIO_PRUEBA_0033, P, 2, 85.50, VIVIENDA 1 POSTMAN001, 1, J, 02, 6, 2, , 5
2020-08-24 13:01:29 info:  [descGralInmueble.js] [Usuario: 8] METODO: BdInmuebleConstrucciones 
2020-08-24 13:01:29 info:  [descGralInmueble.js] [Usuario: 8] METODO: BdInmuebleConstrucciones SELECT * FROM fInmuebleConstrucciones (pIdInmConstruccion, pFolio, pTipoConstruccion, pIdTipoConstruccion, pSuperficie, pDescripcionModulo, pNivelTipo, pIdUsoConstruccion, pIdRangoNivelTGDF, pEdad, pIdEstadoConservacion, pIndiviso, pUsuarioOperacion);
2020-08-24 13:01:29 info: SELECT * FROM fInmuebleConstrucciones(0,  'FOLIO_PRUEBA_0033',  'P', 2, (85.50::decimal), 'VIVIENDA 1 POSTMAN001', (1::smallint), 'J',  '02', 6, (2::smallint),(0::decimal),5);
2020-08-24 13:01:29 info:  [descGralInmueble.js] [Usuario: 8] METODO: BdInmuebleConstrucciones RESULTADO: [{"resultado":true,"mensaje":"Operación exitosa","idinmconstruccion":13,"folio":"FOLIO_PRUEBA_0033","tipoconstruccion":"P","idtipoconstruccion":2,"superficie":"85.50","descripcionmodulo":"VIVIENDA 1 POSTMAN001","niveltipo":1,"idusoconstruccion":"J","idrangoniveltgdf":"02","clasef":"U","puntajef":"0.00","edad":6,"idestadoconservacion":2,"indiviso":null,"idclaseconstruccionf":null,"estadogralconservacionf":null,"vidaminimaremanentef":null,"indicecostosremanentef":null,"totalpuntosajustadosf":null,"clasesm":null,"puntajesm":null}]
2020-08-24 13:01:29 info:  [descGralInmueble.js] [Usuario: 5] METODO: InmuebleConstrucciones RESPUESTA: ok = true, mensaje = "Operación exitosa", codigo = AV200
2020-08-24 13:13:31 info:  [descGralInmueble.js] [Usuario: 5] METODO: InmuebleConstrucciones
2020-08-24 13:13:31 info:  [descGralInmueble.js] [Usuario: 5] METODO: InmuebleConstrucciones, PARAMETROS DE ENTRADA -->  0, FOLIO_PRUEBA_0033, P, 2, 85.50, VIVIENDA 1 POSTMAN001, 1, J, 02, 6, 2, , 5
2020-08-24 13:13:31 info:  [descGralInmueble.js] [Usuario: 8] METODO: BdInmuebleConstrucciones 
2020-08-24 13:13:31 info:  [descGralInmueble.js] [Usuario: 8] METODO: BdInmuebleConstrucciones SELECT * FROM fInmuebleConstrucciones (pIdInmConstruccion, pFolio, pTipoConstruccion, pIdTipoConstruccion, pSuperficie, pDescripcionModulo, pNivelTipo, pIdUsoConstruccion, pIdRangoNivelTGDF, pEdad, pIdEstadoConservacion, pIndiviso, pUsuarioOperacion);
2020-08-24 13:13:31 info: SELECT * FROM fInmuebleConstrucciones(0,  'FOLIO_PRUEBA_0033',  'P', 2, (85.50::decimal), 'VIVIENDA 1 POSTMAN001', (1::smallint), 'J',  '02', 6, (2::smallint),(0::decimal),5);
2020-08-24 13:13:31 info:  [descGralInmueble.js] [Usuario: 8] METODO: BdInmuebleConstrucciones RESULTADO: [{"resultado":true,"mensaje":"Operación exitosa","idinmconstruccion":14,"folio":"FOLIO_PRUEBA_0033","tipoconstruccion":"P","idtipoconstruccion":2,"superficie":"85.50","descripcionmodulo":"VIVIENDA 1 POSTMAN001","niveltipo":1,"idusoconstruccion":"J","idrangoniveltgdf":"02","clasef":"U","puntajef":"0.00","edad":6,"idestadoconservacion":2,"indiviso":null,"idclaseconstruccionf":null,"estadogralconservacionf":null,"vidaminimaremanentef":null,"indicecostosremanentef":null,"totalpuntosajustadosf":null,"clasesm":null,"puntajesm":null}]
2020-08-24 13:13:31 info:  [descGralInmueble.js] [Usuario: 5] METODO: InmuebleConstrucciones RESPUESTA: ok = true, mensaje = "Operación exitosa", codigo = AV200
2020-08-24 13:13:31 info:  [descGralInmueble.js] ERROR: ReferenceError: resultadoDat is not defined
2020-08-24 13:15:12 info:  [descGralInmueble.js] [Usuario: 5] METODO: InmuebleConstrucciones
2020-08-24 13:15:12 info:  [descGralInmueble.js] [Usuario: 5] METODO: InmuebleConstrucciones, PARAMETROS DE ENTRADA -->  0, FOLIO_PRUEBA_0033, P, 2, 85.50, VIVIENDA 1 POSTMAN001, 1, J, 02, 6, 2, , 5
2020-08-24 13:15:12 info:  [descGralInmueble.js] [Usuario: 8] METODO: BdInmuebleConstrucciones 
2020-08-24 13:15:12 info:  [descGralInmueble.js] [Usuario: 8] METODO: BdInmuebleConstrucciones SELECT * FROM fInmuebleConstrucciones (pIdInmConstruccion, pFolio, pTipoConstruccion, pIdTipoConstruccion, pSuperficie, pDescripcionModulo, pNivelTipo, pIdUsoConstruccion, pIdRangoNivelTGDF, pEdad, pIdEstadoConservacion, pIndiviso, pUsuarioOperacion);
2020-08-24 13:15:12 info: SELECT * FROM fInmuebleConstrucciones(0,  'FOLIO_PRUEBA_0033',  'P', 2, (85.50::decimal), 'VIVIENDA 1 POSTMAN001', (1::smallint), 'J',  '02', 6, (2::smallint),(0::decimal),5);
2020-08-24 13:15:12 info:  [descGralInmueble.js] [Usuario: 8] METODO: BdInmuebleConstrucciones RESULTADO: [{"resultado":true,"mensaje":"Operación exitosa","idinmconstruccion":15,"folio":"FOLIO_PRUEBA_0033","tipoconstruccion":"P","idtipoconstruccion":2,"superficie":"85.50","descripcionmodulo":"VIVIENDA 1 POSTMAN001","niveltipo":1,"idusoconstruccion":"J","idrangoniveltgdf":"02","clasef":"U","puntajef":"0.00","edad":6,"idestadoconservacion":2,"indiviso":null,"idclaseconstruccionf":null,"estadogralconservacionf":null,"vidaminimaremanentef":null,"indicecostosremanentef":null,"totalpuntosajustadosf":null,"clasesm":null,"puntajesm":null}]
2020-08-24 13:15:12 info:  [descGralInmueble.js] [Usuario: 5] METODO: InmuebleConstrucciones RESPUESTA: ok = true, mensaje = "Operación exitosa", codigo = AV200
2020-08-24 13:15:12 info:  [descGralInmueble.js] ERROR: ReferenceError: resultadoDat is not defined
2020-08-24 13:17:16 info:  [descGralInmueble.js] [Usuario: 5] METODO: InmuebleConstrucciones
2020-08-24 13:17:16 info:  [descGralInmueble.js] [Usuario: 5] METODO: InmuebleConstrucciones, PARAMETROS DE ENTRADA -->  0, FOLIO_PRUEBA_0033, P, 2, 85.50, VIVIENDA 1 POSTMAN001, 1, J, 02, 6, 2, , 5
2020-08-24 13:17:16 info:  [descGralInmueble.js] [Usuario: 8] METODO: BdInmuebleConstrucciones 
2020-08-24 13:17:16 info:  [descGralInmueble.js] [Usuario: 8] METODO: BdInmuebleConstrucciones SELECT * FROM fInmuebleConstrucciones (pIdInmConstruccion, pFolio, pTipoConstruccion, pIdTipoConstruccion, pSuperficie, pDescripcionModulo, pNivelTipo, pIdUsoConstruccion, pIdRangoNivelTGDF, pEdad, pIdEstadoConservacion, pIndiviso, pUsuarioOperacion);
2020-08-24 13:17:16 info: SELECT * FROM fInmuebleConstrucciones(0,  'FOLIO_PRUEBA_0033',  'P', 2, (85.50::decimal), 'VIVIENDA 1 POSTMAN001', (1::smallint), 'J',  '02', 6, (2::smallint),(0::decimal),5);
2020-08-24 13:17:16 info:  [descGralInmueble.js] [Usuario: 8] METODO: BdInmuebleConstrucciones RESULTADO: [{"resultado":true,"mensaje":"Operación exitosa","idinmconstruccion":16,"folio":"FOLIO_PRUEBA_0033","tipoconstruccion":"P","idtipoconstruccion":2,"superficie":"85.50","descripcionmodulo":"VIVIENDA 1 POSTMAN001","niveltipo":1,"idusoconstruccion":"J","idrangoniveltgdf":"02","clasef":"U","puntajef":"0.00","edad":6,"idestadoconservacion":2,"indiviso":null,"idclaseconstruccionf":null,"estadogralconservacionf":null,"vidaminimaremanentef":null,"indicecostosremanentef":null,"totalpuntosajustadosf":null,"clasesm":null,"puntajesm":null}]
2020-08-24 13:17:16 info:  [descGralInmueble.js] [Usuario: 5] METODO: InmuebleConstrucciones RESPUESTA: ok = true, mensaje = "Operación exitosa", codigo = AV200
2020-08-24 13:18:44 info:  [descGralInmueble.js] [Usuario: 5] METODO: InmuebleConstrucciones
2020-08-24 13:18:44 info:  [descGralInmueble.js] [Usuario: 5] METODO: InmuebleConstrucciones, PARAMETROS DE ENTRADA -->  0, FOLIO_PRUEBA_0033, P, 2, 85.50, VIVIENDA 1 POSTMAN001, 1, J, 02, 6, 2, , 5
2020-08-24 13:18:44 info:  [descGralInmueble.js] [Usuario: 8] METODO: BdInmuebleConstrucciones 
2020-08-24 13:18:44 info:  [descGralInmueble.js] [Usuario: 8] METODO: BdInmuebleConstrucciones SELECT * FROM fInmuebleConstrucciones (pIdInmConstruccion, pFolio, pTipoConstruccion, pIdTipoConstruccion, pSuperficie, pDescripcionModulo, pNivelTipo, pIdUsoConstruccion, pIdRangoNivelTGDF, pEdad, pIdEstadoConservacion, pIndiviso, pUsuarioOperacion);
2020-08-24 13:18:44 info: SELECT * FROM fInmuebleConstrucciones(0,  'FOLIO_PRUEBA_0033',  'P', 2, (85.50::decimal), 'VIVIENDA 1 POSTMAN001', (1::smallint), 'J',  '02', 6, (2::smallint),(0::decimal),5);
2020-08-24 13:18:44 info:  [descGralInmueble.js] [Usuario: 8] METODO: BdInmuebleConstrucciones RESULTADO: [{"resultado":true,"mensaje":"Operación exitosa","idinmconstruccion":17,"folio":"FOLIO_PRUEBA_0033","tipoconstruccion":"P","idtipoconstruccion":2,"superficie":"85.50","descripcionmodulo":"VIVIENDA 1 POSTMAN001","niveltipo":1,"idusoconstruccion":"J","idrangoniveltgdf":"02","clasef":"U","puntajef":"0.00","edad":6,"idestadoconservacion":2,"indiviso":null,"idclaseconstruccionf":null,"estadogralconservacionf":null,"vidaminimaremanentef":null,"indicecostosremanentef":null,"totalpuntosajustadosf":null,"clasesm":null,"puntajesm":null}]
2020-08-24 13:18:44 info:  [descGralInmueble.js] [Usuario: 5] METODO: InmuebleConstrucciones RESPUESTA: ok = true, mensaje = "Operación exitosa", codigo = AV200
2020-08-24 13:21:29 info:  [descGralInmueble.js] [Usuario: 5] METODO: InmuebleConstrucciones
2020-08-24 13:21:29 info:  [descGralInmueble.js] [Usuario: 5] METODO: InmuebleConstrucciones, PARAMETROS DE ENTRADA -->  0, FOLIO_PRUEBA_0033, P, 2, 85.50, VIVIENDA 1 POSTMAN001, 1, J, 02, 6, 2, , 5
2020-08-24 13:21:29 info:  [descGralInmueble.js] [Usuario: 8] METODO: BdInmuebleConstrucciones 
2020-08-24 13:21:29 info:  [descGralInmueble.js] [Usuario: 8] METODO: BdInmuebleConstrucciones SELECT * FROM fInmuebleConstrucciones (pIdInmConstruccion, pFolio, pTipoConstruccion, pIdTipoConstruccion, pSuperficie, pDescripcionModulo, pNivelTipo, pIdUsoConstruccion, pIdRangoNivelTGDF, pEdad, pIdEstadoConservacion, pIndiviso, pUsuarioOperacion);
2020-08-24 13:21:29 info: SELECT * FROM fInmuebleConstrucciones(0,  'FOLIO_PRUEBA_0033',  'P', 2, (85.50::decimal), 'VIVIENDA 1 POSTMAN001', (1::smallint), 'J',  '02', 6, (2::smallint),(0::decimal),5);
2020-08-24 13:21:29 info:  [descGralInmueble.js] [Usuario: 8] METODO: BdInmuebleConstrucciones RESULTADO: [{"resultado":true,"mensaje":"Operación exitosa","idinmconstruccion":18,"folio":"FOLIO_PRUEBA_0033","tipoconstruccion":"P","idtipoconstruccion":2,"superficie":"85.50","descripcionmodulo":"VIVIENDA 1 POSTMAN001","niveltipo":1,"idusoconstruccion":"J","idrangoniveltgdf":"02","clasef":"U","puntajef":"0.00","edad":6,"idestadoconservacion":2,"indiviso":null,"idclaseconstruccionf":null,"estadogralconservacionf":null,"vidaminimaremanentef":null,"indicecostosremanentef":null,"totalpuntosajustadosf":null,"clasesm":null,"puntajesm":null}]
2020-08-24 13:21:29 info:  [descGralInmueble.js] [Usuario: 5] METODO: InmuebleConstrucciones RESPUESTA: ok = true, mensaje = "Operación exitosa", codigo = AV200
2020-08-24 13:21:29 info:  [descGralInmueble.js] ERROR: ReferenceError: resultadoDat is not defined
2020-08-24 13:22:42 info:  [descGralInmueble.js] [Usuario: 5] METODO: InmuebleConstrucciones
2020-08-24 13:22:42 info:  [descGralInmueble.js] [Usuario: 5] METODO: InmuebleConstrucciones, PARAMETROS DE ENTRADA -->  0, FOLIO_PRUEBA_0033, P, 2, 85.50, VIVIENDA 1 POSTMAN001, 1, J, 02, 6, 2, , 5
2020-08-24 13:22:42 info:  [descGralInmueble.js] [Usuario: 8] METODO: BdInmuebleConstrucciones 
2020-08-24 13:22:42 info:  [descGralInmueble.js] [Usuario: 8] METODO: BdInmuebleConstrucciones SELECT * FROM fInmuebleConstrucciones (pIdInmConstruccion, pFolio, pTipoConstruccion, pIdTipoConstruccion, pSuperficie, pDescripcionModulo, pNivelTipo, pIdUsoConstruccion, pIdRangoNivelTGDF, pEdad, pIdEstadoConservacion, pIndiviso, pUsuarioOperacion);
2020-08-24 13:22:42 info: SELECT * FROM fInmuebleConstrucciones(0,  'FOLIO_PRUEBA_0033',  'P', 2, (85.50::decimal), 'VIVIENDA 1 POSTMAN001', (1::smallint), 'J',  '02', 6, (2::smallint),(0::decimal),5);
2020-08-24 13:22:42 info:  [descGralInmueble.js] [Usuario: 8] METODO: BdInmuebleConstrucciones RESULTADO: [{"resultado":true,"mensaje":"Operación exitosa","idinmconstruccion":19,"folio":"FOLIO_PRUEBA_0033","tipoconstruccion":"P","idtipoconstruccion":2,"superficie":"85.50","descripcionmodulo":"VIVIENDA 1 POSTMAN001","niveltipo":1,"idusoconstruccion":"J","idrangoniveltgdf":"02","clasef":"U","puntajef":"0.00","edad":6,"idestadoconservacion":2,"indiviso":null,"idclaseconstruccionf":null,"estadogralconservacionf":null,"vidaminimaremanentef":null,"indicecostosremanentef":null,"totalpuntosajustadosf":null,"clasesm":null,"puntajesm":null}]
2020-08-24 13:22:42 info:  [descGralInmueble.js] [Usuario: 5] METODO: InmuebleConstrucciones RESPUESTA: ok = true, mensaje = "Operación exitosa", codigo = AV200
2020-08-24 13:23:36 info:  [descGralInmueble.js] [Usuario: 5] METODO: InmuebleConstrucciones
2020-08-24 13:23:36 info:  [descGralInmueble.js] [Usuario: 5] METODO: InmuebleConstrucciones, PARAMETROS DE ENTRADA -->  19, FOLIO_PRUEBA_0033, P, 2, 85.50, VIVIENDA 1 POSTMAN001 -- ya funcionó la prueba, 1, J, 02, 6, 2, , 5
2020-08-24 13:23:36 info:  [descGralInmueble.js] [Usuario: 8] METODO: BdInmuebleConstrucciones 
2020-08-24 13:23:36 info:  [descGralInmueble.js] [Usuario: 8] METODO: BdInmuebleConstrucciones SELECT * FROM fInmuebleConstrucciones (pIdInmConstruccion, pFolio, pTipoConstruccion, pIdTipoConstruccion, pSuperficie, pDescripcionModulo, pNivelTipo, pIdUsoConstruccion, pIdRangoNivelTGDF, pEdad, pIdEstadoConservacion, pIndiviso, pUsuarioOperacion);
2020-08-24 13:23:36 info: SELECT * FROM fInmuebleConstrucciones(19,  'FOLIO_PRUEBA_0033',  'P', 2, (85.50::decimal), 'VIVIENDA 1 POSTMAN001 -- ya funcionó la prueba', (1::smallint), 'J',  '02', 6, (2::smallint),(0::decimal),5);
2020-08-24 13:23:36 info:  [descGralInmueble.js] [Usuario: 8] METODO: BdInmuebleConstrucciones RESULTADO: [{"resultado":true,"mensaje":"Operación exitosa","idinmconstruccion":19,"folio":"FOLIO_PRUEBA_0033","tipoconstruccion":"P","idtipoconstruccion":2,"superficie":"85.50","descripcionmodulo":"VIVIENDA 1 POSTMAN001 -- ya funcionó la prueba","niveltipo":1,"idusoconstruccion":"J","idrangoniveltgdf":"02","clasef":"U","puntajef":"0.00","edad":6,"idestadoconservacion":2,"indiviso":null,"idclaseconstruccionf":null,"estadogralconservacionf":null,"vidaminimaremanentef":null,"indicecostosremanentef":null,"totalpuntosajustadosf":null,"clasesm":null,"puntajesm":null}]
2020-08-24 13:23:36 info:  [descGralInmueble.js] [Usuario: 5] METODO: InmuebleConstrucciones RESPUESTA: ok = true, mensaje = "Operación exitosa", codigo = AV200
2020-08-24 13:23:50 info:  [descGralInmueble.js] [Usuario: 5] METODO: InmuebleConstrucciones
2020-08-24 13:23:50 info:  [descGralInmueble.js] [Usuario: 5] METODO: InmuebleConstrucciones, PARAMETROS DE ENTRADA -->  19, FOLIO_PRUEBA_0033, H, 2, 85.50, VIVIENDA 1 POSTMAN001 -- ya funcionó la prueba, 1, J, 02, 6, 2, , 5
2020-08-24 13:23:50 info:  [descGralInmueble.js] [Usuario: 8] METODO: BdInmuebleConstrucciones 
2020-08-24 13:23:50 info:  [descGralInmueble.js] [Usuario: 8] METODO: BdInmuebleConstrucciones SELECT * FROM fInmuebleConstrucciones (pIdInmConstruccion, pFolio, pTipoConstruccion, pIdTipoConstruccion, pSuperficie, pDescripcionModulo, pNivelTipo, pIdUsoConstruccion, pIdRangoNivelTGDF, pEdad, pIdEstadoConservacion, pIndiviso, pUsuarioOperacion);
2020-08-24 13:23:50 info: SELECT * FROM fInmuebleConstrucciones(19,  'FOLIO_PRUEBA_0033',  'H', 2, (85.50::decimal), 'VIVIENDA 1 POSTMAN001 -- ya funcionó la prueba', (1::smallint), 'J',  '02', 6, (2::smallint),(0::decimal),5);
2020-08-24 13:23:50 info:  [descGralInmueble.js] [Usuario: 8] METODO: BdInmuebleConstrucciones RESULTADO: [{"resultado":true,"mensaje":"Operación exitosa","idinmconstruccion":19,"folio":"FOLIO_PRUEBA_0033","tipoconstruccion":"P","idtipoconstruccion":2,"superficie":"85.50","descripcionmodulo":"VIVIENDA 1 POSTMAN001 -- ya funcionó la prueba","niveltipo":1,"idusoconstruccion":"J","idrangoniveltgdf":"02","clasef":"U","puntajef":"0.00","edad":6,"idestadoconservacion":2,"indiviso":null,"idclaseconstruccionf":null,"estadogralconservacionf":null,"vidaminimaremanentef":null,"indicecostosremanentef":null,"totalpuntosajustadosf":null,"clasesm":null,"puntajesm":null}]
2020-08-24 13:23:50 info:  [descGralInmueble.js] [Usuario: 5] METODO: InmuebleConstrucciones RESPUESTA: ok = true, mensaje = "Operación exitosa", codigo = AV200
2020-08-24 13:25:03 info:  [descGralInmueble.js] [Usuario: 5] METODO: InmuebleConstrucciones
2020-08-24 13:25:03 info:  [descGralInmueble.js] [Usuario: 5] METODO: InmuebleConstrucciones, PARAMETROS DE ENTRADA -->  19, FOLIO_PRUEBA_0033, P, 2, 85.50, VIVIENDA 1 POSTMAN001 -- ya funcionó la prueba, 1, H, 02, 6, 2, , 5
2020-08-24 13:25:03 info:  [descGralInmueble.js] [Usuario: 8] METODO: BdInmuebleConstrucciones 
2020-08-24 13:25:03 info:  [descGralInmueble.js] [Usuario: 8] METODO: BdInmuebleConstrucciones SELECT * FROM fInmuebleConstrucciones (pIdInmConstruccion, pFolio, pTipoConstruccion, pIdTipoConstruccion, pSuperficie, pDescripcionModulo, pNivelTipo, pIdUsoConstruccion, pIdRangoNivelTGDF, pEdad, pIdEstadoConservacion, pIndiviso, pUsuarioOperacion);
2020-08-24 13:25:03 info: SELECT * FROM fInmuebleConstrucciones(19,  'FOLIO_PRUEBA_0033',  'P', 2, (85.50::decimal), 'VIVIENDA 1 POSTMAN001 -- ya funcionó la prueba', (1::smallint), 'H',  '02', 6, (2::smallint),(0::decimal),5);
2020-08-24 13:25:03 info:  [descGralInmueble.js] [Usuario: 8] METODO: BdInmuebleConstrucciones RESULTADO: [{"resultado":true,"mensaje":"Operación exitosa","idinmconstruccion":19,"folio":"FOLIO_PRUEBA_0033","tipoconstruccion":"P","idtipoconstruccion":2,"superficie":"85.50","descripcionmodulo":"VIVIENDA 1 POSTMAN001 -- ya funcionó la prueba","niveltipo":1,"idusoconstruccion":"H","idrangoniveltgdf":"02","clasef":null,"puntajef":"0.00","edad":6,"idestadoconservacion":2,"indiviso":null,"idclaseconstruccionf":null,"estadogralconservacionf":null,"vidaminimaremanentef":null,"indicecostosremanentef":null,"totalpuntosajustadosf":null,"clasesm":null,"puntajesm":null}]
2020-08-24 13:25:03 info:  [descGralInmueble.js] [Usuario: 5] METODO: InmuebleConstrucciones RESPUESTA: ok = true, mensaje = "Operación exitosa", codigo = AV200
2020-08-24 13:26:18 info:  [descGralInmueble.js] [Usuario: 5] METODO: InmuebleConstrucciones
2020-08-24 13:26:18 info:  [descGralInmueble.js] [Usuario: 5] METODO: InmuebleConstrucciones, PARAMETROS DE ENTRADA -->  0, FOLIO_PRUEBA_0033, C, 2, 85.50, PASILLO 001 POSTMAN001, 1, H, 02, 6, 2, , 5
2020-08-24 13:26:18 error:  [descGralInmueble.js] [Usuario: 5] METODO: InmuebleConstrucciones  No es válido el valor indicado para el dato: Indiviso
2020-08-24 13:26:28 info:  [descGralInmueble.js] [Usuario: 5] METODO: InmuebleConstrucciones
2020-08-24 13:26:28 info:  [descGralInmueble.js] [Usuario: 5] METODO: InmuebleConstrucciones, PARAMETROS DE ENTRADA -->  0, FOLIO_PRUEBA_0033, C, 2, 85.50, PASILLO 001 POSTMAN001, 1, H, 02, 6, 2, 15, 5
2020-08-24 13:26:28 info:  [descGralInmueble.js] [Usuario: 8] METODO: BdInmuebleConstrucciones 
2020-08-24 13:26:28 info:  [descGralInmueble.js] [Usuario: 8] METODO: BdInmuebleConstrucciones SELECT * FROM fInmuebleConstrucciones (pIdInmConstruccion, pFolio, pTipoConstruccion, pIdTipoConstruccion, pSuperficie, pDescripcionModulo, pNivelTipo, pIdUsoConstruccion, pIdRangoNivelTGDF, pEdad, pIdEstadoConservacion, pIndiviso, pUsuarioOperacion);
2020-08-24 13:26:28 info: SELECT * FROM fInmuebleConstrucciones(0,  'FOLIO_PRUEBA_0033',  'C', 2, (85.50::decimal), 'PASILLO 001 POSTMAN001', (1::smallint), 'H',  '02', 6, (2::smallint),(15::decimal),5);
2020-08-24 13:26:28 info:  [descGralInmueble.js] [Usuario: 8] METODO: BdInmuebleConstrucciones RESULTADO: [{"resultado":true,"mensaje":"Operación exitosa","idinmconstruccion":20,"folio":"FOLIO_PRUEBA_0033","tipoconstruccion":"C","idtipoconstruccion":2,"superficie":"85.50","descripcionmodulo":"PASILLO 001 POSTMAN001","niveltipo":1,"idusoconstruccion":"H","idrangoniveltgdf":"02","clasef":null,"puntajef":"0.00","edad":6,"idestadoconservacion":2,"indiviso":"15.000","idclaseconstruccionf":null,"estadogralconservacionf":null,"vidaminimaremanentef":null,"indicecostosremanentef":null,"totalpuntosajustadosf":null,"clasesm":null,"puntajesm":null}]
2020-08-24 13:26:28 info:  [descGralInmueble.js] [Usuario: 5] METODO: InmuebleConstrucciones RESPUESTA: ok = true, mensaje = "Operación exitosa", codigo = AV200
2020-08-24 13:26:44 info:  [descGralInmueble.js] [Usuario: 5] METODO: InmuebleConstrucciones
2020-08-24 13:26:44 info:  [descGralInmueble.js] [Usuario: 5] METODO: InmuebleConstrucciones, PARAMETROS DE ENTRADA -->  0, FOLIO_PRUEBA_0033, C, 2, 85.50, PASILLO 001 POSTMAN001, 1, J, 02, 6, 2, 15, 5
2020-08-24 13:26:44 info:  [descGralInmueble.js] [Usuario: 8] METODO: BdInmuebleConstrucciones 
2020-08-24 13:26:44 info:  [descGralInmueble.js] [Usuario: 8] METODO: BdInmuebleConstrucciones SELECT * FROM fInmuebleConstrucciones (pIdInmConstruccion, pFolio, pTipoConstruccion, pIdTipoConstruccion, pSuperficie, pDescripcionModulo, pNivelTipo, pIdUsoConstruccion, pIdRangoNivelTGDF, pEdad, pIdEstadoConservacion, pIndiviso, pUsuarioOperacion);
2020-08-24 13:26:44 info: SELECT * FROM fInmuebleConstrucciones(0,  'FOLIO_PRUEBA_0033',  'C', 2, (85.50::decimal), 'PASILLO 001 POSTMAN001', (1::smallint), 'J',  '02', 6, (2::smallint),(15::decimal),5);
2020-08-24 13:26:44 info:  [descGralInmueble.js] [Usuario: 8] METODO: BdInmuebleConstrucciones RESULTADO: [{"resultado":true,"mensaje":"Operación exitosa","idinmconstruccion":21,"folio":"FOLIO_PRUEBA_0033","tipoconstruccion":"C","idtipoconstruccion":2,"superficie":"85.50","descripcionmodulo":"PASILLO 001 POSTMAN001","niveltipo":1,"idusoconstruccion":"J","idrangoniveltgdf":"02","clasef":"U","puntajef":"0.00","edad":6,"idestadoconservacion":2,"indiviso":"15.000","idclaseconstruccionf":null,"estadogralconservacionf":null,"vidaminimaremanentef":null,"indicecostosremanentef":null,"totalpuntosajustadosf":null,"clasesm":null,"puntajesm":null}]
2020-08-24 13:26:44 info:  [descGralInmueble.js] [Usuario: 5] METODO: InmuebleConstrucciones RESPUESTA: ok = true, mensaje = "Operación exitosa", codigo = AV200
2020-08-24 21:04:55 info:  [autenticacion.js] METODO: verificaToken  Error: Se generó un error en la verificación del token solicitado de /InmuebleConstrucciones
2020-08-24 21:06:19 info:  [descGralInmueble.js] [Usuario: 5] METODO: InmuebleConstrucciones
2020-08-24 21:06:19 info:  [descGralInmueble.js] [Usuario: 5] METODO: InmuebleConstrucciones, PARAMETROS DE ENTRADA -->  0, FOLIO_PRUEBA_0033, C, 2, 85.50, PASILLO 002 POSTMAN002, 1, J, 02, 6, 2, 15, 5
2020-08-24 21:06:19 info:  [descGralInmueble.js] [Usuario: 5] METODO: BdInmuebleConstrucciones 
2020-08-24 21:06:19 info:  [descGralInmueble.js] [Usuario: 5] METODO: BdInmuebleConstrucciones SELECT * FROM fInmuebleConstrucciones (pIdInmConstruccion, pFolio, pTipoConstruccion, pIdTipoConstruccion, pSuperficie, pDescripcionModulo, pNivelTipo, pIdUsoConstruccion, pIdRangoNivelTGDF, pEdad, pIdEstadoConservacion, pIndiviso, pUsuarioOperacion);
2020-08-24 21:06:19 info: SELECT * FROM fInmuebleConstrucciones(0,  'FOLIO_PRUEBA_0033',  'C', 2, (85.50::decimal), 'PASILLO 002 POSTMAN002', (1::smallint), 'J',  '02', 6, (2::smallint),(15::decimal),5);
2020-08-24 21:06:20 info:  [descGralInmueble.js] [Usuario: 5] METODO: BdInmuebleConstrucciones RESULTADO: [{"resultado":true,"mensaje":"Operación exitosa","idinmconstruccion":22,"folio":"FOLIO_PRUEBA_0033","tipoconstruccion":"C","idtipoconstruccion":2,"superficie":"85.50","descripcionmodulo":"PASILLO 002 POSTMAN002","niveltipo":1,"idusoconstruccion":"J","idrangoniveltgdf":"02","clasef":"U","puntajef":"0.00","edad":6,"idestadoconservacion":2,"indiviso":"15.000","idclaseconstruccionf":null,"estadogralconservacionf":null,"vidaminimaremanentef":null,"indicecostosremanentef":null,"totalpuntosajustadosf":null,"clasesm":null,"puntajesm":null}]
2020-08-24 21:06:20 info:  [descGralInmueble.js] [Usuario: 5] METODO: InmuebleConstrucciones RESPUESTA: ok = true, mensaje = "Operación exitosa", codigo = AV200
2020-08-24 21:08:18 info:  [descGralInmueble.js] [Usuario: 5] METODO: consultaInmuebleConstruc
2020-08-24 21:08:18 info:  [descGralInmueble.js] [Usuario: 5] METODO: consultaInmuebleConstruc, PARAMETROS DE ENTRADA --> undefined
2020-08-24 21:08:18 error:  [descGralInmueble.js] [Usuario: 5] METODO: consultaInmuebleConstruc , No es válido el valor indicado para el dato: Folio, No es válido el valor indicado para el dato: Tipo Construcción
2020-08-24 21:09:31 info:  [descGralInmueble.js] [Usuario: 5] METODO: consultaInmuebleConstruc
2020-08-24 21:09:31 info:  [descGralInmueble.js] [Usuario: 5] METODO: consultaInmuebleConstruc, PARAMETROS DE ENTRADA --> FOLIO_PRUEBA_0033
2020-08-24 21:09:31 error:  [descGralInmueble.js] [Usuario: 5] METODO: consultaInmuebleConstruc , No es válido el valor indicado para el dato: Tipo Construcción
2020-08-24 21:09:48 info:  [descGralInmueble.js] [Usuario: 5] METODO: consultaInmuebleConstruc
2020-08-24 21:09:48 info:  [descGralInmueble.js] [Usuario: 5] METODO: consultaInmuebleConstruc, PARAMETROS DE ENTRADA --> FOLIO_PRUEBA_0033
2020-08-24 21:09:48 error:  [descGralInmueble.js] [Usuario: 5] METODO: consultaInmuebleConstruc , No es válido el valor indicado para el dato: Tipo Construcción
2020-08-24 21:09:55 info:  [descGralInmueble.js] [Usuario: 5] METODO: consultaInmuebleConstruc
2020-08-24 21:09:55 info:  [descGralInmueble.js] [Usuario: 5] METODO: consultaInmuebleConstruc, PARAMETROS DE ENTRADA --> FOLIO_PRUEBA_0033
2020-08-24 21:09:55 info:  [descGralInmueble.js] [Usuario: 5] METODO: BdInmuebleConstruc 
2020-08-24 21:09:55 info:  [descGralInmueble.js] [Usuario: 5] METODO: BdInmuebleConstruc SELECT * FROM fConsultaInmuebleConstrucciones (FOLIO_PRUEBA_0033, C);
2020-08-24 21:09:55 info:  [descGralInmueble.js] [Usuario: 5] METODO: BdInmuebleConstruc ERROR: no existe la columna «folio_prueba_0033» CODIGO_BD(42703)
2020-08-24 21:09:55 info:  [descGralInmueble.js] [Usuario: 5] METODO: consultaInmuebleConstruc RESPUESTA: ok = false, mensaje = no existe la columna «folio_prueba_0033» CODIGO_BD(42703)
2020-08-24 21:11:38 info:  [descGralInmueble.js] [Usuario: 5] METODO: consultaInmuebleConstruc
2020-08-24 21:11:38 info:  [descGralInmueble.js] [Usuario: 5] METODO: consultaInmuebleConstruc, PARAMETROS DE ENTRADA --> FOLIO_PRUEBA_0033
2020-08-24 21:11:38 info:  [descGralInmueble.js]  ERROR: ReferenceError: BdInmuebleConstruc is not defined
2020-08-24 21:12:04 info:  [descGralInmueble.js] [Usuario: 5] METODO: consultaInmuebleConstruc
2020-08-24 21:12:04 info:  [descGralInmueble.js] [Usuario: 5] METODO: consultaInmuebleConstruc, PARAMETROS DE ENTRADA --> FOLIO_PRUEBA_0033
2020-08-24 21:12:04 info:  [descGralInmueble.js] [Usuario: 5] METODO: BdConsultaInmuebleConstruc 
2020-08-24 21:12:04 info:  [descGralInmueble.js] [Usuario: 5] METODO: BdConsultaInmuebleConstruc SELECT * FROM fConsultaInmuebleConstrucciones ('FOLIO_PRUEBA_0033', 'C');
2020-08-24 21:12:05 info:  [descGralInmueble.js] [Usuario: 5] METODO: BdConsultaInmuebleConstruc RESULTADO: [{"idinmconstruccion":22,"folio":"FOLIO_PRUEBA_0033","tipoconstruccion":"C","idtipoconstruccion":2,"superficie":"85.50","descripcionmodulo":"PASILLO 002 POSTMAN002","niveltipo":1,"idusoconstruccion":"J","idrangoniveltgdf":"02","clasef":"U","puntajef":"0.00","edad":6,"idestadoconservacion":2,"indiviso":"15.000","idclaseconstruccionf":null,"estadogralconservacionf":null,"vidaminimaremanentef":null,"indicecostosremanentef":null,"totalpuntosajustadosf":null,"clasesm":null,"puntajesm":null},{"idinmconstruccion":20,"folio":"FOLIO_PRUEBA_0033","tipoconstruccion":"C","idtipoconstruccion":2,"superficie":"85.50","descripcionmodulo":"PASILLO 001 POSTMAN001","niveltipo":1,"idusoconstruccion":"H","idrangoniveltgdf":"02","clasef":null,"puntajef":"0.00","edad":6,"idestadoconservacion":2,"indiviso":"15.000","idclaseconstruccionf":null,"estadogralconservacionf":null,"vidaminimaremanentef":null,"indicecostosremanentef":null,"totalpuntosajustadosf":null,"clasesm":null,"puntajesm":null},{"idinmconstruccion":21,"folio":"FOLIO_PRUEBA_0033","tipoconstruccion":"C","idtipoconstruccion":2,"superficie":"85.50","descripcionmodulo":"PASILLO 001 POSTMAN001","niveltipo":1,"idusoconstruccion":"J","idrangoniveltgdf":"02","clasef":"U","puntajef":"0.00","edad":6,"idestadoconservacion":2,"indiviso":"15.000","idclaseconstruccionf":null,"estadogralconservacionf":null,"vidaminimaremanentef":null,"indicecostosremanentef":null,"totalpuntosajustadosf":null,"clasesm":null,"puntajesm":null}]
2020-08-24 21:12:05 info:  [descGralInmueble.js] [Usuario: 5] METODO: consultaInmuebleConstruc RESPUESTA: ok = true, mensaje = Consulta exitosa, codigo =  AV200
2020-08-24 21:12:19 info:  [descGralInmueble.js] [Usuario: 5] METODO: consultaInmuebleConstruc
2020-08-24 21:12:19 info:  [descGralInmueble.js] [Usuario: 5] METODO: consultaInmuebleConstruc, PARAMETROS DE ENTRADA --> FOLIO_PRUEBA_0033
2020-08-24 21:12:19 info:  [descGralInmueble.js] [Usuario: 5] METODO: BdConsultaInmuebleConstruc 
2020-08-24 21:12:19 info:  [descGralInmueble.js] [Usuario: 5] METODO: BdConsultaInmuebleConstruc SELECT * FROM fConsultaInmuebleConstrucciones ('FOLIO_PRUEBA_0033', 'P');
2020-08-24 21:12:19 info:  [descGralInmueble.js] [Usuario: 5] METODO: BdConsultaInmuebleConstruc RESULTADO: [{"idinmconstruccion":2,"folio":"FOLIO_PRUEBA_0033","tipoconstruccion":"P","idtipoconstruccion":1,"superficie":"25.05","descripcionmodulo":"VIVIENDA 02 ","niveltipo":1,"idusoconstruccion":"H","idrangoniveltgdf":"02","clasef":null,"puntajef":"0.00","edad":15,"idestadoconservacion":1,"indiviso":"1.000","idclaseconstruccionf":null,"estadogralconservacionf":null,"vidaminimaremanentef":null,"indicecostosremanentef":null,"totalpuntosajustadosf":null,"clasesm":null,"puntajesm":null},{"idinmconstruccion":1,"folio":"FOLIO_PRUEBA_0033","tipoconstruccion":"P","idtipoconstruccion":1,"superficie":"15.11","descripcionmodulo":"VIVIENDA 0001 ","niveltipo":1,"idusoconstruccion":"H","idrangoniveltgdf":"02","clasef":null,"puntajef":"0.00","edad":15,"idestadoconservacion":1,"indiviso":"1.000","idclaseconstruccionf":null,"estadogralconservacionf":null,"vidaminimaremanentef":null,"indicecostosremanentef":null,"totalpuntosajustadosf":null,"clasesm":null,"puntajesm":null},{"idinmconstruccion":6,"folio":"FOLIO_PRUEBA_0033","tipoconstruccion":"P","idtipoconstruccion":1,"superficie":"35.11","descripcionmodulo":"VIVIENDA 0003 modifi ","niveltipo":1,"idusoconstruccion":"H","idrangoniveltgdf":"02","clasef":null,"puntajef":"0.00","edad":15,"idestadoconservacion":1,"indiviso":"1.000","idclaseconstruccionf":null,"estadogralconservacionf":null,"vidaminimaremanentef":null,"indicecostosremanentef":null,"totalpuntosajustadosf":null,"clasesm":null,"puntajesm":null},{"idinmconstruccion":10,"folio":"FOLIO_PRUEBA_0033","tipoconstruccion":"P","idtipoconstruccion":1,"superficie":"35.11","descripcionmodulo":"Pruebas node 00 ","niveltipo":1,"idusoconstruccion":"H","idrangoniveltgdf":"02","clasef":null,"puntajef":"0.00","edad":15,"idestadoconservacion":1,"indiviso":null,"idclaseconstruccionf":null,"estadogralconservacionf":null,"vidaminimaremanentef":null,"indicecostosremanentef":null,"totalpuntosajustadosf":null,"clasesm":null,"puntajesm":null},{"idinmconstruccion":11,"folio":"FOLIO_PRUEBA_0033","tipoconstruccion":"P","idtipoconstruccion":1,"superficie":"35.11","descripcionmodulo":"Pruebas node 00 ","niveltipo":1,"idusoconstruccion":"P","idrangoniveltgdf":"02","clasef":"U","puntajef":"0.00","edad":15,"idestadoconservacion":1,"indiviso":null,"idclaseconstruccionf":null,"estadogralconservacionf":null,"vidaminimaremanentef":null,"indicecostosremanentef":null,"totalpuntosajustadosf":null,"clasesm":null,"puntajesm":null},{"idinmconstruccion":13,"folio":"FOLIO_PRUEBA_0033","tipoconstruccion":"P","idtipoconstruccion":2,"superficie":"85.50","descripcionmodulo":"VIVIENDA 1 POSTMAN001","niveltipo":1,"idusoconstruccion":"J","idrangoniveltgdf":"02","clasef":"U","puntajef":"0.00","edad":6,"idestadoconservacion":2,"indiviso":null,"idclaseconstruccionf":null,"estadogralconservacionf":null,"vidaminimaremanentef":null,"indicecostosremanentef":null,"totalpuntosajustadosf":null,"clasesm":null,"puntajesm":null},{"idinmconstruccion":14,"folio":"FOLIO_PRUEBA_0033","tipoconstruccion":"P","idtipoconstruccion":2,"superficie":"85.50","descripcionmodulo":"VIVIENDA 1 POSTMAN001","niveltipo":1,"idusoconstruccion":"J","idrangoniveltgdf":"02","clasef":"U","puntajef":"0.00","edad":6,"idestadoconservacion":2,"indiviso":null,"idclaseconstruccionf":null,"estadogralconservacionf":null,"vidaminimaremanentef":null,"indicecostosremanentef":null,"totalpuntosajustadosf":null,"clasesm":null,"puntajesm":null},{"idinmconstruccion":15,"folio":"FOLIO_PRUEBA_0033","tipoconstruccion":"P","idtipoconstruccion":2,"superficie":"85.50","descripcionmodulo":"VIVIENDA 1 POSTMAN001","niveltipo":1,"idusoconstruccion":"J","idrangoniveltgdf":"02","clasef":"U","puntajef":"0.00","edad":6,"idestadoconservacion":2,"indiviso":null,"idclaseconstruccionf":null,"estadogralconservacionf":null,"vidaminimaremanentef":null,"indicecostosremanentef":null,"totalpuntosajustadosf":null,"clasesm":null,"puntajesm":null},{"idinmconstruccion":16,"folio":"FOLIO_PRUEBA_0033","tipoconstruccion":"P","idtipoconstruccion":2,"superficie":"85.50","descripcionmodulo":"VIVIENDA 1 POSTMAN001","niveltipo":1,"idusoconstruccion":"J","idrangoniveltgdf":"02","clasef":"U","puntajef":"0.00","edad":6,"idestadoconservacion":2,"indiviso":null,"idclaseconstruccionf":null,"estadogralconservacionf":null,"vidaminimaremanentef":null,"indicecostosremanentef":null,"totalpuntosajustadosf":null,"clasesm":null,"puntajesm":null},{"idinmconstruccion":17,"folio":"FOLIO_PRUEBA_0033","tipoconstruccion":"P","idtipoconstruccion":2,"superficie":"85.50","descripcionmodulo":"VIVIENDA 1 POSTMAN001","niveltipo":1,"idusoconstruccion":"J","idrangoniveltgdf":"02","clasef":"U","puntajef":"0.00","edad":6,"idestadoconservacion":2,"indiviso":null,"idclaseconstruccionf":null,"estadogralconservacionf":null,"vidaminimaremanentef":null,"indicecostosremanentef":null,"totalpuntosajustadosf":null,"clasesm":null,"puntajesm":null},{"idinmconstruccion":18,"folio":"FOLIO_PRUEBA_0033","tipoconstruccion":"P","idtipoconstruccion":2,"superficie":"85.50","descripcionmodulo":"VIVIENDA 1 POSTMAN001","niveltipo":1,"idusoconstruccion":"J","idrangoniveltgdf":"02","clasef":"U","puntajef":"0.00","edad":6,"idestadoconservacion":2,"indiviso":null,"idclaseconstruccionf":null,"estadogralconservacionf":null,"vidaminimaremanentef":null,"indicecostosremanentef":null,"totalpuntosajustadosf":null,"clasesm":null,"puntajesm":null},{"idinmconstruccion":19,"folio":"FOLIO_PRUEBA_0033","tipoconstruccion":"P","idtipoconstruccion":2,"superficie":"85.50","descripcionmodulo":"VIVIENDA 1 POSTMAN001 -- ya funcionó la prueba","niveltipo":1,"idusoconstruccion":"H","idrangoniveltgdf":"02","clasef":null,"puntajef":"0.00","edad":6,"idestadoconservacion":2,"indiviso":null,"idclaseconstruccionf":null,"estadogralconservacionf":null,"vidaminimaremanentef":null,"indicecostosremanentef":null,"totalpuntosajustadosf":null,"clasesm":null,"puntajesm":null}]
2020-08-24 21:12:19 info:  [descGralInmueble.js] [Usuario: 5] METODO: consultaInmuebleConstruc RESPUESTA: ok = true, mensaje = Consulta exitosa, codigo =  AV200
2020-08-24 21:19:43 info:  [descGralInmueble.js] [Usuario: 5] METODO: consultaInmuebleConstruc
2020-08-24 21:19:43 info:  [descGralInmueble.js] [Usuario: 5] METODO: consultaInmuebleConstruc, PARAMETROS DE ENTRADA --> FOLIO_PRUEBA_0033
2020-08-24 21:19:43 info:  [descGralInmueble.js] [Usuario: 5] METODO: BdConsultaInmuebleConstruc 
2020-08-24 21:19:43 info:  [descGralInmueble.js] [Usuario: 5] METODO: BdConsultaInmuebleConstruc SELECT * FROM fConsultaInmuebleConstrucciones ('FOLIO_PRUEBA_0033', 'P');
2020-08-24 21:19:43 info:  [descGralInmueble.js] [Usuario: 5] METODO: BdConsultaInmuebleConstruc RESULTADO: [{"idinmconstruccion":2,"folio":"FOLIO_PRUEBA_0033","tipoconstruccion":"P","idtipoconstruccion":1,"superficie":"25.05","descripcionmodulo":"VIVIENDA 02 ","niveltipo":1,"idusoconstruccion":"H","idrangoniveltgdf":"02","clasef":null,"puntajef":"0.00","edad":15,"idestadoconservacion":1,"indiviso":"1.000","idclaseconstruccionf":null,"estadogralconservacionf":null,"vidaminimaremanentef":null,"indicecostosremanentef":null,"totalpuntosajustadosf":null,"clasesm":null,"puntajesm":null},{"idinmconstruccion":1,"folio":"FOLIO_PRUEBA_0033","tipoconstruccion":"P","idtipoconstruccion":1,"superficie":"15.11","descripcionmodulo":"VIVIENDA 0001 ","niveltipo":1,"idusoconstruccion":"H","idrangoniveltgdf":"02","clasef":null,"puntajef":"0.00","edad":15,"idestadoconservacion":1,"indiviso":"1.000","idclaseconstruccionf":null,"estadogralconservacionf":null,"vidaminimaremanentef":null,"indicecostosremanentef":null,"totalpuntosajustadosf":null,"clasesm":null,"puntajesm":null},{"idinmconstruccion":6,"folio":"FOLIO_PRUEBA_0033","tipoconstruccion":"P","idtipoconstruccion":1,"superficie":"35.11","descripcionmodulo":"VIVIENDA 0003 modifi ","niveltipo":1,"idusoconstruccion":"H","idrangoniveltgdf":"02","clasef":null,"puntajef":"0.00","edad":15,"idestadoconservacion":1,"indiviso":"1.000","idclaseconstruccionf":null,"estadogralconservacionf":null,"vidaminimaremanentef":null,"indicecostosremanentef":null,"totalpuntosajustadosf":null,"clasesm":null,"puntajesm":null},{"idinmconstruccion":10,"folio":"FOLIO_PRUEBA_0033","tipoconstruccion":"P","idtipoconstruccion":1,"superficie":"35.11","descripcionmodulo":"Pruebas node 00 ","niveltipo":1,"idusoconstruccion":"H","idrangoniveltgdf":"02","clasef":null,"puntajef":"0.00","edad":15,"idestadoconservacion":1,"indiviso":null,"idclaseconstruccionf":null,"estadogralconservacionf":null,"vidaminimaremanentef":null,"indicecostosremanentef":null,"totalpuntosajustadosf":null,"clasesm":null,"puntajesm":null},{"idinmconstruccion":11,"folio":"FOLIO_PRUEBA_0033","tipoconstruccion":"P","idtipoconstruccion":1,"superficie":"35.11","descripcionmodulo":"Pruebas node 00 ","niveltipo":1,"idusoconstruccion":"P","idrangoniveltgdf":"02","clasef":"U","puntajef":"0.00","edad":15,"idestadoconservacion":1,"indiviso":null,"idclaseconstruccionf":null,"estadogralconservacionf":null,"vidaminimaremanentef":null,"indicecostosremanentef":null,"totalpuntosajustadosf":null,"clasesm":null,"puntajesm":null},{"idinmconstruccion":13,"folio":"FOLIO_PRUEBA_0033","tipoconstruccion":"P","idtipoconstruccion":2,"superficie":"85.50","descripcionmodulo":"VIVIENDA 1 POSTMAN001","niveltipo":1,"idusoconstruccion":"J","idrangoniveltgdf":"02","clasef":"U","puntajef":"0.00","edad":6,"idestadoconservacion":2,"indiviso":null,"idclaseconstruccionf":null,"estadogralconservacionf":null,"vidaminimaremanentef":null,"indicecostosremanentef":null,"totalpuntosajustadosf":null,"clasesm":null,"puntajesm":null},{"idinmconstruccion":14,"folio":"FOLIO_PRUEBA_0033","tipoconstruccion":"P","idtipoconstruccion":2,"superficie":"85.50","descripcionmodulo":"VIVIENDA 1 POSTMAN001","niveltipo":1,"idusoconstruccion":"J","idrangoniveltgdf":"02","clasef":"U","puntajef":"0.00","edad":6,"idestadoconservacion":2,"indiviso":null,"idclaseconstruccionf":null,"estadogralconservacionf":null,"vidaminimaremanentef":null,"indicecostosremanentef":null,"totalpuntosajustadosf":null,"clasesm":null,"puntajesm":null},{"idinmconstruccion":15,"folio":"FOLIO_PRUEBA_0033","tipoconstruccion":"P","idtipoconstruccion":2,"superficie":"85.50","descripcionmodulo":"VIVIENDA 1 POSTMAN001","niveltipo":1,"idusoconstruccion":"J","idrangoniveltgdf":"02","clasef":"U","puntajef":"0.00","edad":6,"idestadoconservacion":2,"indiviso":null,"idclaseconstruccionf":null,"estadogralconservacionf":null,"vidaminimaremanentef":null,"indicecostosremanentef":null,"totalpuntosajustadosf":null,"clasesm":null,"puntajesm":null},{"idinmconstruccion":16,"folio":"FOLIO_PRUEBA_0033","tipoconstruccion":"P","idtipoconstruccion":2,"superficie":"85.50","descripcionmodulo":"VIVIENDA 1 POSTMAN001","niveltipo":1,"idusoconstruccion":"J","idrangoniveltgdf":"02","clasef":"U","puntajef":"0.00","edad":6,"idestadoconservacion":2,"indiviso":null,"idclaseconstruccionf":null,"estadogralconservacionf":null,"vidaminimaremanentef":null,"indicecostosremanentef":null,"totalpuntosajustadosf":null,"clasesm":null,"puntajesm":null},{"idinmconstruccion":17,"folio":"FOLIO_PRUEBA_0033","tipoconstruccion":"P","idtipoconstruccion":2,"superficie":"85.50","descripcionmodulo":"VIVIENDA 1 POSTMAN001","niveltipo":1,"idusoconstruccion":"J","idrangoniveltgdf":"02","clasef":"U","puntajef":"0.00","edad":6,"idestadoconservacion":2,"indiviso":null,"idclaseconstruccionf":null,"estadogralconservacionf":null,"vidaminimaremanentef":null,"indicecostosremanentef":null,"totalpuntosajustadosf":null,"clasesm":null,"puntajesm":null},{"idinmconstruccion":18,"folio":"FOLIO_PRUEBA_0033","tipoconstruccion":"P","idtipoconstruccion":2,"superficie":"85.50","descripcionmodulo":"VIVIENDA 1 POSTMAN001","niveltipo":1,"idusoconstruccion":"J","idrangoniveltgdf":"02","clasef":"U","puntajef":"0.00","edad":6,"idestadoconservacion":2,"indiviso":null,"idclaseconstruccionf":null,"estadogralconservacionf":null,"vidaminimaremanentef":null,"indicecostosremanentef":null,"totalpuntosajustadosf":null,"clasesm":null,"puntajesm":null},{"idinmconstruccion":19,"folio":"FOLIO_PRUEBA_0033","tipoconstruccion":"P","idtipoconstruccion":2,"superficie":"85.50","descripcionmodulo":"VIVIENDA 1 POSTMAN001 -- ya funcionó la prueba","niveltipo":1,"idusoconstruccion":"H","idrangoniveltgdf":"02","clasef":null,"puntajef":"0.00","edad":6,"idestadoconservacion":2,"indiviso":null,"idclaseconstruccionf":null,"estadogralconservacionf":null,"vidaminimaremanentef":null,"indicecostosremanentef":null,"totalpuntosajustadosf":null,"clasesm":null,"puntajesm":null}]
2020-08-24 21:19:43 info:  [descGralInmueble.js] [Usuario: 5] METODO: consultaInmuebleConstruc RESPUESTA: ok = true, mensaje = Consulta exitosa, codigo =  AV200
2020-08-24 21:20:54 info:  [descGralInmueble.js] [Usuario: 5] METODO: consultaInmuebleConstruc
2020-08-24 21:20:54 info:  [descGralInmueble.js] [Usuario: 5] METODO: consultaInmuebleConstruc, PARAMETROS DE ENTRADA --> FOLIO_PRUEBA_0033
2020-08-24 21:20:54 info:  [descGralInmueble.js] [Usuario: 5] METODO: BdConsultaInmuebleConstruc 
2020-08-24 21:20:54 info:  [descGralInmueble.js] [Usuario: 5] METODO: BdConsultaInmuebleConstruc SELECT * FROM fConsultaInmuebleConstrucciones ('FOLIO_PRUEBA_0033', 'C');
2020-08-24 21:20:54 info:  [descGralInmueble.js] [Usuario: 5] METODO: BdConsultaInmuebleConstruc RESULTADO: [{"idinmconstruccion":22,"folio":"FOLIO_PRUEBA_0033","tipoconstruccion":"C","idtipoconstruccion":2,"superficie":"85.50","descripcionmodulo":"PASILLO 002 POSTMAN002","niveltipo":1,"idusoconstruccion":"J","idrangoniveltgdf":"02","clasef":"U","puntajef":"0.00","edad":6,"idestadoconservacion":2,"indiviso":"15.000","idclaseconstruccionf":null,"estadogralconservacionf":null,"vidaminimaremanentef":null,"indicecostosremanentef":null,"totalpuntosajustadosf":null,"clasesm":null,"puntajesm":null},{"idinmconstruccion":20,"folio":"FOLIO_PRUEBA_0033","tipoconstruccion":"C","idtipoconstruccion":2,"superficie":"85.50","descripcionmodulo":"PASILLO 001 POSTMAN001","niveltipo":1,"idusoconstruccion":"H","idrangoniveltgdf":"02","clasef":null,"puntajef":"0.00","edad":6,"idestadoconservacion":2,"indiviso":"15.000","idclaseconstruccionf":null,"estadogralconservacionf":null,"vidaminimaremanentef":null,"indicecostosremanentef":null,"totalpuntosajustadosf":null,"clasesm":null,"puntajesm":null},{"idinmconstruccion":21,"folio":"FOLIO_PRUEBA_0033","tipoconstruccion":"C","idtipoconstruccion":2,"superficie":"85.50","descripcionmodulo":"PASILLO 001 POSTMAN001","niveltipo":1,"idusoconstruccion":"J","idrangoniveltgdf":"02","clasef":"U","puntajef":"0.00","edad":6,"idestadoconservacion":2,"indiviso":"15.000","idclaseconstruccionf":null,"estadogralconservacionf":null,"vidaminimaremanentef":null,"indicecostosremanentef":null,"totalpuntosajustadosf":null,"clasesm":null,"puntajesm":null}]
2020-08-24 21:20:54 info:  [descGralInmueble.js] [Usuario: 5] METODO: consultaInmuebleConstruc RESPUESTA: ok = true, mensaje = Consulta exitosa, codigo =  AV200
2020-08-24 21:23:28 info:  [descGralInmueble.js] [Usuario: 5] METODO: consultaInmuebleConstruc
2020-08-24 21:23:28 info:  [descGralInmueble.js] [Usuario: 5] METODO: consultaInmuebleConstruc, PARAMETROS DE ENTRADA --> FOLIO_PRUEBA_0033
2020-08-24 21:23:28 info:  [descGralInmueble.js] [Usuario: 5] METODO: BdConsultaInmuebleConstruc 
2020-08-24 21:23:28 info:  [descGralInmueble.js] [Usuario: 5] METODO: BdConsultaInmuebleConstruc SELECT * FROM fConsultaInmuebleConstrucciones ('FOLIO_PRUEBA_0033', 'C');
2020-08-24 21:23:29 info:  [descGralInmueble.js] [Usuario: 5] METODO: BdConsultaInmuebleConstruc RESULTADO: [{"idinmconstruccion":20,"folio":"FOLIO_PRUEBA_0033","tipoconstruccion":"C","idtipoconstruccion":2,"superficie":"85.50","descripcionmodulo":"PASILLO 001 POSTMAN001","niveltipo":1,"idusoconstruccion":"H","idrangoniveltgdf":"02","clasef":null,"puntajef":"0.00","edad":6,"idestadoconservacion":2,"indiviso":"15.000","idclaseconstruccionf":null,"estadogralconservacionf":null,"vidaminimaremanentef":null,"indicecostosremanentef":null,"totalpuntosajustadosf":null,"clasesm":null,"puntajesm":null},{"idinmconstruccion":21,"folio":"FOLIO_PRUEBA_0033","tipoconstruccion":"C","idtipoconstruccion":2,"superficie":"85.50","descripcionmodulo":"PASILLO 001 POSTMAN001","niveltipo":1,"idusoconstruccion":"J","idrangoniveltgdf":"02","clasef":"U","puntajef":"0.00","edad":6,"idestadoconservacion":2,"indiviso":"15.000","idclaseconstruccionf":null,"estadogralconservacionf":null,"vidaminimaremanentef":null,"indicecostosremanentef":null,"totalpuntosajustadosf":null,"clasesm":null,"puntajesm":null},{"idinmconstruccion":22,"folio":"FOLIO_PRUEBA_0033","tipoconstruccion":"C","idtipoconstruccion":2,"superficie":"85.50","descripcionmodulo":"PASILLO 002 POSTMAN002","niveltipo":1,"idusoconstruccion":"J","idrangoniveltgdf":"02","clasef":"U","puntajef":"0.00","edad":6,"idestadoconservacion":2,"indiviso":"15.000","idclaseconstruccionf":null,"estadogralconservacionf":null,"vidaminimaremanentef":null,"indicecostosremanentef":null,"totalpuntosajustadosf":null,"clasesm":null,"puntajesm":null}]
2020-08-24 21:23:29 info:  [descGralInmueble.js] [Usuario: 5] METODO: consultaInmuebleConstruc RESPUESTA: ok = true, mensaje = Consulta exitosa, codigo =  AV200
2020-08-24 21:24:24 info:  [descGralInmueble.js] [Usuario: 5] METODO: consultaInmuebleConstruc
2020-08-24 21:24:24 info:  [descGralInmueble.js] [Usuario: 5] METODO: consultaInmuebleConstruc, PARAMETROS DE ENTRADA --> 17060065111
2020-08-24 21:24:24 info:  [descGralInmueble.js] [Usuario: 5] METODO: BdConsultaInmuebleConstruc 
2020-08-24 21:24:24 info:  [descGralInmueble.js] [Usuario: 5] METODO: BdConsultaInmuebleConstruc SELECT * FROM fConsultaInmuebleConstrucciones ('17060065111', 'C');
2020-08-24 21:24:24 info:  [descGralInmueble.js] [Usuario: 5] METODO: BdConsultaInmuebleConstruc RESULTADO: [{"idinmconstruccion":5,"folio":"17060065111","tipoconstruccion":"C","idtipoconstruccion":1,"superficie":"22.30","descripcionmodulo":"VIVIENDA COMUN","niveltipo":1,"idusoconstruccion":"P","idrangoniveltgdf":"02","clasef":"U","puntajef":"0.00","edad":15,"idestadoconservacion":1,"indiviso":"15.000","idclaseconstruccionf":null,"estadogralconservacionf":null,"vidaminimaremanentef":null,"indicecostosremanentef":null,"totalpuntosajustadosf":null,"clasesm":null,"puntajesm":null}]
2020-08-24 21:24:24 info:  [descGralInmueble.js] [Usuario: 5] METODO: consultaInmuebleConstruc RESPUESTA: ok = true, mensaje = Consulta exitosa, codigo =  AV200
2020-08-24 22:19:22 info:  [descGralInmueble.js] [Usuario: 5] METODO: listaDesGralInmueble
2020-08-24 22:19:22 info:  [descGralInmueble.js] [Usuario: 5] METODO: listaDesGralInmueble, PARAMETROS DE ENTRADA --> RANGONIVEL
2020-08-24 22:19:22 info:  [descGralInmueble.js] [Usuario: 5] METODO: BdListaDesGralInmueble 
2020-08-24 22:19:22 info:  [descGralInmueble.js] [Usuario: 5] METODO: BdListaDesGralInmueble SELECT * FROM fCatDesGralInmueble('RANGONIVEL','undefined');
2020-08-24 22:19:23 info:  [descGralInmueble.js] [Usuario: 5] METODO: BdListaDesGralInmueble RESULTADO: [{"clave":0,"clavestr":"02","descripcion":"De 1 a 2 niveles o bien, si no existe una clara distinción de ellos y la construcción tenga una altura hasta de 6.00 metros."},{"clave":0,"clavestr":"15","descripcion":"De 11 a 15 niveles."},{"clave":0,"clavestr":"20","descripcion":"De 16 a 20 niveles."},{"clave":0,"clavestr":"99","descripcion":"De 21 a más niveles."},{"clave":0,"clavestr":"05","descripcion":"De 3 a 5 niveles o bien, si no existe una clara distinción de ellos y la construcción tenga una altura de 6.01 metros a 15.00 metros."},{"clave":0,"clavestr":"10","descripcion":"De 6 a 10 niveles."},{"clave":0,"clavestr":"RU","descripcion":"Rango único. Se aplica a edificaciones sin una clara distinción de niveles tales como naves industriales, bodegas galerones, centros comerciales, restaurantes y estructuras semejantes que excedan una altura de 15.00."},{"clave":0,"clavestr":"01","descripcion":"Superficies construidas descubiertas."}]
2020-08-24 22:19:23 info:  [descGralInmueble.js] [Usuario: 5] METODO: listaDesGralInmueble RESPUESTA: ok = true, mensaje = Consulta exitosa, codigo =  AV200
2020-08-24 22:19:53 info:  [descGralInmueble.js] [Usuario: 5] METODO: inmuebleConstrucciones
2020-08-24 22:19:53 info:  [descGralInmueble.js] [Usuario: 5] METODO: inmuebleConstrucciones, PARAMETROS DE ENTRADA -->  0, FOLIO_PRUEBA_0033, C, 2, 85.50, PASILLO 003 POSTMAN003, 1, J, 02, 6, 2, 15, 5
2020-08-24 22:19:53 info:  [descGralInmueble.js] [Usuario: 5] METODO: BdInmuebleConstrucciones 
2020-08-24 22:19:53 info:  [descGralInmueble.js] [Usuario: 5] METODO: BdInmuebleConstrucciones SELECT * FROM fInmuebleConstrucciones (pIdInmConstruccion, pFolio, pTipoConstruccion, pIdTipoConstruccion, pSuperficie, pDescripcionModulo, pNivelTipo, pIdUsoConstruccion, pIdRangoNivelTGDF, pEdad, pIdEstadoConservacion, pIndiviso, pUsuarioOperacion);
2020-08-24 22:19:53 info: SELECT * FROM fInmuebleConstrucciones(0,  'FOLIO_PRUEBA_0033',  'C', 2, (85.50::decimal), 'PASILLO 003 POSTMAN003', (1::smallint), 'J',  '02', 6, (2::smallint),(15::decimal),5);
2020-08-24 22:19:53 info:  [descGralInmueble.js] [Usuario: 5] METODO: BdInmuebleConstrucciones RESULTADO: [{"resultado":true,"mensaje":"Operación exitosa","idinmconstruccion":23,"folio":"FOLIO_PRUEBA_0033","tipoconstruccion":"C","idtipoconstruccion":2,"superficie":"85.50","descripcionmodulo":"PASILLO 003 POSTMAN003","niveltipo":1,"idusoconstruccion":"J","idrangoniveltgdf":"02","clasef":"U","puntajef":"0.00","edad":6,"idestadoconservacion":2,"indiviso":"15.000","idclaseconstruccionf":null,"estadogralconservacionf":null,"vidaminimaremanentef":null,"indicecostosremanentef":null,"totalpuntosajustadosf":null,"clasesm":null,"puntajesm":null}]
2020-08-24 22:19:53 info:  [descGralInmueble.js] [Usuario: 5] METODO: inmuebleConstrucciones RESPUESTA: ok = true, mensaje = "Operación exitosa", codigo = AV200
2020-08-24 22:21:38 info:  [descGralInmueble.js] [Usuario: 5] METODO: inmuebleConstrucciones
2020-08-24 22:21:38 info:  [descGralInmueble.js] [Usuario: 5] METODO: inmuebleConstrucciones, PARAMETROS DE ENTRADA -->  0, FOLIO_PRUEBA_0033, C, 2, 85.50, PASILLO 003 POSTMAN004, 1, J, 02, 6, 2, 15, 5
2020-08-24 22:21:38 info:  [descGralInmueble.js] [Usuario: 5] METODO: BdInmuebleConstrucciones 
2020-08-24 22:21:38 info:  [descGralInmueble.js] [Usuario: 5] METODO: BdInmuebleConstrucciones SELECT * FROM fInmuebleConstrucciones (pIdInmConstruccion, pFolio, pTipoConstruccion, pIdTipoConstruccion, pSuperficie, pDescripcionModulo, pNivelTipo, pIdUsoConstruccion, pIdRangoNivelTGDF, pEdad, pIdEstadoConservacion, pIndiviso, pUsuarioOperacion);
2020-08-24 22:21:38 info: SELECT * FROM fInmuebleConstrucciones(0,  'FOLIO_PRUEBA_0033',  'C', 2, (85.50::decimal), 'PASILLO 003 POSTMAN004', (1::smallint), 'J',  '02', 6, (2::smallint),(15::decimal),5);
2020-08-24 22:21:38 info:  [descGralInmueble.js] [Usuario: 5] METODO: BdInmuebleConstrucciones RESULTADO: [{"resultado":true,"mensaje":"Operación exitosa","idinmconstruccion":24,"folio":"FOLIO_PRUEBA_0033","tipoconstruccion":"C","idtipoconstruccion":2,"superficie":"85.50","descripcionmodulo":"PASILLO 003 POSTMAN004","niveltipo":1,"idusoconstruccion":"J","idrangoniveltgdf":"02","clasef":"U","puntajef":"0.00","edad":6,"idestadoconservacion":2,"indiviso":"15.000","idclaseconstruccionf":null,"estadogralconservacionf":null,"vidaminimaremanentef":null,"indicecostosremanentef":null,"totalpuntosajustadosf":null,"clasesm":null,"puntajesm":null}]
2020-08-24 22:21:38 info:  [descGralInmueble.js] [Usuario: 5] METODO: inmuebleConstrucciones RESPUESTA: ok = true, mensaje = "Operación exitosa", codigo = AV200
2020-08-24 22:26:58 info:  [descGralInmueble.js] [Usuario: 5] METODO: inmuebleConstrucciones
2020-08-24 22:26:58 info:  [descGralInmueble.js] [Usuario: 5] METODO: inmuebleConstrucciones, PARAMETROS DE ENTRADA -->  0, FOLIO_PRUEBA_0033, C, 2, 85.50, PASILLO 003 POSTMAN005, 1, J, 02, 6, 2, 15, 5
2020-08-24 22:26:58 info:  [descGralInmueble.js] [Usuario: 5] METODO: BdInmuebleConstrucciones 
2020-08-24 22:26:58 info:  [descGralInmueble.js] [Usuario: 5] METODO: BdInmuebleConstrucciones SELECT * FROM fInmuebleConstrucciones (pIdInmConstruccion, pFolio, pTipoConstruccion, pIdTipoConstruccion, pSuperficie, pDescripcionModulo, pNivelTipo, pIdUsoConstruccion, pIdRangoNivelTGDF, pEdad, pIdEstadoConservacion, pIndiviso, pUsuarioOperacion);
2020-08-24 22:26:58 info:  [descGralInmueble.js] [Usuario: 5] METODO: BdInmuebleConstrucciones SELECT * FROM fInmuebleConstrucciones(0,  'FOLIO_PRUEBA_0033',  'C', 2, (85.50::decimal), 'PASILLO 003 POSTMAN005', (1::smallint), 'J',  '02', 6, (2::smallint),(15::decimal),5);
2020-08-24 22:26:58 info:  [descGralInmueble.js] [Usuario: 5] METODO: BdInmuebleConstrucciones RESULTADO: [{"resultado":true,"mensaje":"Operación exitosa","idinmconstruccion":25,"folio":"FOLIO_PRUEBA_0033","tipoconstruccion":"C","idtipoconstruccion":2,"superficie":"85.50","descripcionmodulo":"PASILLO 003 POSTMAN005","niveltipo":1,"idusoconstruccion":"J","idrangoniveltgdf":"02","clasef":"U","puntajef":"0.00","edad":6,"idestadoconservacion":2,"indiviso":"15.000","idclaseconstruccionf":null,"estadogralconservacionf":null,"vidaminimaremanentef":null,"indicecostosremanentef":null,"totalpuntosajustadosf":null,"clasesm":null,"puntajesm":null}]
2020-08-24 22:26:58 info:  [descGralInmueble.js] [Usuario: 5] METODO: inmuebleConstrucciones RESPUESTA: ok = true, mensaje = "Operación exitosa", codigo = AV200
2020-08-24 22:29:20 info:  [descGralInmueble.js] [Usuario: 5] METODO: inmuebleConstrucciones
2020-08-24 22:29:20 info:  [descGralInmueble.js] [Usuario: 5] METODO: inmuebleConstrucciones, PARAMETROS DE ENTRADA -->  0, FOLIO_PRUEBA_0033, C, 2, 85.50, PASILLO 003 POSTMAN006, 1, J, 02, 6, 2, 15, 5
2020-08-24 22:29:20 info:  [descGralInmueble.js] [Usuario: 5] METODO: BdInmuebleConstrucciones 
2020-08-24 22:29:20 info:  [descGralInmueble.js] [Usuario: 5] METODO: BdInmuebleConstrucciones SELECT * FROM fInmuebleConstrucciones (pIdInmConstruccion, pFolio, pTipoConstruccion, pIdTipoConstruccion, pSuperficie, pDescripcionModulo, pNivelTipo, pIdUsoConstruccion, pIdRangoNivelTGDF, pEdad, pIdEstadoConservacion, pIndiviso, pUsuarioOperacion);
2020-08-24 22:29:20 info:  [descGralInmueble.js] [Usuario: 5] METODO: BdInmuebleConstrucciones SELECT * FROM fInmuebleConstrucciones(0,  'FOLIO_PRUEBA_0033',  'C', 2, (85.50::decimal), 'PASILLO 003 POSTMAN006', (1::smallint), 'J',  '02', 6, (2::smallint),(15::decimal),5);
2020-08-24 22:29:20 info:  [descGralInmueble.js] [Usuario: 5] METODO: BdInmuebleConstrucciones RESULTADO: [{"resultado":true,"mensaje":"Operación exitosa","idinmconstruccion":26,"folio":"FOLIO_PRUEBA_0033","tipoconstruccion":"C","idtipoconstruccion":2,"superficie":"85.50","descripcionmodulo":"PASILLO 003 POSTMAN006","niveltipo":1,"idusoconstruccion":"J","idrangoniveltgdf":"02","clasef":"U","puntajef":"0.00","edad":6,"idestadoconservacion":2,"indiviso":"15.000","idclaseconstruccionf":null,"estadogralconservacionf":null,"vidaminimaremanentef":null,"indicecostosremanentef":null,"totalpuntosajustadosf":null,"clasesm":null,"puntajesm":null}]
2020-08-24 22:29:20 info:  [descGralInmueble.js] [Usuario: 5] METODO: inmuebleConstrucciones RESPUESTA: ok = true, mensaje = "Operación exitosa", codigo = AV200
2020-08-24 22:29:49 info:  [descGralInmueble.js] [Usuario: 5] METODO: inmuebleConstrucciones
2020-08-24 22:29:49 info:  [descGralInmueble.js] [Usuario: 5] METODO: inmuebleConstrucciones, PARAMETROS DE ENTRADA -->  0, FOLIO_PRUEBA_0033, C, 2, 85.50, PASILLO 003 POSTMAN006, 1, J, 02, 6, 2, 15, 5
2020-08-24 22:29:49 info:  [descGralInmueble.js] [Usuario: 5] METODO: BdInmuebleConstrucciones 
2020-08-24 22:29:49 info:  [descGralInmueble.js] [Usuario: 5] METODO: BdInmuebleConstrucciones SELECT * FROM fInmuebleConstrucciones (pIdInmConstruccion, pFolio, pTipoConstruccion, pIdTipoConstruccion, pSuperficie, pDescripcionModulo, pNivelTipo, pIdUsoConstruccion, pIdRangoNivelTGDF, pEdad, pIdEstadoConservacion, pIndiviso, pUsuarioOperacion);
2020-08-24 22:29:49 info:  [descGralInmueble.js] [Usuario: 5] METODO: BdInmuebleConstrucciones SELECT * FROM fInmuebleConstrucciones(0,  'FOLIO_PRUEBA_0033',  'C', 2, (85.50::decimal), 'PASILLO 003 POSTMAN006', (1::smallint), 'J',  '02', 6, (2::smallint),(15::decimal),5);
2020-08-24 22:29:49 info:  [descGralInmueble.js] [Usuario: 5] METODO: BdInmuebleConstrucciones RESULTADO: [{"resultado":true,"mensaje":"Operación exitosa","idinmconstruccion":27,"folio":"FOLIO_PRUEBA_0033","tipoconstruccion":"C","idtipoconstruccion":2,"superficie":"85.50","descripcionmodulo":"PASILLO 003 POSTMAN006","niveltipo":1,"idusoconstruccion":"J","idrangoniveltgdf":"02","clasef":"U","puntajef":"0.00","edad":6,"idestadoconservacion":2,"indiviso":"15.000","idclaseconstruccionf":null,"estadogralconservacionf":null,"vidaminimaremanentef":null,"indicecostosremanentef":null,"totalpuntosajustadosf":null,"clasesm":null,"puntajesm":null}]
2020-08-24 22:29:49 info:  [descGralInmueble.js] [Usuario: 5] METODO: inmuebleConstrucciones RESPUESTA: ok = true, mensaje = "Operación exitosa", codigo = AV200
2020-08-24 22:30:41 info:  [descGralInmueble.js] [Usuario: 5] METODO: consultaInmuebleConstruc
2020-08-24 22:30:41 info:  [descGralInmueble.js] [Usuario: 5] METODO: consultaInmuebleConstruc, PARAMETROS DE ENTRADA --> 17060065111
2020-08-24 22:30:41 info:  [descGralInmueble.js] [Usuario: 5] METODO: BdConsultaInmuebleConstruc 
2020-08-24 22:30:41 info:  [descGralInmueble.js] [Usuario: 5] METODO: BdConsultaInmuebleConstruc  SELECT * FROM fConsultaInmuebleConstrucciones ('17060065111', 'C'); 
2020-08-24 22:30:41 info:  [descGralInmueble.js] [Usuario: 5] METODO: BdConsultaInmuebleConstruc RESULTADO: [{"idinmconstruccion":5,"folio":"17060065111","tipoconstruccion":"C","idtipoconstruccion":1,"superficie":"22.30","descripcionmodulo":"VIVIENDA COMUN","niveltipo":1,"idusoconstruccion":"P","idrangoniveltgdf":"02","clasef":"U","puntajef":"0.00","edad":15,"idestadoconservacion":1,"indiviso":"15.000","idclaseconstruccionf":null,"estadogralconservacionf":null,"vidaminimaremanentef":null,"indicecostosremanentef":null,"totalpuntosajustadosf":null,"clasesm":null,"puntajesm":null}]
2020-08-24 22:30:41 info:  [descGralInmueble.js] [Usuario: 5] METODO: consultaInmuebleConstruc RESPUESTA: ok = true, mensaje = Consulta exitosa, codigo =  AV200
2020-08-24 22:31:05 info:  [descGralInmueble.js] [Usuario: 5] METODO: consultaInmuebleConstruc
2020-08-24 22:31:05 info:  [descGralInmueble.js] [Usuario: 5] METODO: consultaInmuebleConstruc, PARAMETROS DE ENTRADA --> FOLIO_PRUEBA_0033
2020-08-24 22:31:05 info:  [descGralInmueble.js] [Usuario: 5] METODO: BdConsultaInmuebleConstruc 
2020-08-24 22:31:05 info:  [descGralInmueble.js] [Usuario: 5] METODO: BdConsultaInmuebleConstruc  SELECT * FROM fConsultaInmuebleConstrucciones ('FOLIO_PRUEBA_0033', 'C'); 
2020-08-24 22:31:05 info:  [descGralInmueble.js] [Usuario: 5] METODO: BdConsultaInmuebleConstruc RESULTADO: [{"idinmconstruccion":20,"folio":"FOLIO_PRUEBA_0033","tipoconstruccion":"C","idtipoconstruccion":2,"superficie":"85.50","descripcionmodulo":"PASILLO 001 POSTMAN001","niveltipo":1,"idusoconstruccion":"H","idrangoniveltgdf":"02","clasef":null,"puntajef":"0.00","edad":6,"idestadoconservacion":2,"indiviso":"15.000","idclaseconstruccionf":null,"estadogralconservacionf":null,"vidaminimaremanentef":null,"indicecostosremanentef":null,"totalpuntosajustadosf":null,"clasesm":null,"puntajesm":null},{"idinmconstruccion":21,"folio":"FOLIO_PRUEBA_0033","tipoconstruccion":"C","idtipoconstruccion":2,"superficie":"85.50","descripcionmodulo":"PASILLO 001 POSTMAN001","niveltipo":1,"idusoconstruccion":"J","idrangoniveltgdf":"02","clasef":"U","puntajef":"0.00","edad":6,"idestadoconservacion":2,"indiviso":"15.000","idclaseconstruccionf":null,"estadogralconservacionf":null,"vidaminimaremanentef":null,"indicecostosremanentef":null,"totalpuntosajustadosf":null,"clasesm":null,"puntajesm":null},{"idinmconstruccion":22,"folio":"FOLIO_PRUEBA_0033","tipoconstruccion":"C","idtipoconstruccion":2,"superficie":"85.50","descripcionmodulo":"PASILLO 002 POSTMAN002","niveltipo":1,"idusoconstruccion":"J","idrangoniveltgdf":"02","clasef":"U","puntajef":"0.00","edad":6,"idestadoconservacion":2,"indiviso":"15.000","idclaseconstruccionf":null,"estadogralconservacionf":null,"vidaminimaremanentef":null,"indicecostosremanentef":null,"totalpuntosajustadosf":null,"clasesm":null,"puntajesm":null},{"idinmconstruccion":23,"folio":"FOLIO_PRUEBA_0033","tipoconstruccion":"C","idtipoconstruccion":2,"superficie":"85.50","descripcionmodulo":"PASILLO 003 POSTMAN003","niveltipo":1,"idusoconstruccion":"J","idrangoniveltgdf":"02","clasef":"U","puntajef":"0.00","edad":6,"idestadoconservacion":2,"indiviso":"15.000","idclaseconstruccionf":null,"estadogralconservacionf":null,"vidaminimaremanentef":null,"indicecostosremanentef":null,"totalpuntosajustadosf":null,"clasesm":null,"puntajesm":null},{"idinmconstruccion":24,"folio":"FOLIO_PRUEBA_0033","tipoconstruccion":"C","idtipoconstruccion":2,"superficie":"85.50","descripcionmodulo":"PASILLO 003 POSTMAN004","niveltipo":1,"idusoconstruccion":"J","idrangoniveltgdf":"02","clasef":"U","puntajef":"0.00","edad":6,"idestadoconservacion":2,"indiviso":"15.000","idclaseconstruccionf":null,"estadogralconservacionf":null,"vidaminimaremanentef":null,"indicecostosremanentef":null,"totalpuntosajustadosf":null,"clasesm":null,"puntajesm":null},{"idinmconstruccion":25,"folio":"FOLIO_PRUEBA_0033","tipoconstruccion":"C","idtipoconstruccion":2,"superficie":"85.50","descripcionmodulo":"PASILLO 003 POSTMAN005","niveltipo":1,"idusoconstruccion":"J","idrangoniveltgdf":"02","clasef":"U","puntajef":"0.00","edad":6,"idestadoconservacion":2,"indiviso":"15.000","idclaseconstruccionf":null,"estadogralconservacionf":null,"vidaminimaremanentef":null,"indicecostosremanentef":null,"totalpuntosajustadosf":null,"clasesm":null,"puntajesm":null},{"idinmconstruccion":26,"folio":"FOLIO_PRUEBA_0033","tipoconstruccion":"C","idtipoconstruccion":2,"superficie":"85.50","descripcionmodulo":"PASILLO 003 POSTMAN006","niveltipo":1,"idusoconstruccion":"J","idrangoniveltgdf":"02","clasef":"U","puntajef":"0.00","edad":6,"idestadoconservacion":2,"indiviso":"15.000","idclaseconstruccionf":null,"estadogralconservacionf":null,"vidaminimaremanentef":null,"indicecostosremanentef":null,"totalpuntosajustadosf":null,"clasesm":null,"puntajesm":null},{"idinmconstruccion":27,"folio":"FOLIO_PRUEBA_0033","tipoconstruccion":"C","idtipoconstruccion":2,"superficie":"85.50","descripcionmodulo":"PASILLO 003 POSTMAN006","niveltipo":1,"idusoconstruccion":"J","idrangoniveltgdf":"02","clasef":"U","puntajef":"0.00","edad":6,"idestadoconservacion":2,"indiviso":"15.000","idclaseconstruccionf":null,"estadogralconservacionf":null,"vidaminimaremanentef":null,"indicecostosremanentef":null,"totalpuntosajustadosf":null,"clasesm":null,"puntajesm":null}]
2020-08-24 22:31:05 info:  [descGralInmueble.js] [Usuario: 5] METODO: consultaInmuebleConstruc RESPUESTA: ok = true, mensaje = Consulta exitosa, codigo =  AV200
2020-08-24 23:34:31 info:  [login.js]  METODO: Login
2020-08-24 23:34:31 info:  [login.js]  METODO: Login, PARAMETROS DE ENTRADA --> alberto@acm.com
2020-08-24 23:34:31 info:  [login.js]  METODO: validarContrasenia
2020-08-24 23:34:31 info:  [login.js] [Usuario: alberto@acm.com] METODO: BdObtenerUsuario 
2020-08-24 23:34:32 info:  [login.js] ok: truemensaje: Operación exitosa
2020-08-24 23:34:32 info:  [login.js] ok: truemensaje: Operación exitosa
2020-08-24 23:37:15 info:  [login.js]  METODO: Login
2020-08-24 23:37:15 info:  [login.js]  METODO: Login, PARAMETROS DE ENTRADA --> alberto@acm.com
2020-08-24 23:37:15 info:  [login.js]  METODO: validarContrasenia
2020-08-24 23:37:15 info:  [login.js] [Usuario: alberto@acm.com] METODO: BdObtenerUsuario 
2020-08-24 23:37:15 info:  [login.js] ok: truemensaje: Operación exitosa
2020-08-24 23:37:15 info:  [login.js] ok: true, mensaje: Operación exitosa
2020-08-24 23:38:17 info:  [login.js]  METODO: Login
2020-08-24 23:38:17 info:  [login.js]  METODO: Login, PARAMETROS DE ENTRADA --> alberto@acm.com
2020-08-24 23:38:17 info:  [login.js]  METODO: validarContrasenia
2020-08-24 23:38:17 info:  [login.js] [Usuario: alberto@acm.com] METODO: BdObtenerUsuario 
2020-08-24 23:38:17 info:  [login.js] ok: true, mensaje: Operación exitosa
2020-08-24 23:38:17 info:  [login.js] ok: true, mensaje: Operación exitosa
2020-08-24 23:40:15 info:  [login.js]  METODO: Login
2020-08-24 23:40:15 info:  [login.js]  METODO: Login, PARAMETROS DE ENTRADA --> alberto@acm.com
2020-08-24 23:40:15 info:  [login.js]  METODO: validarContrasenia
2020-08-24 23:40:15 info:  [login.js] [Usuario: alberto@acm.com] METODO: BdObtenerUsuario 
2020-08-24 23:40:15 info:  [login.js]  METODO: validarContraseniaok: true, mensaje: Operación exitosa
2020-08-24 23:40:15 info:  [login.js] ok: true, mensaje: Operación exitosa
2020-08-24 23:40:49 info:  [login.js]  METODO: Login
2020-08-24 23:40:49 info:  [login.js]  METODO: Login, PARAMETROS DE ENTRADA --> alberto@acm.com
2020-08-24 23:40:49 info:  [login.js]  METODO: validarContrasenia
2020-08-24 23:40:49 info:  [login.js] [Usuario: alberto@acm.com] METODO: BdObtenerUsuario 
2020-08-24 23:40:49 info:  [login.js]  METODO: validarContrasenia, ok: true, mensaje: Operación exitosa
2020-08-24 23:40:49 info:  [login.js] ok: true, mensaje: Operación exitosa
