2020-05-22 11:32:33 info:  [visita.js] [Usuario: 3] METODO: visita 
2020-05-22 11:32:33 info:  [visita.js] [Usuario: 3] METODO: visita , PARAMETROS DE ENTRADA --> Usuario: 3 /  FOLIO_PRUEBA_0002, Silvia Alejandra, Acosta, , silvia@sil.com, , , , 2020-05-30, , , 3
2020-05-22 11:32:33 info:  [visita.js] [Usuario: 3] METODO: BdVisita 
2020-05-22 11:32:33 info:  [visita.js] [Usuario: 3] METODO: BdVisita SELECT * FROM fVisita (pFolio, pNombreContacto, pPaternoContacto, pMaternoContacto, pCorreoElectronico, pTelefonoLada, pExtensionTelefono, pCelular, pFechaVisita, pHoraVisita, pObservaciones, pUsuarioOperacion);
2020-05-22 11:32:33 info:  [visita.js] [Usuario: 3] METODO: BdVisita : SELECT * FROM fVisita ('FOLIO_PRUEBA_0002', 'Silvia Alejandra', 'Acosta', '', 'silvia@sil.com', '', '', '', '2020-05-30', '', '', 3);
2020-05-22 11:32:33 info:  [visita.js] [Usuario: 3] METODO: BdVisita [{"resultado":true,"mensaje":"Operación exitosa"}]
2020-05-22 11:32:33 info:  [visita.js] [Usuario: 3] METODO: visita  , ok: true , mensaje: "Operación exitosa"
2020-05-22 11:32:35 info:  [visita.js] [Usuario: 3] METODO: consultaVisita 
2020-05-22 11:32:35 info:  [visita.js] [Usuario: 3] METODO: consultaVisita , PARAMETROS DE ENTRADA --> FOLIO_PRUEBA_0002 , 3
2020-05-22 11:32:35 info:  [visita.js] [Usuario: 3] METODO: BdConsultaVisita 
2020-05-22 11:32:35 info:  [visita.js] [Usuario: 3] METODO: BdConsultaVisita [{"folio":"FOLIO_PRUEBA_0002","nombrecontacto":"Silvia Alejandra","paternocontacto":"Acosta","maternocontacto":"","correoelectronico":"silvia@sil.com","telefonolada":"","extensiontelefono":"","celular":"","fechavisita":"2020-05-30T05:00:00.000Z","horavisita":"","observaciones":""}]
2020-05-22 11:32:35 info:  [visita.js] [Usuario: 3] METODO: consultaVisita  , ok: true, mensaje: Consulta exitosa
2020-05-22 11:35:47 info:  [visita.js] [Usuario: 3] METODO: consultaVisita
2020-05-22 11:35:47 info:  [visita.js] [Usuario: 3] METODO: consultaVisita, PARAMETROS DE ENTRADA --> FOLIO_PRUEBA_0002 , 3
2020-05-22 11:35:47 info:  [visita.js] [Usuario: 3] METODO: BdConsultaVisita 
2020-05-22 11:35:47 info:  [visita.js] [Usuario: 3] METODO: BdConsultaVisita [{"folio":"FOLIO_PRUEBA_0002","nombrecontacto":"Silvia Alejandra","paternocontacto":"Acosta","maternocontacto":"","correoelectronico":"silvia@sil.com","telefonolada":"","extensiontelefono":"","celular":"","fechavisita":"2020-05-30T05:00:00.000Z","horavisita":"","observaciones":""}]
2020-05-22 11:35:47 info:  [visita.js] [Usuario: 3] METODO: consultaVisita , ok: true, mensaje: Consulta exitosa
2020-05-22 11:35:49 info:  [visita.js] [Usuario: 3] METODO: visita
2020-05-22 11:35:49 info:  [visita.js] [Usuario: 3] METODO: visita, PARAMETROS DE ENTRADA -->  FOLIO_PRUEBA_0002, Silvia Alejandra, Acosta, , silvia@sil.com, , , , 2020-05-30, , , 3
2020-05-22 11:35:49 info:  [visita.js] [Usuario: 3] METODO: BdVisita 
2020-05-22 11:35:49 info:  [visita.js] [Usuario: 3] METODO: BdVisita SELECT * FROM fVisita (pFolio, pNombreContacto, pPaternoContacto, pMaternoContacto, pCorreoElectronico, pTelefonoLada, pExtensionTelefono, pCelular, pFechaVisita, pHoraVisita, pObservaciones, pUsuarioOperacion);
2020-05-22 11:35:49 info:  [visita.js] [Usuario: 3] METODO: BdVisita : SELECT * FROM fVisita ('FOLIO_PRUEBA_0002', 'Silvia Alejandra', 'Acosta', '', 'silvia@sil.com', '', '', '', '2020-05-30', '', '', 3);
2020-05-22 11:35:50 info:  [visita.js] [Usuario: 3] METODO: BdVisita [{"resultado":true,"mensaje":"Operación exitosa"}]
2020-05-22 11:35:50 info:  [visita.js] [Usuario: 3] METODO: visita , ok: true , mensaje: "Operación exitosa"
2020-05-22 14:31:06 info:  [visita.js] [Usuario: 3] METODO: visita
2020-05-22 14:31:06 info:  [visita.js] [Usuario: 3] METODO: visita, PARAMETROS DE ENTRADA -->  FOLIO_PRUEBA_0002, Silvia Alejandra, Acosta, , silvia@sil.com, , , , 2020-05-30, , , 3
2020-05-22 14:31:06 info:  [visita.js] [Usuario: 3] METODO: BdVisita 
2020-05-22 14:31:06 info:  [visita.js] [Usuario: 3] METODO: BdVisita SELECT * FROM fVisita (pFolio, pNombreContacto, pPaternoContacto, pMaternoContacto, pCorreoElectronico, pTelefonoLada, pExtensionTelefono, pCelular, pFechaVisita, pHoraVisita, pObservaciones, pUsuarioOperacion);
2020-05-22 14:31:06 info:  [visita.js] [Usuario: 3] METODO: BdVisita : SELECT * FROM fVisita ('FOLIO_PRUEBA_0002', 'Silvia Alejandra', 'Acosta', '', 'silvia@sil.com', '', '', '', '2020-05-30', '', '', 3);
2020-05-22 14:31:08 info:  [visita.js] [Usuario: 3] METODO: BdVisita RESULTADO: [{"resultado":true,"mensaje":"Operación exitosa"}]
2020-05-22 14:31:08 info:  [visita.js] [Usuario: 3] METODO: visita , ok: true , mensaje: "Operación exitosa"
2020-05-22 14:31:14 info:  [visita.js] [Usuario: 3] METODO: consultaVisita
2020-05-22 14:31:14 info:  [visita.js] [Usuario: 3] METODO: consultaVisita, PARAMETROS DE ENTRADA --> FOLIO_PRUEBA_0002 , 3
2020-05-22 14:31:14 info:  [visita.js] [Usuario: 3] METODO: BdConsultaVisita 
2020-05-22 14:31:14 info:  [visita.js] [Usuario: 3] METODO: BdConsultaVisita RESULTADO: [{"folio":"FOLIO_PRUEBA_0002","nombrecontacto":"Silvia Alejandra","paternocontacto":"Acosta","maternocontacto":"","correoelectronico":"silvia@sil.com","telefonolada":"","extensiontelefono":"","celular":"","fechavisita":"2020-05-30T05:00:00.000Z","horavisita":"","observaciones":""}]
2020-05-22 14:31:14 info:  [visita.js] [Usuario: 3] METODO: consultaVisita RESPUESTA: ok = true, mensaje = Consulta exitosa
2020-05-22 14:45:34 info:  [visita.js] [Usuario: 3] METODO: visita
2020-05-22 14:45:34 info:  [visita.js] [Usuario: 3] METODO: visita, PARAMETROS DE ENTRADA -->  FOLIO_PRUEBA_0002, Silvia Alejandra, Acosta, , silvia@sil.com, , , , 2020-05-30, , , 3
2020-05-22 14:45:34 info:  [visita.js] [Usuario: 3] METODO: BdVisita 
2020-05-22 14:45:34 info:  [visita.js] [Usuario: 3] METODO: BdVisita SELECT * FROM fVisita (pFolio, pNombreContacto, pPaternoContacto, pMaternoContacto, pCorreoElectronico, pTelefonoLada, pExtensionTelefono, pCelular, pFechaVisita, pHoraVisita, pObservaciones, pUsuarioOperacion);
2020-05-22 14:45:34 info:  [visita.js] [Usuario: 3] METODO: BdVisita : SELECT * FROM fVisita ('FOLIO_PRUEBA_0002', 'Silvia Alejandra', 'Acosta', '', 'silvia@sil.com', '', '', '', '2020-05-30', '', '', 3);
2020-05-22 14:45:34 info:  [visita.js] [Usuario: 3] METODO: BdVisita RESULTADO: [{"resultado":true,"mensaje":"Operación exitosa"}]
2020-05-22 14:45:34 info:  [visita.js] [Usuario: 3] METODO: visita RESPUESTA: ok = true, mensaje = "Operación exitosa"
2020-05-22 14:45:37 info:  [visita.js] [Usuario: 3] METODO: consultaVisita
2020-05-22 14:45:37 info:  [visita.js] [Usuario: 3] METODO: consultaVisita, PARAMETROS DE ENTRADA --> FOLIO_PRUEBA_0002 , 3
2020-05-22 14:45:37 info:  [visita.js] [Usuario: 3] METODO: BdConsultaVisita 
2020-05-22 14:45:37 info:  [visita.js] [Usuario: 3] METODO: BdConsultaVisita RESULTADO: [{"folio":"FOLIO_PRUEBA_0002","nombrecontacto":"Silvia Alejandra","paternocontacto":"Acosta","maternocontacto":"","correoelectronico":"silvia@sil.com","telefonolada":"","extensiontelefono":"","celular":"","fechavisita":"2020-05-30T05:00:00.000Z","horavisita":"","observaciones":""}]
2020-05-22 14:45:37 info:  [visita.js] [Usuario: 3] METODO: consultaVisita RESPUESTA: ok = true, mensaje = Consulta exitosa
2020-05-22 14:46:26 info:  [visita.js] [Usuario: 3] METODO: consultaVisita
2020-05-22 14:46:26 info:  [visita.js] [Usuario: 3] METODO: consultaVisita, PARAMETROS DE ENTRADA --> FOLIO_PRUEBA_0002 , 3
2020-05-22 14:46:26 info:  [visita.js] [Usuario: 3] METODO: BdConsultaVisita 
2020-05-22 14:46:26 error:  [visita.js] [Usuario: 3] METODO: consultaVisita ERROR: " [visita.js] [Usuario: 3] METODO: BdConsultaVisita  Error:  [visita.js] [Usuario: 3] METODO: BdConsultaVisita  Error: error: no existe la función fconsultavisita(unknown)"
2020-05-22 14:46:40 info:  [visita.js] [Usuario: 3] METODO: visita
2020-05-22 14:46:40 info:  [visita.js] [Usuario: 3] METODO: visita, PARAMETROS DE ENTRADA -->  FOLIO_PRUEBA_0002, Silvia Alejandra, Acosta, , silvia@sil.com, , , , 2020-05-30, , , 3
2020-05-22 14:46:40 info:  [visita.js] [Usuario: 3] METODO: BdVisita 
2020-05-22 14:46:40 info:  [visita.js] [Usuario: 3] METODO: BdVisita SELECT * FROM fVisita (pFolio, pNombreContacto, pPaternoContacto, pMaternoContacto, pCorreoElectronico, pTelefonoLada, pExtensionTelefono, pCelular, pFechaVisita, pHoraVisita, pObservaciones, pUsuarioOperacion);
2020-05-22 14:46:40 info:  [visita.js] [Usuario: 3] METODO: BdVisita : SELECT * FROM fVisita ('FOLIO_PRUEBA_0002', 'Silvia Alejandra', 'Acosta', '', 'silvia@sil.com', '', '', '', '2020-05-30', '', '', 3);
2020-05-22 14:46:40 error:  [visita.js] [Usuario: 3] METODO: visita ERROR: " [visita.js] [Usuario: 3] METODO: BdVisita  -  [visita.js] [Usuario: 3] METODO: BdVisita  - FUNCION: fVisita: error: no existe la función fvisita(unknown, unknown, unknown, unknown, unknown, unknown, unknown, unknown, unknown, unknown, unknown, integer)"
2020-05-22 18:34:22 info:  [visita.js] [Usuario: 3] METODO: visita
2020-05-22 18:34:22 info:  [visita.js] [Usuario: 3] METODO: visita, PARAMETROS DE ENTRADA -->  FOLIO_PRUEBA_0002, Silvia Alejandra, Acosta, , silvia@sil.com, , , , 2020-05-30, , , 3
2020-05-22 18:34:22 info:  [visita.js] [Usuario: 3] METODO: BdVisita 
2020-05-22 18:34:22 info:  [visita.js] [Usuario: 3] METODO: BdVisita SELECT * FROM fVisita (pFolio, pNombreContacto, pPaternoContacto, pMaternoContacto, pCorreoElectronico, pTelefonoLada, pExtensionTelefono, pCelular, pFechaVisita, pHoraVisita, pObservaciones, pUsuarioOperacion);
2020-05-22 18:34:22 info:  [visita.js] [Usuario: 3] METODO: BdVisita : SELECT * FROM fVisita ('FOLIO_PRUEBA_0002', 'Silvia Alejandra', 'Acosta', '', 'silvia@sil.com', '', '', '', '2020-05-30', '', '', 3);
2020-05-22 18:34:22 error:  [visita.js] [Usuario: 3] METODO: visita ERROR: "METODO: BdVisita, ERROR: METODO: BdVisita, ERROR: error: no existe la función fvisita(unknown, unknown, unknown, unknown, unknown, unknown, unknown, unknown, unknown, unknown, unknown, integer)"
2020-05-22 18:34:46 info:  [visita.js] [Usuario: 3] METODO: consultaVisita
2020-05-22 18:34:46 info:  [visita.js] [Usuario: 3] METODO: consultaVisita, PARAMETROS DE ENTRADA --> FOLIO_PRUEBA_0002 , 3
2020-05-22 18:34:46 info:  [visita.js] [Usuario: 3] METODO: BdConsultaVisita 
2020-05-22 18:34:46 error:  [visita.js] [Usuario: 3] METODO: consultaVisita "METODO: BdConsultaVisita, Error: METODO: BdConsultaVisita, Error: error: no existe la función fconsultavisita(unknown)"
2020-05-22 18:37:15 info:  [visita.js] [Usuario: 3] METODO: consultaVisita
2020-05-22 18:37:15 info:  [visita.js] [Usuario: 3] METODO: consultaVisita, PARAMETROS DE ENTRADA --> FOLIO_PRUEBA_0002 , 3
2020-05-22 18:37:15 info:  [visita.js] [Usuario: 3] METODO: BdConsultaVisita 
2020-05-22 18:37:16 error:  [visita.js] [Usuario: 3] METODO: consultaVisita 999999999999 "METODO: BdConsultaVisita, Error: METODO: BdConsultaVisita, Error: error: no existe la función fconsultavisita(unknown)"
2020-05-22 18:37:18 info:  [visita.js] [Usuario: 3] METODO: visita
2020-05-22 18:37:18 info:  [visita.js] [Usuario: 3] METODO: visita, PARAMETROS DE ENTRADA -->  FOLIO_PRUEBA_0002, Silvia Alejandra, Acosta, , silvia@sil.com, , , , 2020-05-30, , , 3
2020-05-22 18:37:18 info:  [visita.js] [Usuario: 3] METODO: BdVisita 
2020-05-22 18:37:18 info:  [visita.js] [Usuario: 3] METODO: BdVisita SELECT * FROM fVisita (pFolio, pNombreContacto, pPaternoContacto, pMaternoContacto, pCorreoElectronico, pTelefonoLada, pExtensionTelefono, pCelular, pFechaVisita, pHoraVisita, pObservaciones, pUsuarioOperacion);
2020-05-22 18:37:18 info:  [visita.js] [Usuario: 3] METODO: BdVisita : SELECT * FROM fVisita ('FOLIO_PRUEBA_0002', 'Silvia Alejandra', 'Acosta', '', 'silvia@sil.com', '', '', '', '2020-05-30', '', '', 3);
2020-05-22 18:37:18 error:  [visita.js] [Usuario: 3] METODO: visita ERROR 11: "METODO: BdVisita, ERROR: METODO: BdVisita, ERROR: error: no existe la función fvisita(unknown, unknown, unknown, unknown, unknown, unknown, unknown, unknown, unknown, unknown, unknown, integer)"
2020-05-22 18:42:43 info:  [visita.js] [Usuario: 3] METODO: visita
2020-05-22 18:42:43 info:  [visita.js] [Usuario: 3] METODO: visita, PARAMETROS DE ENTRADA -->  FOLIO_PRUEBA_0002, Silvia Alejandra, Acosta, , silvia@sil.com, , , , 2020-05-30, , , 3
2020-05-22 18:42:43 info:  [visita.js] [Usuario: 3] METODO: BdVisita 
2020-05-22 18:42:43 info:  [visita.js] [Usuario: 3] METODO: BdVisita SELECT * FROM fVisita (pFolio, pNombreContacto, pPaternoContacto, pMaternoContacto, pCorreoElectronico, pTelefonoLada, pExtensionTelefono, pCelular, pFechaVisita, pHoraVisita, pObservaciones, pUsuarioOperacion);
2020-05-22 18:42:43 info:  [visita.js] [Usuario: 3] METODO: BdVisita : SELECT * FROM fVisita ('FOLIO_PRUEBA_0002', 'Silvia Alejandra', 'Acosta', '', 'silvia@sil.com', '', '', '', '2020-05-30', '', '', 3);
2020-05-22 18:42:43 error:  [visita.js] [Usuario: 3] METODO: visita ERROR: "METODO: BdVisita,89898989989 ERROR: BdVisita151515 ERROR: error: no existe la función fvisita(unknown, unknown, unknown, unknown, unknown, unknown, unknown, unknown, unknown, unknown, unknown, integer)"
2020-05-22 18:43:51 info:  [visita.js] [Usuario: 3] METODO: visita
2020-05-22 18:43:51 info:  [visita.js] [Usuario: 3] METODO: visita, PARAMETROS DE ENTRADA -->  FOLIO_PRUEBA_0002, Silvia Alejandra, Acosta, , silvia@sil.com, , , , 2020-05-30, , , 3
2020-05-22 18:43:51 info:  [visita.js] [Usuario: 3] METODO: BdVisita 
2020-05-22 18:43:51 info:  [visita.js] [Usuario: 3] METODO: BdVisita SELECT * FROM fVisita (pFolio, pNombreContacto, pPaternoContacto, pMaternoContacto, pCorreoElectronico, pTelefonoLada, pExtensionTelefono, pCelular, pFechaVisita, pHoraVisita, pObservaciones, pUsuarioOperacion);
2020-05-22 18:43:51 info:  [visita.js] [Usuario: 3] METODO: BdVisita : SELECT * FROM fVisita ('FOLIO_PRUEBA_0002', 'Silvia Alejandra', 'Acosta', '', 'silvia@sil.com', '', '', '', '2020-05-30', '', '', 3);
2020-05-22 18:43:51 error:  [visita.js] [Usuario: 3] METODO: visita ERROR: "METODO: BdVisita, ERROR: error: no existe la función fvisita(unknown, unknown, unknown, unknown, unknown, unknown, unknown, unknown, unknown, unknown, unknown, integer)"
2020-05-22 18:44:52 info:  [visita.js] [Usuario: 3] METODO: consultaVisita
2020-05-22 18:44:52 info:  [visita.js] [Usuario: 3] METODO: consultaVisita, PARAMETROS DE ENTRADA --> FOLIO_PRUEBA_0002 , 3
2020-05-22 18:44:52 info:  [visita.js] [Usuario: 3] METODO: BdConsultaVisita 
2020-05-22 18:44:52 error:  [visita.js] [Usuario: 3] METODO: consultaVisita ERROR "METODO: BdConsultaVisita, error: no existe la función fconsultavisita(unknown)"
2020-05-22 18:45:07 info:  [visita.js] [Usuario: 3] METODO: visita
2020-05-22 18:45:07 info:  [visita.js] [Usuario: 3] METODO: visita, PARAMETROS DE ENTRADA -->  FOLIO_PRUEBA_0002, Silvia Alejandra, Acosta, , silvia@sil.com, , , , 2020-05-30, , , 3
2020-05-22 18:45:07 info:  [visita.js] [Usuario: 3] METODO: BdVisita 
2020-05-22 18:45:07 info:  [visita.js] [Usuario: 3] METODO: BdVisita SELECT * FROM fVisita (pFolio, pNombreContacto, pPaternoContacto, pMaternoContacto, pCorreoElectronico, pTelefonoLada, pExtensionTelefono, pCelular, pFechaVisita, pHoraVisita, pObservaciones, pUsuarioOperacion);
2020-05-22 18:45:07 info:  [visita.js] [Usuario: 3] METODO: BdVisita : SELECT * FROM fVisita ('FOLIO_PRUEBA_0002', 'Silvia Alejandra', 'Acosta', '', 'silvia@sil.com', '', '', '', '2020-05-30', '', '', 3);
2020-05-22 18:45:07 error:  [visita.js] [Usuario: 3] METODO: visita ERROR: "METODO: BdVisita, error: no existe la función fvisita(unknown, unknown, unknown, unknown, unknown, unknown, unknown, unknown, unknown, unknown, unknown, integer)"
2020-05-22 18:48:25 info:  [visita.js] [Usuario: 3] METODO: visita
2020-05-22 18:48:25 info:  [visita.js] [Usuario: 3] METODO: visita, PARAMETROS DE ENTRADA -->  FOLIO_PRUEBA_0002, Silvia Alejandra, Acosta, , silvia@sil.com, , , , 2020-05-30, , , 3
2020-05-22 18:48:25 info:  [visita.js] [Usuario: 3] METODO: BdVisita 
2020-05-22 18:48:25 info:  [visita.js] [Usuario: 3] METODO: BdVisita SELECT * FROM fVisita (pFolio, pNombreContacto, pPaternoContacto, pMaternoContacto, pCorreoElectronico, pTelefonoLada, pExtensionTelefono, pCelular, pFechaVisita, pHoraVisita, pObservaciones, pUsuarioOperacion);
2020-05-22 18:48:25 info:  [visita.js] [Usuario: 3] METODO: BdVisita : SELECT * FROM fVisita ('FOLIO_PRUEBA_0002', 'Silvia Alejandra', 'Acosta', '', 'silvia@sil.com', '', '', '', '2020-05-30', '', '', 3);
2020-05-22 18:48:25 error:  [visita.js] [Usuario: 3] METODO: visita ERROR: "METODO: BdVisita, error: no existe la función fvisita(unknown, unknown, unknown, unknown, unknown, unknown, unknown, unknown, unknown, unknown, unknown, integer)"
2020-05-22 18:48:28 info:  [visita.js] [Usuario: 3] METODO: consultaVisita
2020-05-22 18:48:28 info:  [visita.js] [Usuario: 3] METODO: consultaVisita, PARAMETROS DE ENTRADA --> FOLIO_PRUEBA_0002 , 3
2020-05-22 18:48:28 info:  [visita.js] [Usuario: 3] METODO: BdConsultaVisita 
2020-05-22 18:48:28 error:  [visita.js] [Usuario: 3] METODO: consultaVisita ERROR: "METODO: BdConsultaVisita, error: no existe la función fconsultavisita(unknown)"
2020-05-22 18:49:35 info:  [visita.js] [Usuario: 3] METODO: consultaVisita
2020-05-22 18:49:35 info:  [visita.js] [Usuario: 3] METODO: consultaVisita, PARAMETROS DE ENTRADA --> FOLIO_PRUEBA_0002 , 3
2020-05-22 18:49:35 info:  [visita.js] [Usuario: 3] METODO: BdConsultaVisita 
2020-05-22 18:49:36 info:  [visita.js] [Usuario: 3] METODO: BdConsultaVisita RESULTADO: [{"folio":"FOLIO_PRUEBA_0002","nombrecontacto":"Silvia Alejandra","paternocontacto":"Acosta","maternocontacto":"","correoelectronico":"silvia@sil.com","telefonolada":"","extensiontelefono":"","celular":"","fechavisita":"2020-05-30T05:00:00.000Z","horavisita":"","observaciones":""}]
2020-05-22 18:49:36 info:  [visita.js] [Usuario: 3] METODO: consultaVisita RESPUESTA: ok = true, mensaje = Consulta exitosa
2020-05-22 18:49:39 info:  [visita.js] [Usuario: 3] METODO: visita
2020-05-22 18:49:39 info:  [visita.js] [Usuario: 3] METODO: visita, PARAMETROS DE ENTRADA -->  FOLIO_PRUEBA_0002, Silvia Alejandra, Acosta, , silvia@sil.com, , , , 2020-05-30, , , 3
2020-05-22 18:49:39 info:  [visita.js] [Usuario: 3] METODO: BdVisita 
2020-05-22 18:49:39 info:  [visita.js] [Usuario: 3] METODO: BdVisita SELECT * FROM fVisita (pFolio, pNombreContacto, pPaternoContacto, pMaternoContacto, pCorreoElectronico, pTelefonoLada, pExtensionTelefono, pCelular, pFechaVisita, pHoraVisita, pObservaciones, pUsuarioOperacion);
2020-05-22 18:49:39 info:  [visita.js] [Usuario: 3] METODO: BdVisita : SELECT * FROM fVisita ('FOLIO_PRUEBA_0002', 'Silvia Alejandra', 'Acosta', '', 'silvia@sil.com', '', '', '', '2020-05-30', '', '', 3);
2020-05-22 18:49:39 info:  [visita.js] [Usuario: 3] METODO: BdVisita RESULTADO: [{"resultado":true,"mensaje":"Operación exitosa"}]
2020-05-22 18:49:39 info:  [visita.js] [Usuario: 3] METODO: visita RESPUESTA: ok = true, mensaje = "Operación exitosa"
2020-05-22 18:49:40 info:  [visita.js] [Usuario: 3] METODO: visita
2020-05-22 18:49:40 info:  [visita.js] [Usuario: 3] METODO: visita, PARAMETROS DE ENTRADA -->  FOLIO_PRUEBA_0002, Silvia Alejandra, Acosta, , silvia@sil.com, , , , 2020-05-30, , , 3
2020-05-22 18:49:40 info:  [visita.js] [Usuario: 3] METODO: BdVisita 
2020-05-22 18:49:40 info:  [visita.js] [Usuario: 3] METODO: BdVisita SELECT * FROM fVisita (pFolio, pNombreContacto, pPaternoContacto, pMaternoContacto, pCorreoElectronico, pTelefonoLada, pExtensionTelefono, pCelular, pFechaVisita, pHoraVisita, pObservaciones, pUsuarioOperacion);
2020-05-22 18:49:40 info:  [visita.js] [Usuario: 3] METODO: BdVisita : SELECT * FROM fVisita ('FOLIO_PRUEBA_0002', 'Silvia Alejandra', 'Acosta', '', 'silvia@sil.com', '', '', '', '2020-05-30', '', '', 3);
2020-05-22 18:49:40 info:  [visita.js] [Usuario: 3] METODO: BdVisita RESULTADO: [{"resultado":true,"mensaje":"Operación exitosa"}]
2020-05-22 18:49:40 info:  [visita.js] [Usuario: 3] METODO: visita RESPUESTA: ok = true, mensaje = "Operación exitosa"
2020-05-22 18:55:16 info:  [visita.js] [Usuario: 3] METODO: consultaVisita
2020-05-22 18:55:16 info:  [visita.js] [Usuario: 3] METODO: consultaVisita, PARAMETROS DE ENTRADA --> FOLIO_PRUEBA_0002
2020-05-22 18:55:16 info:  [visita.js] [Usuario: 3] METODO: BdConsultaVisita 
2020-05-22 18:55:16 info:  [visita.js] [Usuario: 3] METODO: BdConsultaVisita SELECT * FROM fConsultaVisita (pFolio);
2020-05-22 18:55:16 info:  [visita.js] [Usuario: 3] METODO: BdConsultaVisita : SELECT * FROM fConsultaVisita ('FOLIO_PRUEBA_0002');
2020-05-22 18:55:16 info:  [visita.js] [Usuario: 3] METODO: BdConsultaVisita RESULTADO: [{"folio":"FOLIO_PRUEBA_0002","nombrecontacto":"Silvia Alejandra","paternocontacto":"Acosta","maternocontacto":"","correoelectronico":"silvia@sil.com","telefonolada":"","extensiontelefono":"","celular":"","fechavisita":"2020-05-30T05:00:00.000Z","horavisita":"","observaciones":""}]
2020-05-22 18:55:16 info:  [visita.js] [Usuario: 3] METODO: consultaVisita RESPUESTA: ok = true, mensaje = Consulta exitosa
2020-05-22 18:55:18 info:  [visita.js] [Usuario: 3] METODO: visita
2020-05-22 18:55:18 info:  [visita.js] [Usuario: 3] METODO: visita, PARAMETROS DE ENTRADA -->  FOLIO_PRUEBA_0002, Silvia Alejandra, Acosta, , silvia@sil.com, , , , 2020-05-30, , , 3
2020-05-22 18:55:18 info:  [visita.js] [Usuario: 3] METODO: BdVisita 
2020-05-22 18:55:18 info:  [visita.js] [Usuario: 3] METODO: BdVisita SELECT * FROM fVisita (pFolio, pNombreContacto, pPaternoContacto, pMaternoContacto, pCorreoElectronico, pTelefonoLada, pExtensionTelefono, pCelular, pFechaVisita, pHoraVisita, pObservaciones, pUsuarioOperacion);
2020-05-22 18:55:18 info:  [visita.js] [Usuario: 3] METODO: BdVisita : SELECT * FROM fVisita ('FOLIO_PRUEBA_0002', 'Silvia Alejandra', 'Acosta', '', 'silvia@sil.com', '', '', '', '2020-05-30', '', '', 3);
2020-05-22 18:55:18 info:  [visita.js] [Usuario: 3] METODO: BdVisita RESULTADO: [{"resultado":true,"mensaje":"Operación exitosa"}]
2020-05-22 18:55:18 info:  [visita.js] [Usuario: 3] METODO: visita RESPUESTA: ok = true, mensaje = "Operación exitosa"
2020-05-22 18:56:23 info:  [visita.js] [Usuario: 3] METODO: consultaVisita
2020-05-22 18:56:23 info:  [visita.js] [Usuario: 3] METODO: consultaVisita, PARAMETROS DE ENTRADA --> FOLIO_PRUEBA_0002ddd
2020-05-22 18:56:23 info:  [visita.js] [Usuario: 3] METODO: BdConsultaVisita 
2020-05-22 18:56:23 info:  [visita.js] [Usuario: 3] METODO: BdConsultaVisita SELECT * FROM fConsultaVisita (pFolio);
2020-05-22 18:56:23 info:  [visita.js] [Usuario: 3] METODO: BdConsultaVisita : SELECT * FROM fConsultaVisita ('FOLIO_PRUEBA_0002ddd');
2020-05-22 18:56:23 info:  [visita.js] [Usuario: 3] METODO: BdConsultaVisita RESULTADO: []
2020-05-22 18:56:23 info:  [visita.js] [Usuario: 3] METODO: consultaVisita RESPUESTA: ok = false, mensaje = No se encontró información con el folio indicado
2020-05-22 18:56:59 info:  [visita.js] [Usuario: 3] METODO: consultaVisita
2020-05-22 18:56:59 info:  [visita.js] [Usuario: 3] METODO: consultaVisita, PARAMETROS DE ENTRADA --> FOLIO_PRUEBA_0002
2020-05-22 18:56:59 info:  [visita.js] [Usuario: 3] METODO: BdConsultaVisita 
2020-05-22 18:56:59 info:  [visita.js] [Usuario: 3] METODO: BdConsultaVisita SELECT * FROM fConsultaVisita (pFolio);
2020-05-22 18:56:59 info:  [visita.js] [Usuario: 3] METODO: BdConsultaVisita : SELECT * FROM fConsultaVisita ('FOLIO_PRUEBA_0002');
2020-05-22 18:56:59 info:  [visita.js] [Usuario: 3] METODO: BdConsultaVisita RESULTADO: [{"folio":"FOLIO_PRUEBA_0002","nombrecontacto":"Silvia Alejandra","paternocontacto":"Acosta","maternocontacto":"","correoelectronico":"silvia@sil.com","telefonolada":"","extensiontelefono":"","celular":"","fechavisita":"2020-05-30T05:00:00.000Z","horavisita":"","observaciones":""}]
2020-05-22 18:56:59 info:  [visita.js] [Usuario: 3] METODO: consultaVisita RESPUESTA: ok = true, mensaje = Consulta exitosa
2020-05-22 18:57:15 info:  [visita.js] [Usuario: 3] METODO: visita
2020-05-22 18:57:15 info:  [visita.js] [Usuario: 3] METODO: visita, PARAMETROS DE ENTRADA -->  FOLIO_PRUEBA_0002, Silvia Alejandra, Acosta, , silvia@sil.com, , , , 2020-35-30, , , 3
2020-05-22 18:57:15 info:  [visita.js] [Usuario: 3] METODO: BdVisita 
2020-05-22 18:57:15 info:  [visita.js] [Usuario: 3] METODO: BdVisita SELECT * FROM fVisita (pFolio, pNombreContacto, pPaternoContacto, pMaternoContacto, pCorreoElectronico, pTelefonoLada, pExtensionTelefono, pCelular, pFechaVisita, pHoraVisita, pObservaciones, pUsuarioOperacion);
2020-05-22 18:57:15 info:  [visita.js] [Usuario: 3] METODO: BdVisita : SELECT * FROM fVisita ('FOLIO_PRUEBA_0002', 'Silvia Alejandra', 'Acosta', '', 'silvia@sil.com', '', '', '', '2020-35-30', '', '', 3);
2020-05-22 18:57:15 info:  [visita.js] [Usuario: 3] METODO: BdVisita RESULTADO: [{"resultado":false,"mensaje":"el valor de hora/fecha está fuera de rango: «2020-35-30»"}]
2020-05-22 18:57:15 info:  [visita.js] [Usuario: 3] METODO: visita RESPUESTA: ok = false, mensaje = "el valor de hora/fecha está fuera de rango: «2020-35-30»"
2020-05-22 18:58:15 info:  [visita.js] [Usuario: 3] METODO: visita
2020-05-22 19:01:41 info: verificaToken  Error: Se generó un error en la verificación del token
2020-05-22 19:02:23 info:  [visita.js] [Usuario: 3] METODO: visita
2020-05-22 19:03:04 info:  [visita.js] [Usuario: 3] METODO: visita
2020-05-22 19:03:04 info:  [visita.js] TypeError: Cannot read property 'trim' of undefined
2020-05-22 19:03:56 info:  [visita.js] [Usuario: 3] METODO: visita
2020-05-22 19:03:56 info:  [visita.js] TypeError: Cannot read property 'trim' of undefined
2020-05-22 19:05:20 info:  [visita.js] [Usuario: 3] METODO: visita
2020-05-22 19:05:20 info:  [visita.js] TypeError: Cannot read property 'trim' of undefined
2020-05-22 19:06:10 info:  [visita.js] [Usuario: 3] METODO: visita
2020-05-22 19:06:10 info:  [visita.js] TypeError: Cannot read property 'trim' of undefined
2020-05-22 19:07:04 info:  [visita.js] [Usuario: 3] METODO: visita
2020-05-22 19:07:04 info:  [visita.js] TypeError: Cannot read property 'trim' of undefined
    at C:\ProyectoAvaluos\ServiciosAvaluos\server\routes\visita.js:30:33
    at Layer.handle [as handle_request] (C:\ProyectoAvaluos\ServiciosAvaluos\node_modules\express\lib\router\layer.js:95:5)
    at next (C:\ProyectoAvaluos\ServiciosAvaluos\node_modules\express\lib\router\route.js:137:13)
    at C:\ProyectoAvaluos\ServiciosAvaluos\server\middlewares\autenticacion.js:22:9
    at C:\ProyectoAvaluos\ServiciosAvaluos\node_modules\jsonwebtoken\verify.js:223:12
    at getSecret (C:\ProyectoAvaluos\ServiciosAvaluos\node_modules\jsonwebtoken\verify.js:90:14)
    at Object.module.exports [as verify] (C:\ProyectoAvaluos\ServiciosAvaluos\node_modules\jsonwebtoken\verify.js:94:10)
    at verificaToken (C:\ProyectoAvaluos\ServiciosAvaluos\server\middlewares\autenticacion.js:11:9)
    at Layer.handle [as handle_request] (C:\ProyectoAvaluos\ServiciosAvaluos\node_modules\express\lib\router\layer.js:95:5)
    at next (C:\ProyectoAvaluos\ServiciosAvaluos\node_modules\express\lib\router\route.js:137:13)
2020-05-22 19:07:30 info: verificaToken  Error: Se generó un error en la verificación del token
2020-05-22 19:07:56 info:  [visita.js] [Usuario: 3] METODO: visita
2020-05-22 19:07:56 info:  [visita.js] TypeError: Cannot read property 'trim' of undefined
    at C:\ProyectoAvaluos\ServiciosAvaluos\server\routes\visita.js:30:33
    at Layer.handle [as handle_request] (C:\ProyectoAvaluos\ServiciosAvaluos\node_modules\express\lib\router\layer.js:95:5)
    at next (C:\ProyectoAvaluos\ServiciosAvaluos\node_modules\express\lib\router\route.js:137:13)
    at C:\ProyectoAvaluos\ServiciosAvaluos\server\middlewares\autenticacion.js:22:9
    at C:\ProyectoAvaluos\ServiciosAvaluos\node_modules\jsonwebtoken\verify.js:223:12
    at getSecret (C:\ProyectoAvaluos\ServiciosAvaluos\node_modules\jsonwebtoken\verify.js:90:14)
    at Object.module.exports [as verify] (C:\ProyectoAvaluos\ServiciosAvaluos\node_modules\jsonwebtoken\verify.js:94:10)
    at verificaToken (C:\ProyectoAvaluos\ServiciosAvaluos\server\middlewares\autenticacion.js:11:9)
    at Layer.handle [as handle_request] (C:\ProyectoAvaluos\ServiciosAvaluos\node_modules\express\lib\router\layer.js:95:5)
    at next (C:\ProyectoAvaluos\ServiciosAvaluos\node_modules\express\lib\router\route.js:137:13)
2020-05-22 19:08:13 info:  [visita.js] [Usuario: 3] METODO: visita
2020-05-22 19:08:13 info:  [visita.js] TypeError: Cannot read property 'trim' of undefined
    at C:\ProyectoAvaluos\ServiciosAvaluos\server\routes\visita.js:30:33
    at Layer.handle [as handle_request] (C:\ProyectoAvaluos\ServiciosAvaluos\node_modules\express\lib\router\layer.js:95:5)
    at next (C:\ProyectoAvaluos\ServiciosAvaluos\node_modules\express\lib\router\route.js:137:13)
    at C:\ProyectoAvaluos\ServiciosAvaluos\server\middlewares\autenticacion.js:22:9
    at C:\ProyectoAvaluos\ServiciosAvaluos\node_modules\jsonwebtoken\verify.js:223:12
    at getSecret (C:\ProyectoAvaluos\ServiciosAvaluos\node_modules\jsonwebtoken\verify.js:90:14)
    at Object.module.exports [as verify] (C:\ProyectoAvaluos\ServiciosAvaluos\node_modules\jsonwebtoken\verify.js:94:10)
    at verificaToken (C:\ProyectoAvaluos\ServiciosAvaluos\server\middlewares\autenticacion.js:11:9)
    at Layer.handle [as handle_request] (C:\ProyectoAvaluos\ServiciosAvaluos\node_modules\express\lib\router\layer.js:95:5)
    at next (C:\ProyectoAvaluos\ServiciosAvaluos\node_modules\express\lib\router\route.js:137:13)
2020-05-22 19:08:57 info:  [visita.js] [Usuario: 3] METODO: visita
2020-05-22 19:08:57 info:  [visita.js] TypeError: Cannot read property 'trim' of undefined
2020-05-22 19:10:16 info:  [visita.js] [Usuario: 3] METODO: visita
2020-05-22 19:10:16 info:  [visita.js] TypeError: Cannot read property 'trim' of undefined
    at C:\ProyectoAvaluos\ServiciosAvaluos\server\routes\visita.js:30:33
    at Layer.handle [as handle_request] (C:\ProyectoAvaluos\ServiciosAvaluos\node_modules\express\lib\router\layer.js:95:5)
    at next (C:\ProyectoAvaluos\ServiciosAvaluos\node_modules\express\lib\router\route.js:137:13)
    at C:\ProyectoAvaluos\ServiciosAvaluos\server\middlewares\autenticacion.js:22:9
    at C:\ProyectoAvaluos\ServiciosAvaluos\node_modules\jsonwebtoken\verify.js:223:12
    at getSecret (C:\ProyectoAvaluos\ServiciosAvaluos\node_modules\jsonwebtoken\verify.js:90:14)
    at Object.module.exports [as verify] (C:\ProyectoAvaluos\ServiciosAvaluos\node_modules\jsonwebtoken\verify.js:94:10)
    at verificaToken (C:\ProyectoAvaluos\ServiciosAvaluos\server\middlewares\autenticacion.js:11:9)
    at Layer.handle [as handle_request] (C:\ProyectoAvaluos\ServiciosAvaluos\node_modules\express\lib\router\layer.js:95:5)
    at next (C:\ProyectoAvaluos\ServiciosAvaluos\node_modules\express\lib\router\route.js:137:13)
