2020-08-07 13:31:10 info:  [descGralInmueble.js] [Usuario: 5] METODO: listaDesGralInmueble
2020-08-07 13:31:10 info:  [descGralInmueble.js] [Usuario: 5] METODO: listaDesGralInmueble, PARAMETROS DE ENTRADA --> 
2020-08-07 13:31:10 error:  [descGralInmueble.js] [Usuario: 5] METODO: listaDesGralInmueble , No es válido el valor indicado para el dato: Catalogo
2020-08-07 13:31:24 info:  [descGralInmueble.js] [Usuario: 5] METODO: listaDesGralInmueble
2020-08-07 13:31:24 info:  [descGralInmueble.js] [Usuario: 5] METODO: listaDesGralInmueble, PARAMETROS DE ENTRADA --> PARTIDASCONSERVACION
2020-08-07 13:31:24 info:  [descGralInmueble.js] [Usuario: 5] METODO: BdListaDesGralInmueble 
2020-08-07 13:31:24 info:  [descGralInmueble.js] [Usuario: 5] METODO: BdListaDesGralInmueble  SELECT * FROM fCatDesGralInmueble('PARTIDASCONSERVACION');
2020-08-07 13:31:24 info:  [descGralInmueble.js] [Usuario: 5] METODO: BdListaDesGralInmueble RESULTADO: [{"clave":1,"clavestr":"","descripcion":"EXCELENTE O NUEVO"},{"clave":2,"clavestr":"","descripcion":"EFICIENTE O FUNCIONAL"},{"clave":3,"clavestr":"","descripcion":"UTILIZABLE O SUFICIENTE"},{"clave":4,"clavestr":"","descripcion":"INADECUADO O DEFICIENTE"},{"clave":5,"clavestr":"","descripcion":"DAÑADO O INCOMPLETO"},{"clave":6,"clavestr":"","descripcion":"INEXISTENTE O INSERVIBLE"},{"clave":7,"clavestr":"","descripcion":"NO APLICA"}]
2020-08-07 13:31:24 info:  [descGralInmueble.js] [Usuario: 5] METODO: listaDesGralInmueble RESPUESTA: ok = true, mensaje = Consulta exitosa, codigo =  AV200
2020-08-07 13:31:36 info:  [descGralInmueble.js] [Usuario: 5] METODO: listaDesGralInmueble
2020-08-07 13:31:36 info:  [descGralInmueble.js] [Usuario: 5] METODO: listaDesGralInmueble, PARAMETROS DE ENTRADA --> PARTIDASCONSERVA
2020-08-07 13:31:36 info:  [descGralInmueble.js] [Usuario: 5] METODO: BdListaDesGralInmueble 
2020-08-07 13:31:36 info:  [descGralInmueble.js] [Usuario: 5] METODO: BdListaDesGralInmueble  SELECT * FROM fCatDesGralInmueble('PARTIDASCONSERVA');
2020-08-07 13:31:36 info:  [descGralInmueble.js] [Usuario: 5] METODO: BdListaDesGralInmueble RESULTADO: []
2020-08-07 13:31:36 info:  [descGralInmueble.js] [Usuario: 5] METODO: listaDesGralInmueble RESPUESTA: ok = false, mensaje = No se encontró información, codigo =  AV201
2020-08-07 13:31:46 info:  [descGralInmueble.js] [Usuario: 5] METODO: listaDesGralInmueble
2020-08-07 13:31:46 info:  [descGralInmueble.js] [Usuario: 5] METODO: listaDesGralInmueble, PARAMETROS DE ENTRADA --> CLASECONSTRUCCION
2020-08-07 13:31:46 info:  [descGralInmueble.js] [Usuario: 5] METODO: BdListaDesGralInmueble 
2020-08-07 13:31:46 info:  [descGralInmueble.js] [Usuario: 5] METODO: BdListaDesGralInmueble  SELECT * FROM fCatDesGralInmueble('CLASECONSTRUCCION');
2020-08-07 13:31:47 info:  [descGralInmueble.js] [Usuario: 5] METODO: BdListaDesGralInmueble RESULTADO: [{"clave":0,"clavestr":"1","descripcion":"PRECARIA"},{"clave":0,"clavestr":"2","descripcion":"ECONÓMICA"},{"clave":0,"clavestr":"3","descripcion":"MEDIA"},{"clave":0,"clavestr":"4","descripcion":"BUENA"},{"clave":0,"clavestr":"5","descripcion":"MUY BUENA"},{"clave":0,"clavestr":"6","descripcion":"LUJO"},{"clave":0,"clavestr":"7","descripcion":"ESPECIAL"}]
2020-08-07 13:31:47 info:  [descGralInmueble.js] [Usuario: 5] METODO: listaDesGralInmueble RESPUESTA: ok = true, mensaje = Consulta exitosa, codigo =  AV200
2020-08-07 14:21:57 info:  [descGralInmTablaConserva.js] [Usuario: 5] METODO: tablaConservacion
2020-08-07 14:21:57 info:  [descGralInmTablaConserva.js] [Usuario: 5] METODO: tablaConservacion, PARAMETROS DE ENTRADA -->  , , undefined,undefined, 5
2020-08-07 14:21:57 error:  [descGralInmTablaConserva.js] [Usuario: 5] METODO: tablaConservacion  No es válido el valor indicado para el dato: Folio, No es válido el valor indicado para el dato: Id Clase Construccion
2020-08-07 14:22:16 info:  [descGralInmTablaConserva.js] [Usuario: 5] METODO: tablaConservacion
2020-08-07 14:22:16 info:  [descGralInmTablaConserva.js] [Usuario: 5] METODO: tablaConservacion, PARAMETROS DE ENTRADA -->  , undefined, undefined,undefined, 5
2020-08-07 14:22:16 error:  [descGralInmTablaConserva.js] [Usuario: 5] METODO: tablaConservacion  No es válido el valor indicado para el dato: Folio
2020-08-07 14:22:22 info:  [descGralInmTablaConserva.js] [Usuario: 5] METODO: tablaConservacion
2020-08-07 14:22:22 info:  [descGralInmTablaConserva.js] [Usuario: 5] METODO: tablaConservacion, PARAMETROS DE ENTRADA -->  undefined, undefined, undefined,undefined, 5
2020-08-07 14:22:22 info:  [descGralInmTablaConserva.js] ERROR: TypeError: Cannot read property 'trim' of undefined
2020-08-07 14:23:22 info:  [descGralInmTablaConserva.js] [Usuario: 5] METODO: tablaConservacion
2020-08-07 14:23:22 info:  [descGralInmTablaConserva.js] [Usuario: 5] METODO: tablaConservacion, PARAMETROS DE ENTRADA -->  undefined, undefined, undefined,undefined, 5
2020-08-07 14:23:22 info:  [descGralInmTablaConserva.js] [Usuario: 8] METODO: BdTablaConservacion 
2020-08-07 14:23:22 info:  [descGralInmTablaConserva.js] [Usuario: 8] METODO: BdTablaConservacion SELECT * FROM fTablaConservacionReg(pFolio, pIdClaseConstruccion, pIdPartidaPorcentaje,  pIdPartidaConserva, pUsuarioOperacion);
2020-08-07 14:23:22 info: SELECT * FROM fTablaConservacionReg( 'undefined',  'undefined',(undefined::smallint),(undefined::smallint),5);
2020-08-07 14:23:22 info:  [descGralInmTablaConserva.js] [Usuario: 8] METODO: BdTablaConservacion ERROR: error: no existe la columna «undefined» CODIGO_BD(42703)
2020-08-07 14:23:22 error:  [descGralInmTablaConserva.js] [Usuario: 5] METODO: tablaConservacion RESPUESTA: ok = false, mensaje = no existe la columna «undefined» CODIGO_BD(42703)
2020-08-07 14:27:36 info:  [descGralInmTablaConserva.js] [Usuario: 5] METODO: tablaConservacion
2020-08-07 14:27:36 info:  [descGralInmTablaConserva.js] [Usuario: 5] METODO: tablaConservacion, PARAMETROS DE ENTRADA -->  undefined, undefined, undefined,undefined, 5
2020-08-07 14:27:36 error:  [descGralInmTablaConserva.js] [Usuario: 5] METODO: tablaConservacion  No es válido el valor indicado para el dato: Folio, No es válido el valor indicado para el dato: Id Clase Construccion, No es válido el valor indicado para el dato: Id Partida Porcentaje, No es válido el valor indicado para el dato: Id Partida Conserva
2020-08-07 14:37:29 info:  [descGralInmTablaConserva.js] [Usuario: 5] METODO: tablaConservacion
2020-08-07 14:37:29 info:  [descGralInmTablaConserva.js] [Usuario: 5] METODO: tablaConservacion, PARAMETROS DE ENTRADA -->  FOLIO_PRUEBA_0033, 1, undefined,undefined, 5
2020-08-07 14:37:29 error:  [descGralInmTablaConserva.js] [Usuario: 5] METODO: tablaConservacion  No es válido el valor indicado para el dato: Id Partida Porcentaje, No es válido el valor indicado para el dato: Id Partida Conserva
2020-08-07 14:37:54 info:  [descGralInmTablaConserva.js] [Usuario: 5] METODO: tablaConservacion
2020-08-07 14:37:54 info:  [descGralInmTablaConserva.js] [Usuario: 5] METODO: tablaConservacion, PARAMETROS DE ENTRADA -->  FOLIO_PRUEBA_0033, 1, 1,1, 5
2020-08-07 14:37:54 info:  [descGralInmTablaConserva.js] [Usuario: 8] METODO: BdTablaConservacion 
2020-08-07 14:37:54 info:  [descGralInmTablaConserva.js] [Usuario: 8] METODO: BdTablaConservacion SELECT * FROM fTablaConservacionReg(pFolio, pIdClaseConstruccion, pIdPartidaPorcentaje,  pIdPartidaConserva, pUsuarioOperacion);
2020-08-07 14:37:54 info: SELECT * FROM fTablaConservacionReg( 'FOLIO_PRUEBA_0033',  '1',(1::smallint),(1::smallint),5);
2020-08-07 14:37:55 info:  [descGralInmTablaConserva.js] [Usuario: 8] METODO: BdTablaConservacion RESULTADO: [{"resultado":true,"mensaje":"Operación exitosa","idpartidaporcentaje":1,"descripcionpartidaporcentaje":"CIMENTACIÓN","puntospartida":"13.750","idpartidaconserva":1,"manttrequerido":"NULO","factor":"1.00","indiceconservacion":"30.000","puntosajustados":"13.75","totalpuntosajustados":"0","estadogralconservacion":"","vidaminimaremanente":"0","indicecostosremanente":"0"}]
2020-08-07 14:37:55 info:  [descGralInmTablaConserva.js] [Usuario: 5] METODO: tablaConservacion RESPUESTA: ok = true, mensaje = "Operación exitosa", codigo = AV200
2020-08-07 15:38:51 info:  [descGralInmTablaConserva.js] [Usuario: 5] METODO: tablaConservacion
2020-08-07 15:38:51 info:  [descGralInmTablaConserva.js] [Usuario: 5] METODO: tablaConservacion, PARAMETROS DE ENTRADA -->  FOLIO_PRUEBA_0033, 1, 1,1, 5
2020-08-07 15:38:51 info:  [descGralInmTablaConserva.js] [Usuario: 8] METODO: BdTablaConservacion 
2020-08-07 15:38:51 info:  [descGralInmTablaConserva.js] [Usuario: 8] METODO: BdTablaConservacion SELECT * FROM fTablaConservacionReg(pFolio, pIdClaseConstruccion, pIdPartidaPorcentaje,  pIdPartidaConserva, pUsuarioOperacion);
2020-08-07 15:38:51 info: SELECT * FROM fTablaConservacionReg( 'FOLIO_PRUEBA_0033',  '1',(1::smallint),(1::smallint),5);
2020-08-07 15:38:51 info:  [descGralInmTablaConserva.js] [Usuario: 8] METODO: BdTablaConservacion RESULTADO: [{"resultado":true,"mensaje":"Operación exitosa","idpartidaporcentaje":1,"descripcionpartidaporcentaje":"CIMENTACIÓN","puntospartida":"13.750","idpartidaconserva":1,"manttrequerido":"NULO","factor":"1.00","indiceconservacion":"30.000","puntosajustados":"13.75","totalpuntosajustados":"0","estadogralconservacion":"","vidaminimaremanente":"0","indicecostosremanente":"0"}]
2020-08-07 15:38:51 info:  [descGralInmTablaConserva.js] [Usuario: 5] METODO: tablaConservacion RESPUESTA: ok = true, mensaje = "Operación exitosa", codigo = AV200
2020-08-07 15:42:35 info:  [descGralInmTablaConserva.js] [Usuario: 5] METODO: tablaConservacion
2020-08-07 15:42:35 info:  [descGralInmTablaConserva.js] [Usuario: 5] METODO: tablaConservacion, PARAMETROS DE ENTRADA -->  FOLIO_PRUEBA_0033, 1, 1,1, 5
2020-08-07 15:42:35 info:  [descGralInmTablaConserva.js] [Usuario: 8] METODO: BdTablaConservacion 
2020-08-07 15:42:35 info:  [descGralInmTablaConserva.js] [Usuario: 8] METODO: BdTablaConservacion SELECT * FROM fTablaConservacionReg(pFolio, pIdClaseConstruccion, pIdPartidaPorcentaje,  pIdPartidaConserva, pUsuarioOperacion);
2020-08-07 15:42:35 info: SELECT * FROM fTablaConservacionReg( 'FOLIO_PRUEBA_0033',  '1',(1::smallint),(1::smallint),5);
2020-08-07 15:42:36 info:  [descGralInmTablaConserva.js] [Usuario: 8] METODO: BdTablaConservacion RESULTADO: [{"resultado":true,"mensaje":"Operación exitosa","idpartidaporcentaje":1,"descripcionpartidaporcentaje":"CIMENTACIÓN","puntospartida":"13.750","idpartidaconserva":1,"manttrequerido":"NULO","factor":"1.00","indiceconservacion":"30.000","puntosajustados":"13.75","totalpuntosajustados":"0","estadogralconservacion":"","vidaminimaremanente":"0","indicecostosremanente":"0"}]
2020-08-07 15:42:36 info:  [descGralInmTablaConserva.js] [Usuario: 5] METODO: tablaConservacion RESPUESTA: ok = true, mensaje = "Operación exitosa", codigo = AV200
2020-08-07 15:44:04 info:  [descGralInmTablaConserva.js] [Usuario: 5] METODO: tablaConservacion
2020-08-07 15:44:04 info:  [descGralInmTablaConserva.js] [Usuario: 5] METODO: tablaConservacion, PARAMETROS DE ENTRADA -->  FOLIO_PRUEBA_0033, 1, 1,1, 5
2020-08-07 15:44:04 info:  [descGralInmTablaConserva.js] [Usuario: 8] METODO: BdTablaConservacion 
2020-08-07 15:44:04 info:  [descGralInmTablaConserva.js] [Usuario: 8] METODO: BdTablaConservacion SELECT * FROM fTablaConservacionReg(pFolio, pIdClaseConstruccion, pIdPartidaPorcentaje,  pIdPartidaConserva, pUsuarioOperacion);
2020-08-07 15:44:04 info: SELECT * FROM fTablaConservacionReg( 'FOLIO_PRUEBA_0033',  '1',(1::smallint),(1::smallint),5);
2020-08-07 15:44:04 info:  [descGralInmTablaConserva.js] [Usuario: 8] METODO: BdTablaConservacion RESULTADO: [{"resultado":true,"mensaje":"Operación exitosa","idpartidaporcentaje":1,"descripcionpartidaporcentaje":"CIMENTACIÓN","puntospartida":"13.750","idpartidaconserva":1,"manttrequerido":"NULO","factor":"1.00","indiceconservacion":"30.000","puntosajustados":"13.75","totalpuntosajustados":"0","estadogralconservacion":"","vidaminimaremanente":"0","indicecostosremanente":"0"}]
2020-08-07 15:44:04 info:  [descGralInmTablaConserva.js] [Usuario: 5] METODO: tablaConservacion RESPUESTA: ok = true, mensaje = "Operación exitosa", codigo = AV200
2020-08-07 15:45:51 info:  [descGralInmTablaConserva.js] [Usuario: 5] METODO: tablaConservacion
2020-08-07 15:45:51 info:  [descGralInmTablaConserva.js] [Usuario: 5] METODO: tablaConservacion, PARAMETROS DE ENTRADA -->  FOLIO_PRUEBA_0033, 1, 1,2, 5
2020-08-07 15:45:51 info:  [descGralInmTablaConserva.js] [Usuario: 8] METODO: BdTablaConservacion 
2020-08-07 15:45:51 info:  [descGralInmTablaConserva.js] [Usuario: 8] METODO: BdTablaConservacion SELECT * FROM fTablaConservacionReg(pFolio, pIdClaseConstruccion, pIdPartidaPorcentaje,  pIdPartidaConserva, pUsuarioOperacion);
2020-08-07 15:45:51 info: SELECT * FROM fTablaConservacionReg( 'FOLIO_PRUEBA_0033',  '1',(1::smallint),(2::smallint),5);
2020-08-07 15:45:51 info:  [descGralInmTablaConserva.js] [Usuario: 8] METODO: BdTablaConservacion RESULTADO: [{"resultado":true,"mensaje":"Operación exitosa","idpartidaporcentaje":1,"descripcionpartidaporcentaje":"CIMENTACIÓN","puntospartida":"13.750","idpartidaconserva":2,"manttrequerido":"BAJO","factor":"0.90","indiceconservacion":"27.000","puntosajustados":"12.38","totalpuntosajustados":"0","estadogralconservacion":"","vidaminimaremanente":"0","indicecostosremanente":"0"}]
2020-08-07 15:45:51 info:  [descGralInmTablaConserva.js] [Usuario: 5] METODO: tablaConservacion RESPUESTA: ok = true, mensaje = "Operación exitosa", codigo = AV200
2020-08-07 16:41:34 info:  [descGralInmTablaConserva.js] [Usuario: 5] METODO: consultaTablaConservacion
2020-08-07 16:41:34 info:  [descGralInmTablaConserva.js] [Usuario: 5] METODO: consultaTablaConservacion, PARAMETROS DE ENTRADA --> undefined, undefined
2020-08-07 16:41:34 error:  [descGralInmTablaConserva.js] [Usuario: 5] METODO: consultaTablaConservacion , No es válido el valor indicado para el dato: Folio
2020-08-07 16:41:48 info:  [descGralInmTablaConserva.js] [Usuario: 5] METODO: consultaTablaConservacion
2020-08-07 16:41:48 info:  [descGralInmTablaConserva.js] [Usuario: 5] METODO: consultaTablaConservacion, PARAMETROS DE ENTRADA --> FOLIO_PRUEBA_0033, undefined
2020-08-07 16:41:48 info:  [descGralInmTablaConserva.js] [Usuario: 5] METODO: BdConsultaTablaConservacion 
2020-08-07 16:41:48 info:  [descGralInmTablaConserva.js] [Usuario: 5] METODO: BdConsultaTablaConservacion  SELECT * FROM fConsultaTablaConservacionAct(pFolio, pClase);
2020-08-07 16:41:48 info:  [descGralInmTablaConserva.js]  ERROR: ReferenceError: pIdClaseConstruccion is not defined 
2020-08-07 16:41:48 info:  [descGralInmTablaConserva.js]  ERROR: Se presentó un error en BdConsultaTablaConservacion: ReferenceError: pIdClaseConstruccion is not defined
2020-08-07 16:43:38 info:  [descGralInmTablaConserva.js] [Usuario: 5] METODO: consultaTablaConservacion
2020-08-07 16:43:38 info:  [descGralInmTablaConserva.js] [Usuario: 5] METODO: consultaTablaConservacion, PARAMETROS DE ENTRADA --> FOLIO_PRUEBA_0033, undefined
2020-08-07 16:43:38 info:  [descGralInmTablaConserva.js] [Usuario: 5] METODO: BdConsultaTablaConservacion 
2020-08-07 16:43:38 info:  [descGralInmTablaConserva.js] [Usuario: 5] METODO: BdConsultaTablaConservacion  SELECT * FROM fConsultaTablaConservacionAct(pFolio, pClase);
2020-08-07 16:43:38 error:  [descGralInmTablaConserva.js]  ERROR: ReferenceError: pIdClaseConstruccion is not defined 
2020-08-07 16:43:38 info:  [descGralInmTablaConserva.js]  ERROR: Se presentó un error en BdConsultaTablaConservacion: ReferenceError: pIdClaseConstruccion is not defined
2020-08-07 16:46:57 info:  [descGralInmTablaConserva.js] [Usuario: 5] METODO: consultaTablaConservacion
2020-08-07 16:46:57 info:  [descGralInmTablaConserva.js] [Usuario: 5] METODO: consultaTablaConservacion, PARAMETROS DE ENTRADA --> FOLIO_PRUEBA_0033, undefined
2020-08-07 16:46:57 info:  [descGralInmTablaConserva.js] [Usuario: 5] METODO: BdConsultaTablaConservacion 
2020-08-07 16:46:57 info:  [descGralInmTablaConserva.js] [Usuario: 5] METODO: BdConsultaTablaConservacion  SELECT * FROM fConsultaTablaConservacionAct(pFolio, pClase);
2020-08-07 16:46:57 error:  [descGralInmTablaConserva.js]  ERROR: ReferenceError: pIdClaseConstruccion is not defined 
2020-08-07 16:46:57 info:  [descGralInmTablaConserva.js]  ERROR: Se presentó un error en BdConsultaTablaConservacion: ReferenceError: pIdClaseConstruccion is not defined
2020-08-07 16:47:44 info:  [descGralInmTablaConserva.js] [Usuario: 5] METODO: consultaTablaConservacion
2020-08-07 16:47:44 info:  [descGralInmTablaConserva.js] [Usuario: 5] METODO: consultaTablaConservacion, PARAMETROS DE ENTRADA --> FOLIO_PRUEBA_0033, undefined
2020-08-07 16:47:44 info:  [descGralInmTablaConserva.js] [Usuario: 5] METODO: BdConsultaTablaConservacion 
2020-08-07 16:47:44 info:  [descGralInmTablaConserva.js] [Usuario: 5] METODO: BdConsultaTablaConservacion  SELECT * FROM fConsultaTablaConservacionAct(pFolio, pClase);
2020-08-07 16:47:44 error:  [descGralInmTablaConserva.js]  ERROR: ReferenceError: pIdClaseConstruccion is not defined 
2020-08-07 16:47:44 error:  [descGralInmTablaConserva.js]  ERROR: Se presentó un error en BdConsultaTablaConservacion: ReferenceError: pIdClaseConstruccion is not defined
2020-08-07 16:47:58 info:  [descGralInmTablaConserva.js] [Usuario: 5] METODO: consultaTablaConservacion
2020-08-07 16:47:58 info:  [descGralInmTablaConserva.js] [Usuario: 5] METODO: consultaTablaConservacion, PARAMETROS DE ENTRADA --> FOLIO_PRUEBA_0033, undefined
2020-08-07 16:47:58 info:  [descGralInmTablaConserva.js] [Usuario: 5] METODO: BdConsultaTablaConservacion 
2020-08-07 16:47:58 info:  [descGralInmTablaConserva.js] [Usuario: 5] METODO: BdConsultaTablaConservacion  SELECT * FROM fConsultaTablaConservacionAct(pFolio, pClase);
2020-08-07 16:47:58 error:  [descGralInmTablaConserva.js]  ERROR: ReferenceError: pIdClaseConstruccion is not defined 
2020-08-07 16:47:58 error:  [descGralInmTablaConserva.js]  ERROR: Se presentó un error en BdConsultaTablaConservacion: ReferenceError: pIdClaseConstruccion is not defined
2020-08-07 16:48:55 info:  [descGralInmTablaConserva.js] [Usuario: 5] METODO: consultaTablaConservacion
2020-08-07 16:48:55 info:  [descGralInmTablaConserva.js] [Usuario: 5] METODO: consultaTablaConservacion, PARAMETROS DE ENTRADA --> FOLIO_PRUEBA_0033, undefined
2020-08-07 16:48:55 info:  [descGralInmTablaConserva.js] [Usuario: 5] METODO: BdConsultaTablaConservacion 
2020-08-07 16:48:55 info:  [descGralInmTablaConserva.js] [Usuario: 5] METODO: BdConsultaTablaConservacion  SELECT * FROM fConsultaTablaConservacionAct(pFolio, pClase);
2020-08-07 16:48:55 info: SELECT * FROM fConsultaTablaConservacionAct( 'FOLIO_PRUEBA_0033',  'undefined');
2020-08-07 16:48:55 error:  [descGralInmTablaConserva.js] [Usuario: 5] METODO: BdConsultaTablaConservacion ERROR: el valor es demasiado largo para el tipo character(1) CODIGO_BD(22001)
2020-08-07 16:48:55 info:  [descGralInmTablaConserva.js] [Usuario: 5] METODO: consultaTablaConservacion RESPUESTA: ok = false, mensaje = el valor es demasiado largo para el tipo character(1) CODIGO_BD(22001)
2020-08-07 16:50:00 info:  [descGralInmTablaConserva.js] [Usuario: 5] METODO: consultaTablaConservacion
2020-08-07 16:50:00 info:  [descGralInmTablaConserva.js] [Usuario: 5] METODO: consultaTablaConservacion, PARAMETROS DE ENTRADA --> FOLIO_PRUEBA_0033, undefined
2020-08-07 16:50:00 info: pClase
2020-08-07 16:50:00 info: undefined
2020-08-07 16:50:00 info:  [descGralInmTablaConserva.js] [Usuario: 5] METODO: BdConsultaTablaConservacion 
2020-08-07 16:50:00 info:  [descGralInmTablaConserva.js] [Usuario: 5] METODO: BdConsultaTablaConservacion  SELECT * FROM fConsultaTablaConservacionAct(pFolio, pClase);
2020-08-07 16:50:00 info: SELECT * FROM fConsultaTablaConservacionAct( 'FOLIO_PRUEBA_0033',  '0');
2020-08-07 16:50:00 info:  [descGralInmTablaConserva.js] [Usuario: 5] METODO: BdConsultaTablaConservacion RESULTADO: [{"idclaseconstruccion":"1","idpartidaporcentaje":1,"descripcionpartidaporcentaje":"CIMENTACIÓN","puntospartida":"13.750","idpartidaconserva":2,"manttrequerido":"BAJO","factor":"0.90","indiceconservacion":"27.000","puntosajustados":"12.38","totalpuntosajustados":"0.89","estadogralconservacion":"EFICIENTE O FUNCIONAL","vidaminimaremanente":"27.00","indicecostosremanente":"89.470"},{"idclaseconstruccion":"1","idpartidaporcentaje":2,"descripcionpartidaporcentaje":"ESTRUCTURA DE CONCRETO","puntospartida":"10.000","idpartidaconserva":2,"manttrequerido":"BAJO","factor":"0.90","indiceconservacion":"27.000","puntosajustados":"9.00","totalpuntosajustados":"0.89","estadogralconservacion":"EFICIENTE O FUNCIONAL","vidaminimaremanente":"27.00","indicecostosremanente":"89.470"},{"idclaseconstruccion":"1","idpartidaporcentaje":3,"descripcionpartidaporcentaje":"ALBAÑILERÍA","puntospartida":"9.750","idpartidaconserva":1,"manttrequerido":"NULO","factor":"1.00","indiceconservacion":"30.000","puntosajustados":"9.75","totalpuntosajustados":"0.89","estadogralconservacion":"EFICIENTE O FUNCIONAL","vidaminimaremanente":"27.00","indicecostosremanente":"89.470"},{"idclaseconstruccion":"1","idpartidaporcentaje":4,"descripcionpartidaporcentaje":"INSTALACIÓN HIDRÁULICA","puntospartida":"9.000","idpartidaconserva":2,"manttrequerido":"BAJO","factor":"0.90","indiceconservacion":"27.000","puntosajustados":"8.10","totalpuntosajustados":"0.89","estadogralconservacion":"EFICIENTE O FUNCIONAL","vidaminimaremanente":"27.00","indicecostosremanente":"89.470"},{"idclaseconstruccion":"1","idpartidaporcentaje":5,"descripcionpartidaporcentaje":"INSTALACIÓN SANITARIA","puntospartida":"3.500","idpartidaconserva":2,"manttrequerido":"BAJO","factor":"0.90","indiceconservacion":"27.000","puntosajustados":"3.15","totalpuntosajustados":"0.89","estadogralconservacion":"EFICIENTE O FUNCIONAL","vidaminimaremanente":"27.00","indicecostosremanente":"89.470"},{"idclaseconstruccion":"1","idpartidaporcentaje":6,"descripcionpartidaporcentaje":"INSTALACIÓN ELÉCTRICA","puntospartida":"2.500","idpartidaconserva":2,"manttrequerido":"BAJO","factor":"0.90","indiceconservacion":"27.000","puntosajustados":"2.25","totalpuntosajustados":"0.89","estadogralconservacion":"EFICIENTE O FUNCIONAL","vidaminimaremanente":"27.00","indicecostosremanente":"89.470"},{"idclaseconstruccion":"1","idpartidaporcentaje":7,"descripcionpartidaporcentaje":"INSTALACIÓN DE GAS","puntospartida":"2.000","idpartidaconserva":2,"manttrequerido":"BAJO","factor":"0.90","indiceconservacion":"27.000","puntosajustados":"1.80","totalpuntosajustados":"0.89","estadogralconservacion":"EFICIENTE O FUNCIONAL","vidaminimaremanente":"27.00","indicecostosremanente":"89.470"},{"idclaseconstruccion":"1","idpartidaporcentaje":8,"descripcionpartidaporcentaje":"ACABADOS INTERIORES","puntospartida":"16.000","idpartidaconserva":2,"manttrequerido":"BAJO","factor":"0.90","indiceconservacion":"27.000","puntosajustados":"14.40","totalpuntosajustados":"0.89","estadogralconservacion":"EFICIENTE O FUNCIONAL","vidaminimaremanente":"27.00","indicecostosremanente":"89.470"},{"idclaseconstruccion":"1","idpartidaporcentaje":9,"descripcionpartidaporcentaje":"ACABADOS EXTERIORES","puntospartida":"10.000","idpartidaconserva":2,"manttrequerido":"BAJO","factor":"0.90","indiceconservacion":"27.000","puntosajustados":"9.00","totalpuntosajustados":"0.89","estadogralconservacion":"EFICIENTE O FUNCIONAL","vidaminimaremanente":"27.00","indicecostosremanente":"89.470"},{"idclaseconstruccion":"1","idpartidaporcentaje":10,"descripcionpartidaporcentaje":"PUERTAS DE MADERA","puntospartida":"7.750","idpartidaconserva":2,"manttrequerido":"BAJO","factor":"0.90","indiceconservacion":"27.000","puntosajustados":"6.98","totalpuntosajustados":"0.89","estadogralconservacion":"EFICIENTE O FUNCIONAL","vidaminimaremanente":"27.00","indicecostosremanente":"89.470"},{"idclaseconstruccion":"1","idpartidaporcentaje":11,"descripcionpartidaporcentaje":"HERRERÍA Y CANCELERÍA","puntospartida":"1.500","idpartidaconserva":2,"manttrequerido":"BAJO","factor":"0.90","indiceconservacion":"27.000","puntosajustados":"1.35","totalpuntosajustados":"0.89","estadogralconservacion":"EFICIENTE O FUNCIONAL","vidaminimaremanente":"27.00","indicecostosremanente":"89.470"},{"idclaseconstruccion":"1","idpartidaporcentaje":12,"descripcionpartidaporcentaje":"MUEBLES DE BAÑO Y COCINA","puntospartida":"11.750","idpartidaconserva":3,"manttrequerido":"MEDIO","factor":"0.75","indiceconservacion":"23.000","puntosajustados":"8.81","totalpuntosajustados":"0.89","estadogralconservacion":"EFICIENTE O FUNCIONAL","vidaminimaremanente":"27.00","indicecostosremanente":"89.470"},{"idclaseconstruccion":"1","idpartidaporcentaje":13,"descripcionpartidaporcentaje":"EQUIPOS","puntospartida":"0.000","idpartidaconserva":7,"manttrequerido":"NO APLICA","factor":"1.00","indiceconservacion":"30.000","puntosajustados":"0.00","totalpuntosajustados":"0.89","estadogralconservacion":"EFICIENTE O FUNCIONAL","vidaminimaremanente":"27.00","indicecostosremanente":"89.470"},{"idclaseconstruccion":"1","idpartidaporcentaje":14,"descripcionpartidaporcentaje":"CLOSETS Y ALACENAS","puntospartida":"2.500","idpartidaconserva":7,"manttrequerido":"NO APLICA","factor":"1.00","indiceconservacion":"30.000","puntosajustados":"2.50","totalpuntosajustados":"0.89","estadogralconservacion":"EFICIENTE O FUNCIONAL","vidaminimaremanente":"27.00","indicecostosremanente":"89.470"},{"idclaseconstruccion":"1","idpartidaporcentaje":15,"descripcionpartidaporcentaje":"ACCESORIAS","puntospartida":"0.000","idpartidaconserva":7,"manttrequerido":"NO APLICA","factor":"1.00","indiceconservacion":"30.000","puntosajustados":"0.00","totalpuntosajustados":"0.89","estadogralconservacion":"EFICIENTE O FUNCIONAL","vidaminimaremanente":"27.00","indicecostosremanente":"89.470"}]
2020-08-07 16:50:00 info:  [descGralInmTablaConserva.js] [Usuario: 5] METODO: consultaTablaConservacion RESPUESTA: ok = true, mensaje = Consulta exitosa, codigo =  AV200
2020-08-07 16:50:41 info:  [descGralInmTablaConserva.js] [Usuario: 5] METODO: consultaTablaConservacion
2020-08-07 16:50:41 info:  [descGralInmTablaConserva.js] [Usuario: 5] METODO: consultaTablaConservacion, PARAMETROS DE ENTRADA --> FOLIO_PRUEBA_0033, 1
2020-08-07 16:50:41 info: pClase
2020-08-07 16:50:41 info: 1
2020-08-07 16:50:41 info:  [descGralInmTablaConserva.js] [Usuario: 5] METODO: BdConsultaTablaConservacion 
2020-08-07 16:50:41 info:  [descGralInmTablaConserva.js] [Usuario: 5] METODO: BdConsultaTablaConservacion  SELECT * FROM fConsultaTablaConservacionAct(pFolio, pClase);
2020-08-07 16:50:41 info: SELECT * FROM fConsultaTablaConservacionAct( 'FOLIO_PRUEBA_0033',  '1');
2020-08-07 16:50:41 info:  [descGralInmTablaConserva.js] [Usuario: 5] METODO: BdConsultaTablaConservacion RESULTADO: [{"idclaseconstruccion":"1","idpartidaporcentaje":1,"descripcionpartidaporcentaje":"CIMENTACIÓN","puntospartida":"13.750","idpartidaconserva":2,"manttrequerido":"BAJO","factor":"0.90","indiceconservacion":"27.000","puntosajustados":"12.38","totalpuntosajustados":"0.89","estadogralconservacion":"EFICIENTE O FUNCIONAL","vidaminimaremanente":"27.00","indicecostosremanente":"89.470"},{"idclaseconstruccion":"1","idpartidaporcentaje":2,"descripcionpartidaporcentaje":"ESTRUCTURA DE CONCRETO","puntospartida":"10.000","idpartidaconserva":2,"manttrequerido":"BAJO","factor":"0.90","indiceconservacion":"27.000","puntosajustados":"9.00","totalpuntosajustados":"0.89","estadogralconservacion":"EFICIENTE O FUNCIONAL","vidaminimaremanente":"27.00","indicecostosremanente":"89.470"},{"idclaseconstruccion":"1","idpartidaporcentaje":3,"descripcionpartidaporcentaje":"ALBAÑILERÍA","puntospartida":"9.750","idpartidaconserva":1,"manttrequerido":"NULO","factor":"1.00","indiceconservacion":"30.000","puntosajustados":"9.75","totalpuntosajustados":"0.89","estadogralconservacion":"EFICIENTE O FUNCIONAL","vidaminimaremanente":"27.00","indicecostosremanente":"89.470"},{"idclaseconstruccion":"1","idpartidaporcentaje":4,"descripcionpartidaporcentaje":"INSTALACIÓN HIDRÁULICA","puntospartida":"9.000","idpartidaconserva":2,"manttrequerido":"BAJO","factor":"0.90","indiceconservacion":"27.000","puntosajustados":"8.10","totalpuntosajustados":"0.89","estadogralconservacion":"EFICIENTE O FUNCIONAL","vidaminimaremanente":"27.00","indicecostosremanente":"89.470"},{"idclaseconstruccion":"1","idpartidaporcentaje":5,"descripcionpartidaporcentaje":"INSTALACIÓN SANITARIA","puntospartida":"3.500","idpartidaconserva":2,"manttrequerido":"BAJO","factor":"0.90","indiceconservacion":"27.000","puntosajustados":"3.15","totalpuntosajustados":"0.89","estadogralconservacion":"EFICIENTE O FUNCIONAL","vidaminimaremanente":"27.00","indicecostosremanente":"89.470"},{"idclaseconstruccion":"1","idpartidaporcentaje":6,"descripcionpartidaporcentaje":"INSTALACIÓN ELÉCTRICA","puntospartida":"2.500","idpartidaconserva":2,"manttrequerido":"BAJO","factor":"0.90","indiceconservacion":"27.000","puntosajustados":"2.25","totalpuntosajustados":"0.89","estadogralconservacion":"EFICIENTE O FUNCIONAL","vidaminimaremanente":"27.00","indicecostosremanente":"89.470"},{"idclaseconstruccion":"1","idpartidaporcentaje":7,"descripcionpartidaporcentaje":"INSTALACIÓN DE GAS","puntospartida":"2.000","idpartidaconserva":2,"manttrequerido":"BAJO","factor":"0.90","indiceconservacion":"27.000","puntosajustados":"1.80","totalpuntosajustados":"0.89","estadogralconservacion":"EFICIENTE O FUNCIONAL","vidaminimaremanente":"27.00","indicecostosremanente":"89.470"},{"idclaseconstruccion":"1","idpartidaporcentaje":8,"descripcionpartidaporcentaje":"ACABADOS INTERIORES","puntospartida":"16.000","idpartidaconserva":2,"manttrequerido":"BAJO","factor":"0.90","indiceconservacion":"27.000","puntosajustados":"14.40","totalpuntosajustados":"0.89","estadogralconservacion":"EFICIENTE O FUNCIONAL","vidaminimaremanente":"27.00","indicecostosremanente":"89.470"},{"idclaseconstruccion":"1","idpartidaporcentaje":9,"descripcionpartidaporcentaje":"ACABADOS EXTERIORES","puntospartida":"10.000","idpartidaconserva":2,"manttrequerido":"BAJO","factor":"0.90","indiceconservacion":"27.000","puntosajustados":"9.00","totalpuntosajustados":"0.89","estadogralconservacion":"EFICIENTE O FUNCIONAL","vidaminimaremanente":"27.00","indicecostosremanente":"89.470"},{"idclaseconstruccion":"1","idpartidaporcentaje":10,"descripcionpartidaporcentaje":"PUERTAS DE MADERA","puntospartida":"7.750","idpartidaconserva":2,"manttrequerido":"BAJO","factor":"0.90","indiceconservacion":"27.000","puntosajustados":"6.98","totalpuntosajustados":"0.89","estadogralconservacion":"EFICIENTE O FUNCIONAL","vidaminimaremanente":"27.00","indicecostosremanente":"89.470"},{"idclaseconstruccion":"1","idpartidaporcentaje":11,"descripcionpartidaporcentaje":"HERRERÍA Y CANCELERÍA","puntospartida":"1.500","idpartidaconserva":2,"manttrequerido":"BAJO","factor":"0.90","indiceconservacion":"27.000","puntosajustados":"1.35","totalpuntosajustados":"0.89","estadogralconservacion":"EFICIENTE O FUNCIONAL","vidaminimaremanente":"27.00","indicecostosremanente":"89.470"},{"idclaseconstruccion":"1","idpartidaporcentaje":12,"descripcionpartidaporcentaje":"MUEBLES DE BAÑO Y COCINA","puntospartida":"11.750","idpartidaconserva":3,"manttrequerido":"MEDIO","factor":"0.75","indiceconservacion":"23.000","puntosajustados":"8.81","totalpuntosajustados":"0.89","estadogralconservacion":"EFICIENTE O FUNCIONAL","vidaminimaremanente":"27.00","indicecostosremanente":"89.470"},{"idclaseconstruccion":"1","idpartidaporcentaje":13,"descripcionpartidaporcentaje":"EQUIPOS","puntospartida":"0.000","idpartidaconserva":7,"manttrequerido":"NO APLICA","factor":"1.00","indiceconservacion":"30.000","puntosajustados":"0.00","totalpuntosajustados":"0.89","estadogralconservacion":"EFICIENTE O FUNCIONAL","vidaminimaremanente":"27.00","indicecostosremanente":"89.470"},{"idclaseconstruccion":"1","idpartidaporcentaje":14,"descripcionpartidaporcentaje":"CLOSETS Y ALACENAS","puntospartida":"2.500","idpartidaconserva":7,"manttrequerido":"NO APLICA","factor":"1.00","indiceconservacion":"30.000","puntosajustados":"2.50","totalpuntosajustados":"0.89","estadogralconservacion":"EFICIENTE O FUNCIONAL","vidaminimaremanente":"27.00","indicecostosremanente":"89.470"},{"idclaseconstruccion":"1","idpartidaporcentaje":15,"descripcionpartidaporcentaje":"ACCESORIAS","puntospartida":"0.000","idpartidaconserva":7,"manttrequerido":"NO APLICA","factor":"1.00","indiceconservacion":"30.000","puntosajustados":"0.00","totalpuntosajustados":"0.89","estadogralconservacion":"EFICIENTE O FUNCIONAL","vidaminimaremanente":"27.00","indicecostosremanente":"89.470"}]
2020-08-07 16:50:41 info:  [descGralInmTablaConserva.js] [Usuario: 5] METODO: consultaTablaConservacion RESPUESTA: ok = true, mensaje = Consulta exitosa, codigo =  AV200
2020-08-07 16:50:47 info:  [descGralInmTablaConserva.js] [Usuario: 5] METODO: consultaTablaConservacion
2020-08-07 16:50:47 info:  [descGralInmTablaConserva.js] [Usuario: 5] METODO: consultaTablaConservacion, PARAMETROS DE ENTRADA --> FOLIO_PRUEBA_0033, 3
2020-08-07 16:50:47 info: pClase
2020-08-07 16:50:47 info: 3
2020-08-07 16:50:47 info:  [descGralInmTablaConserva.js] [Usuario: 5] METODO: BdConsultaTablaConservacion 
2020-08-07 16:50:47 info:  [descGralInmTablaConserva.js] [Usuario: 5] METODO: BdConsultaTablaConservacion  SELECT * FROM fConsultaTablaConservacionAct(pFolio, pClase);
2020-08-07 16:50:47 info: SELECT * FROM fConsultaTablaConservacionAct( 'FOLIO_PRUEBA_0033',  '3');
2020-08-07 16:50:47 info:  [descGralInmTablaConserva.js] [Usuario: 5] METODO: BdConsultaTablaConservacion RESULTADO: [{"idclaseconstruccion":"3","idpartidaporcentaje":1,"descripcionpartidaporcentaje":"CIMENTACIÓN","puntospartida":"7.000","idpartidaconserva":2,"manttrequerido":"BAJO","factor":"0.90","indiceconservacion":"45.000","puntosajustados":"6.30","totalpuntosajustados":"0.91","estadogralconservacion":"EFICIENTE O FUNCIONAL","vidaminimaremanente":"45.00","indicecostosremanente":"90.860"},{"idclaseconstruccion":"3","idpartidaporcentaje":2,"descripcionpartidaporcentaje":"ESTRUCTURA DE CONCRETO","puntospartida":"17.750","idpartidaconserva":2,"manttrequerido":"BAJO","factor":"0.90","indiceconservacion":"45.000","puntosajustados":"15.98","totalpuntosajustados":"0.91","estadogralconservacion":"EFICIENTE O FUNCIONAL","vidaminimaremanente":"45.00","indicecostosremanente":"90.860"},{"idclaseconstruccion":"3","idpartidaporcentaje":3,"descripcionpartidaporcentaje":"ALBAÑILERÍA","puntospartida":"13.249","idpartidaconserva":1,"manttrequerido":"NULO","factor":"1.00","indiceconservacion":"50.000","puntosajustados":"13.25","totalpuntosajustados":"0.91","estadogralconservacion":"EFICIENTE O FUNCIONAL","vidaminimaremanente":"45.00","indicecostosremanente":"90.860"},{"idclaseconstruccion":"3","idpartidaporcentaje":4,"descripcionpartidaporcentaje":"INSTALACIÓN HIDRÁULICA","puntospartida":"5.250","idpartidaconserva":2,"manttrequerido":"BAJO","factor":"0.90","indiceconservacion":"45.000","puntosajustados":"4.73","totalpuntosajustados":"0.91","estadogralconservacion":"EFICIENTE O FUNCIONAL","vidaminimaremanente":"45.00","indicecostosremanente":"90.860"},{"idclaseconstruccion":"3","idpartidaporcentaje":5,"descripcionpartidaporcentaje":"INSTALACIÓN SANITARIA","puntospartida":"2.000","idpartidaconserva":2,"manttrequerido":"BAJO","factor":"0.90","indiceconservacion":"45.000","puntosajustados":"1.80","totalpuntosajustados":"0.91","estadogralconservacion":"EFICIENTE O FUNCIONAL","vidaminimaremanente":"45.00","indicecostosremanente":"90.860"},{"idclaseconstruccion":"3","idpartidaporcentaje":6,"descripcionpartidaporcentaje":"INSTALACIÓN ELÉCTRICA","puntospartida":"3.250","idpartidaconserva":2,"manttrequerido":"BAJO","factor":"0.90","indiceconservacion":"45.000","puntosajustados":"2.93","totalpuntosajustados":"0.91","estadogralconservacion":"EFICIENTE O FUNCIONAL","vidaminimaremanente":"45.00","indicecostosremanente":"90.860"},{"idclaseconstruccion":"3","idpartidaporcentaje":7,"descripcionpartidaporcentaje":"INSTALACIÓN DE GAS","puntospartida":"0.750","idpartidaconserva":2,"manttrequerido":"BAJO","factor":"0.90","indiceconservacion":"45.000","puntosajustados":"0.68","totalpuntosajustados":"0.91","estadogralconservacion":"EFICIENTE O FUNCIONAL","vidaminimaremanente":"45.00","indicecostosremanente":"90.860"},{"idclaseconstruccion":"3","idpartidaporcentaje":8,"descripcionpartidaporcentaje":"ACABADOS INTERIORES","puntospartida":"20.500","idpartidaconserva":2,"manttrequerido":"BAJO","factor":"0.90","indiceconservacion":"45.000","puntosajustados":"18.45","totalpuntosajustados":"0.91","estadogralconservacion":"EFICIENTE O FUNCIONAL","vidaminimaremanente":"45.00","indicecostosremanente":"90.860"},{"idclaseconstruccion":"3","idpartidaporcentaje":9,"descripcionpartidaporcentaje":"ACABADOS EXTERIORES","puntospartida":"7.500","idpartidaconserva":2,"manttrequerido":"BAJO","factor":"0.90","indiceconservacion":"45.000","puntosajustados":"6.75","totalpuntosajustados":"0.91","estadogralconservacion":"EFICIENTE O FUNCIONAL","vidaminimaremanente":"45.00","indicecostosremanente":"90.860"},{"idclaseconstruccion":"3","idpartidaporcentaje":10,"descripcionpartidaporcentaje":"PUERTAS DE MADERA","puntospartida":"6.500","idpartidaconserva":2,"manttrequerido":"BAJO","factor":"0.90","indiceconservacion":"45.000","puntosajustados":"5.85","totalpuntosajustados":"0.91","estadogralconservacion":"EFICIENTE O FUNCIONAL","vidaminimaremanente":"45.00","indicecostosremanente":"90.860"},{"idclaseconstruccion":"3","idpartidaporcentaje":11,"descripcionpartidaporcentaje":"HERRERÍA Y CANCELERÍA","puntospartida":"3.000","idpartidaconserva":2,"manttrequerido":"BAJO","factor":"0.90","indiceconservacion":"45.000","puntosajustados":"2.70","totalpuntosajustados":"0.91","estadogralconservacion":"EFICIENTE O FUNCIONAL","vidaminimaremanente":"45.00","indicecostosremanente":"90.860"},{"idclaseconstruccion":"3","idpartidaporcentaje":12,"descripcionpartidaporcentaje":"MUEBLES DE BAÑO Y COCINA","puntospartida":"7.250","idpartidaconserva":3,"manttrequerido":"MEDIO","factor":"0.75","indiceconservacion":"38.000","puntosajustados":"5.44","totalpuntosajustados":"0.91","estadogralconservacion":"EFICIENTE O FUNCIONAL","vidaminimaremanente":"45.00","indicecostosremanente":"90.860"},{"idclaseconstruccion":"3","idpartidaporcentaje":13,"descripcionpartidaporcentaje":"EQUIPOS","puntospartida":"0.000","idpartidaconserva":7,"manttrequerido":"NO APLICA","factor":"1.00","indiceconservacion":"50.000","puntosajustados":"0.00","totalpuntosajustados":"0.91","estadogralconservacion":"EFICIENTE O FUNCIONAL","vidaminimaremanente":"45.00","indicecostosremanente":"90.860"},{"idclaseconstruccion":"3","idpartidaporcentaje":14,"descripcionpartidaporcentaje":"CLOSETS Y ALACENAS","puntospartida":"6.000","idpartidaconserva":7,"manttrequerido":"NO APLICA","factor":"1.00","indiceconservacion":"50.000","puntosajustados":"6.00","totalpuntosajustados":"0.91","estadogralconservacion":"EFICIENTE O FUNCIONAL","vidaminimaremanente":"45.00","indicecostosremanente":"90.860"},{"idclaseconstruccion":"3","idpartidaporcentaje":15,"descripcionpartidaporcentaje":"ACCESORIAS","puntospartida":"0.000","idpartidaconserva":7,"manttrequerido":"NO APLICA","factor":"1.00","indiceconservacion":"50.000","puntosajustados":"0.00","totalpuntosajustados":"0.91","estadogralconservacion":"EFICIENTE O FUNCIONAL","vidaminimaremanente":"45.00","indicecostosremanente":"90.860"}]
2020-08-07 16:50:47 info:  [descGralInmTablaConserva.js] [Usuario: 5] METODO: consultaTablaConservacion RESPUESTA: ok = true, mensaje = Consulta exitosa, codigo =  AV200
2020-08-07 16:50:58 info:  [descGralInmTablaConserva.js] [Usuario: 5] METODO: consultaTablaConservacion
2020-08-07 16:50:58 info:  [descGralInmTablaConserva.js] [Usuario: 5] METODO: consultaTablaConservacion, PARAMETROS DE ENTRADA --> FOLIO_PRUEBA_0033, 0
2020-08-07 16:50:58 info: pClase
2020-08-07 16:50:58 info: 0
2020-08-07 16:50:58 info:  [descGralInmTablaConserva.js] [Usuario: 5] METODO: BdConsultaTablaConservacion 
2020-08-07 16:50:58 info:  [descGralInmTablaConserva.js] [Usuario: 5] METODO: BdConsultaTablaConservacion  SELECT * FROM fConsultaTablaConservacionAct(pFolio, pClase);
2020-08-07 16:50:58 info: SELECT * FROM fConsultaTablaConservacionAct( 'FOLIO_PRUEBA_0033',  '0');
2020-08-07 16:50:58 info:  [descGralInmTablaConserva.js] [Usuario: 5] METODO: BdConsultaTablaConservacion RESULTADO: [{"idclaseconstruccion":"3","idpartidaporcentaje":1,"descripcionpartidaporcentaje":"CIMENTACIÓN","puntospartida":"7.000","idpartidaconserva":2,"manttrequerido":"BAJO","factor":"0.90","indiceconservacion":"45.000","puntosajustados":"6.30","totalpuntosajustados":"0.91","estadogralconservacion":"EFICIENTE O FUNCIONAL","vidaminimaremanente":"45.00","indicecostosremanente":"90.860"},{"idclaseconstruccion":"3","idpartidaporcentaje":2,"descripcionpartidaporcentaje":"ESTRUCTURA DE CONCRETO","puntospartida":"17.750","idpartidaconserva":2,"manttrequerido":"BAJO","factor":"0.90","indiceconservacion":"45.000","puntosajustados":"15.98","totalpuntosajustados":"0.91","estadogralconservacion":"EFICIENTE O FUNCIONAL","vidaminimaremanente":"45.00","indicecostosremanente":"90.860"},{"idclaseconstruccion":"3","idpartidaporcentaje":3,"descripcionpartidaporcentaje":"ALBAÑILERÍA","puntospartida":"13.249","idpartidaconserva":1,"manttrequerido":"NULO","factor":"1.00","indiceconservacion":"50.000","puntosajustados":"13.25","totalpuntosajustados":"0.91","estadogralconservacion":"EFICIENTE O FUNCIONAL","vidaminimaremanente":"45.00","indicecostosremanente":"90.860"},{"idclaseconstruccion":"3","idpartidaporcentaje":4,"descripcionpartidaporcentaje":"INSTALACIÓN HIDRÁULICA","puntospartida":"5.250","idpartidaconserva":2,"manttrequerido":"BAJO","factor":"0.90","indiceconservacion":"45.000","puntosajustados":"4.73","totalpuntosajustados":"0.91","estadogralconservacion":"EFICIENTE O FUNCIONAL","vidaminimaremanente":"45.00","indicecostosremanente":"90.860"},{"idclaseconstruccion":"3","idpartidaporcentaje":5,"descripcionpartidaporcentaje":"INSTALACIÓN SANITARIA","puntospartida":"2.000","idpartidaconserva":2,"manttrequerido":"BAJO","factor":"0.90","indiceconservacion":"45.000","puntosajustados":"1.80","totalpuntosajustados":"0.91","estadogralconservacion":"EFICIENTE O FUNCIONAL","vidaminimaremanente":"45.00","indicecostosremanente":"90.860"},{"idclaseconstruccion":"3","idpartidaporcentaje":6,"descripcionpartidaporcentaje":"INSTALACIÓN ELÉCTRICA","puntospartida":"3.250","idpartidaconserva":2,"manttrequerido":"BAJO","factor":"0.90","indiceconservacion":"45.000","puntosajustados":"2.93","totalpuntosajustados":"0.91","estadogralconservacion":"EFICIENTE O FUNCIONAL","vidaminimaremanente":"45.00","indicecostosremanente":"90.860"},{"idclaseconstruccion":"3","idpartidaporcentaje":7,"descripcionpartidaporcentaje":"INSTALACIÓN DE GAS","puntospartida":"0.750","idpartidaconserva":2,"manttrequerido":"BAJO","factor":"0.90","indiceconservacion":"45.000","puntosajustados":"0.68","totalpuntosajustados":"0.91","estadogralconservacion":"EFICIENTE O FUNCIONAL","vidaminimaremanente":"45.00","indicecostosremanente":"90.860"},{"idclaseconstruccion":"3","idpartidaporcentaje":8,"descripcionpartidaporcentaje":"ACABADOS INTERIORES","puntospartida":"20.500","idpartidaconserva":2,"manttrequerido":"BAJO","factor":"0.90","indiceconservacion":"45.000","puntosajustados":"18.45","totalpuntosajustados":"0.91","estadogralconservacion":"EFICIENTE O FUNCIONAL","vidaminimaremanente":"45.00","indicecostosremanente":"90.860"},{"idclaseconstruccion":"3","idpartidaporcentaje":9,"descripcionpartidaporcentaje":"ACABADOS EXTERIORES","puntospartida":"7.500","idpartidaconserva":2,"manttrequerido":"BAJO","factor":"0.90","indiceconservacion":"45.000","puntosajustados":"6.75","totalpuntosajustados":"0.91","estadogralconservacion":"EFICIENTE O FUNCIONAL","vidaminimaremanente":"45.00","indicecostosremanente":"90.860"},{"idclaseconstruccion":"3","idpartidaporcentaje":10,"descripcionpartidaporcentaje":"PUERTAS DE MADERA","puntospartida":"6.500","idpartidaconserva":2,"manttrequerido":"BAJO","factor":"0.90","indiceconservacion":"45.000","puntosajustados":"5.85","totalpuntosajustados":"0.91","estadogralconservacion":"EFICIENTE O FUNCIONAL","vidaminimaremanente":"45.00","indicecostosremanente":"90.860"},{"idclaseconstruccion":"3","idpartidaporcentaje":11,"descripcionpartidaporcentaje":"HERRERÍA Y CANCELERÍA","puntospartida":"3.000","idpartidaconserva":2,"manttrequerido":"BAJO","factor":"0.90","indiceconservacion":"45.000","puntosajustados":"2.70","totalpuntosajustados":"0.91","estadogralconservacion":"EFICIENTE O FUNCIONAL","vidaminimaremanente":"45.00","indicecostosremanente":"90.860"},{"idclaseconstruccion":"3","idpartidaporcentaje":12,"descripcionpartidaporcentaje":"MUEBLES DE BAÑO Y COCINA","puntospartida":"7.250","idpartidaconserva":3,"manttrequerido":"MEDIO","factor":"0.75","indiceconservacion":"38.000","puntosajustados":"5.44","totalpuntosajustados":"0.91","estadogralconservacion":"EFICIENTE O FUNCIONAL","vidaminimaremanente":"45.00","indicecostosremanente":"90.860"},{"idclaseconstruccion":"3","idpartidaporcentaje":13,"descripcionpartidaporcentaje":"EQUIPOS","puntospartida":"0.000","idpartidaconserva":7,"manttrequerido":"NO APLICA","factor":"1.00","indiceconservacion":"50.000","puntosajustados":"0.00","totalpuntosajustados":"0.91","estadogralconservacion":"EFICIENTE O FUNCIONAL","vidaminimaremanente":"45.00","indicecostosremanente":"90.860"},{"idclaseconstruccion":"3","idpartidaporcentaje":14,"descripcionpartidaporcentaje":"CLOSETS Y ALACENAS","puntospartida":"6.000","idpartidaconserva":7,"manttrequerido":"NO APLICA","factor":"1.00","indiceconservacion":"50.000","puntosajustados":"6.00","totalpuntosajustados":"0.91","estadogralconservacion":"EFICIENTE O FUNCIONAL","vidaminimaremanente":"45.00","indicecostosremanente":"90.860"},{"idclaseconstruccion":"3","idpartidaporcentaje":15,"descripcionpartidaporcentaje":"ACCESORIAS","puntospartida":"0.000","idpartidaconserva":7,"manttrequerido":"NO APLICA","factor":"1.00","indiceconservacion":"50.000","puntosajustados":"0.00","totalpuntosajustados":"0.91","estadogralconservacion":"EFICIENTE O FUNCIONAL","vidaminimaremanente":"45.00","indicecostosremanente":"90.860"}]
2020-08-07 16:50:58 info:  [descGralInmTablaConserva.js] [Usuario: 5] METODO: consultaTablaConservacion RESPUESTA: ok = true, mensaje = Consulta exitosa, codigo =  AV200
2020-08-07 16:51:01 info:  [descGralInmTablaConserva.js] [Usuario: 5] METODO: consultaTablaConservacion
2020-08-07 16:51:01 info:  [descGralInmTablaConserva.js] [Usuario: 5] METODO: consultaTablaConservacion, PARAMETROS DE ENTRADA --> FOLIO_PRUEBA_0033, 0
2020-08-07 16:51:01 info: pClase
2020-08-07 16:51:01 info: 0
2020-08-07 16:51:01 info:  [descGralInmTablaConserva.js] [Usuario: 5] METODO: BdConsultaTablaConservacion 
2020-08-07 16:51:01 info:  [descGralInmTablaConserva.js] [Usuario: 5] METODO: BdConsultaTablaConservacion  SELECT * FROM fConsultaTablaConservacionAct(pFolio, pClase);
2020-08-07 16:51:01 info: SELECT * FROM fConsultaTablaConservacionAct( 'FOLIO_PRUEBA_0033',  '0');
2020-08-07 16:51:01 info:  [descGralInmTablaConserva.js] [Usuario: 5] METODO: BdConsultaTablaConservacion RESULTADO: [{"idclaseconstruccion":"3","idpartidaporcentaje":1,"descripcionpartidaporcentaje":"CIMENTACIÓN","puntospartida":"7.000","idpartidaconserva":2,"manttrequerido":"BAJO","factor":"0.90","indiceconservacion":"45.000","puntosajustados":"6.30","totalpuntosajustados":"0.91","estadogralconservacion":"EFICIENTE O FUNCIONAL","vidaminimaremanente":"45.00","indicecostosremanente":"90.860"},{"idclaseconstruccion":"3","idpartidaporcentaje":2,"descripcionpartidaporcentaje":"ESTRUCTURA DE CONCRETO","puntospartida":"17.750","idpartidaconserva":2,"manttrequerido":"BAJO","factor":"0.90","indiceconservacion":"45.000","puntosajustados":"15.98","totalpuntosajustados":"0.91","estadogralconservacion":"EFICIENTE O FUNCIONAL","vidaminimaremanente":"45.00","indicecostosremanente":"90.860"},{"idclaseconstruccion":"3","idpartidaporcentaje":3,"descripcionpartidaporcentaje":"ALBAÑILERÍA","puntospartida":"13.249","idpartidaconserva":1,"manttrequerido":"NULO","factor":"1.00","indiceconservacion":"50.000","puntosajustados":"13.25","totalpuntosajustados":"0.91","estadogralconservacion":"EFICIENTE O FUNCIONAL","vidaminimaremanente":"45.00","indicecostosremanente":"90.860"},{"idclaseconstruccion":"3","idpartidaporcentaje":4,"descripcionpartidaporcentaje":"INSTALACIÓN HIDRÁULICA","puntospartida":"5.250","idpartidaconserva":2,"manttrequerido":"BAJO","factor":"0.90","indiceconservacion":"45.000","puntosajustados":"4.73","totalpuntosajustados":"0.91","estadogralconservacion":"EFICIENTE O FUNCIONAL","vidaminimaremanente":"45.00","indicecostosremanente":"90.860"},{"idclaseconstruccion":"3","idpartidaporcentaje":5,"descripcionpartidaporcentaje":"INSTALACIÓN SANITARIA","puntospartida":"2.000","idpartidaconserva":2,"manttrequerido":"BAJO","factor":"0.90","indiceconservacion":"45.000","puntosajustados":"1.80","totalpuntosajustados":"0.91","estadogralconservacion":"EFICIENTE O FUNCIONAL","vidaminimaremanente":"45.00","indicecostosremanente":"90.860"},{"idclaseconstruccion":"3","idpartidaporcentaje":6,"descripcionpartidaporcentaje":"INSTALACIÓN ELÉCTRICA","puntospartida":"3.250","idpartidaconserva":2,"manttrequerido":"BAJO","factor":"0.90","indiceconservacion":"45.000","puntosajustados":"2.93","totalpuntosajustados":"0.91","estadogralconservacion":"EFICIENTE O FUNCIONAL","vidaminimaremanente":"45.00","indicecostosremanente":"90.860"},{"idclaseconstruccion":"3","idpartidaporcentaje":7,"descripcionpartidaporcentaje":"INSTALACIÓN DE GAS","puntospartida":"0.750","idpartidaconserva":2,"manttrequerido":"BAJO","factor":"0.90","indiceconservacion":"45.000","puntosajustados":"0.68","totalpuntosajustados":"0.91","estadogralconservacion":"EFICIENTE O FUNCIONAL","vidaminimaremanente":"45.00","indicecostosremanente":"90.860"},{"idclaseconstruccion":"3","idpartidaporcentaje":8,"descripcionpartidaporcentaje":"ACABADOS INTERIORES","puntospartida":"20.500","idpartidaconserva":2,"manttrequerido":"BAJO","factor":"0.90","indiceconservacion":"45.000","puntosajustados":"18.45","totalpuntosajustados":"0.91","estadogralconservacion":"EFICIENTE O FUNCIONAL","vidaminimaremanente":"45.00","indicecostosremanente":"90.860"},{"idclaseconstruccion":"3","idpartidaporcentaje":9,"descripcionpartidaporcentaje":"ACABADOS EXTERIORES","puntospartida":"7.500","idpartidaconserva":2,"manttrequerido":"BAJO","factor":"0.90","indiceconservacion":"45.000","puntosajustados":"6.75","totalpuntosajustados":"0.91","estadogralconservacion":"EFICIENTE O FUNCIONAL","vidaminimaremanente":"45.00","indicecostosremanente":"90.860"},{"idclaseconstruccion":"3","idpartidaporcentaje":10,"descripcionpartidaporcentaje":"PUERTAS DE MADERA","puntospartida":"6.500","idpartidaconserva":2,"manttrequerido":"BAJO","factor":"0.90","indiceconservacion":"45.000","puntosajustados":"5.85","totalpuntosajustados":"0.91","estadogralconservacion":"EFICIENTE O FUNCIONAL","vidaminimaremanente":"45.00","indicecostosremanente":"90.860"},{"idclaseconstruccion":"3","idpartidaporcentaje":11,"descripcionpartidaporcentaje":"HERRERÍA Y CANCELERÍA","puntospartida":"3.000","idpartidaconserva":2,"manttrequerido":"BAJO","factor":"0.90","indiceconservacion":"45.000","puntosajustados":"2.70","totalpuntosajustados":"0.91","estadogralconservacion":"EFICIENTE O FUNCIONAL","vidaminimaremanente":"45.00","indicecostosremanente":"90.860"},{"idclaseconstruccion":"3","idpartidaporcentaje":12,"descripcionpartidaporcentaje":"MUEBLES DE BAÑO Y COCINA","puntospartida":"7.250","idpartidaconserva":3,"manttrequerido":"MEDIO","factor":"0.75","indiceconservacion":"38.000","puntosajustados":"5.44","totalpuntosajustados":"0.91","estadogralconservacion":"EFICIENTE O FUNCIONAL","vidaminimaremanente":"45.00","indicecostosremanente":"90.860"},{"idclaseconstruccion":"3","idpartidaporcentaje":13,"descripcionpartidaporcentaje":"EQUIPOS","puntospartida":"0.000","idpartidaconserva":7,"manttrequerido":"NO APLICA","factor":"1.00","indiceconservacion":"50.000","puntosajustados":"0.00","totalpuntosajustados":"0.91","estadogralconservacion":"EFICIENTE O FUNCIONAL","vidaminimaremanente":"45.00","indicecostosremanente":"90.860"},{"idclaseconstruccion":"3","idpartidaporcentaje":14,"descripcionpartidaporcentaje":"CLOSETS Y ALACENAS","puntospartida":"6.000","idpartidaconserva":7,"manttrequerido":"NO APLICA","factor":"1.00","indiceconservacion":"50.000","puntosajustados":"6.00","totalpuntosajustados":"0.91","estadogralconservacion":"EFICIENTE O FUNCIONAL","vidaminimaremanente":"45.00","indicecostosremanente":"90.860"},{"idclaseconstruccion":"3","idpartidaporcentaje":15,"descripcionpartidaporcentaje":"ACCESORIAS","puntospartida":"0.000","idpartidaconserva":7,"manttrequerido":"NO APLICA","factor":"1.00","indiceconservacion":"50.000","puntosajustados":"0.00","totalpuntosajustados":"0.91","estadogralconservacion":"EFICIENTE O FUNCIONAL","vidaminimaremanente":"45.00","indicecostosremanente":"90.860"}]
2020-08-07 16:51:01 info:  [descGralInmTablaConserva.js] [Usuario: 5] METODO: consultaTablaConservacion RESPUESTA: ok = true, mensaje = Consulta exitosa, codigo =  AV200
2020-08-07 16:51:14 info:  [descGralInmTablaConserva.js] [Usuario: 5] METODO: consultaTablaConservacion
2020-08-07 16:51:14 info:  [descGralInmTablaConserva.js] [Usuario: 5] METODO: consultaTablaConservacion, PARAMETROS DE ENTRADA --> FOLIO_PRUEBA_0033, 9
2020-08-07 16:51:14 info: pClase
2020-08-07 16:51:14 info: 9
2020-08-07 16:51:14 info:  [descGralInmTablaConserva.js] [Usuario: 5] METODO: BdConsultaTablaConservacion 
2020-08-07 16:51:14 info:  [descGralInmTablaConserva.js] [Usuario: 5] METODO: BdConsultaTablaConservacion  SELECT * FROM fConsultaTablaConservacionAct(pFolio, pClase);
2020-08-07 16:51:14 info: SELECT * FROM fConsultaTablaConservacionAct( 'FOLIO_PRUEBA_0033',  '9');
2020-08-07 16:51:14 error:  [descGralInmTablaConserva.js] [Usuario: 5] METODO: BdConsultaTablaConservacion ERROR: inserción o actualización en la tabla «inmuebleestadogeneral» viola la llave foránea «fk_inmuebleedogralclaseconstruccion» CODIGO_BD(23503)
2020-08-07 16:51:14 info:  [descGralInmTablaConserva.js] [Usuario: 5] METODO: consultaTablaConservacion RESPUESTA: ok = false, mensaje = inserción o actualización en la tabla «inmuebleestadogeneral» viola la llave foránea «fk_inmuebleedogralclaseconstruccion» CODIGO_BD(23503)
2020-08-07 16:54:40 info:  [descGralInmTablaConserva.js] [Usuario: 5] METODO: consultaTablaConservacion
2020-08-07 16:54:40 info:  [descGralInmTablaConserva.js] [Usuario: 5] METODO: consultaTablaConservacion, PARAMETROS DE ENTRADA --> FOLIO_PRUEBA_0044, 9
2020-08-07 16:54:40 info: pClase
2020-08-07 16:54:40 info: 9
2020-08-07 16:54:40 info:  [descGralInmTablaConserva.js] [Usuario: 5] METODO: BdConsultaTablaConservacion 
2020-08-07 16:54:40 info:  [descGralInmTablaConserva.js] [Usuario: 5] METODO: BdConsultaTablaConservacion  SELECT * FROM fConsultaTablaConservacionAct(pFolio, pClase);
2020-08-07 16:54:40 info: SELECT * FROM fConsultaTablaConservacionAct( 'FOLIO_PRUEBA_0044',  '9');
2020-08-07 16:54:41 error:  [descGralInmTablaConserva.js] [Usuario: 5] METODO: BdConsultaTablaConservacion ERROR: El Folio indicado no existe CODIGO_BD(P0001)
2020-08-07 16:54:41 info:  [descGralInmTablaConserva.js] [Usuario: 5] METODO: consultaTablaConservacion RESPUESTA: ok = false, mensaje = El Folio indicado no existe CODIGO_BD(P0001)
2020-08-07 16:55:28 info:  [descGralInmTablaConserva.js] [Usuario: 5] METODO: consultaTablaConservacion
2020-08-07 16:55:28 info:  [descGralInmTablaConserva.js] [Usuario: 5] METODO: consultaTablaConservacion, PARAMETROS DE ENTRADA --> FOLIO_PRUEBA_0033, 9d
2020-08-07 16:55:28 info: pClase
2020-08-07 16:55:28 info: 9d
2020-08-07 16:55:28 info:  [descGralInmTablaConserva.js] [Usuario: 5] METODO: BdConsultaTablaConservacion 
2020-08-07 16:55:28 info:  [descGralInmTablaConserva.js] [Usuario: 5] METODO: BdConsultaTablaConservacion  SELECT * FROM fConsultaTablaConservacionAct(pFolio, pClase);
2020-08-07 16:55:28 info: SELECT * FROM fConsultaTablaConservacionAct( 'FOLIO_PRUEBA_0033',  '9d');
2020-08-07 16:55:28 error:  [descGralInmTablaConserva.js] [Usuario: 5] METODO: BdConsultaTablaConservacion ERROR: el valor es demasiado largo para el tipo character(1) CODIGO_BD(22001)
2020-08-07 16:55:28 info:  [descGralInmTablaConserva.js] [Usuario: 5] METODO: consultaTablaConservacion RESPUESTA: ok = false, mensaje = el valor es demasiado largo para el tipo character(1) CODIGO_BD(22001)
2020-08-07 16:58:24 info:  [descGralInmTablaConserva.js] [Usuario: 5] METODO: consultaTablaConservacion
2020-08-07 16:58:24 info:  [descGralInmTablaConserva.js] [Usuario: 5] METODO: consultaTablaConservacion, PARAMETROS DE ENTRADA --> FOLIO_PRUEBA_0033, 9
2020-08-07 16:58:24 info: pClase
2020-08-07 16:58:24 info: 9
2020-08-07 16:58:24 info:  [descGralInmTablaConserva.js] [Usuario: 5] METODO: BdConsultaTablaConservacion 
2020-08-07 16:58:24 info:  [descGralInmTablaConserva.js] [Usuario: 5] METODO: BdConsultaTablaConservacion  SELECT * FROM fConsultaTablaConservacionAct(pFolio, pClase);
2020-08-07 16:58:24 info: SELECT * FROM fConsultaTablaConservacionAct( 'FOLIO_PRUEBA_0033',  '9');
2020-08-07 16:58:25 error:  [descGralInmTablaConserva.js] [Usuario: 5] METODO: BdConsultaTablaConservacion ERROR: no existe la columna «pclase» CODIGO_BD(42703)
2020-08-07 16:58:25 info:  [descGralInmTablaConserva.js] [Usuario: 5] METODO: consultaTablaConservacion RESPUESTA: ok = false, mensaje = no existe la columna «pclase» CODIGO_BD(42703)
2020-08-07 16:58:44 info:  [descGralInmTablaConserva.js] [Usuario: 5] METODO: consultaTablaConservacion
2020-08-07 16:58:44 info:  [descGralInmTablaConserva.js] [Usuario: 5] METODO: consultaTablaConservacion, PARAMETROS DE ENTRADA --> FOLIO_PRUEBA_0033, 9
2020-08-07 16:58:44 info: pClase
2020-08-07 16:58:44 info: 9
2020-08-07 16:58:44 info:  [descGralInmTablaConserva.js] [Usuario: 5] METODO: BdConsultaTablaConservacion 
2020-08-07 16:58:44 info:  [descGralInmTablaConserva.js] [Usuario: 5] METODO: BdConsultaTablaConservacion  SELECT * FROM fConsultaTablaConservacionAct(pFolio, pClase);
2020-08-07 16:58:44 info: SELECT * FROM fConsultaTablaConservacionAct( 'FOLIO_PRUEBA_0033',  '9');
2020-08-07 16:58:44 error:  [descGralInmTablaConserva.js] [Usuario: 5] METODO: BdConsultaTablaConservacion ERROR: El Folio indicado no existe CODIGO_BD(P0001)
2020-08-07 16:58:44 info:  [descGralInmTablaConserva.js] [Usuario: 5] METODO: consultaTablaConservacion RESPUESTA: ok = false, mensaje = El Folio indicado no existe CODIGO_BD(P0001)
2020-08-07 16:59:04 info:  [descGralInmTablaConserva.js] [Usuario: 5] METODO: consultaTablaConservacion
2020-08-07 16:59:04 info:  [descGralInmTablaConserva.js] [Usuario: 5] METODO: consultaTablaConservacion, PARAMETROS DE ENTRADA --> FOLIO_PRUEBA_0033, 9
2020-08-07 16:59:04 info: pClase
2020-08-07 16:59:04 info: 9
2020-08-07 16:59:04 info:  [descGralInmTablaConserva.js] [Usuario: 5] METODO: BdConsultaTablaConservacion 
2020-08-07 16:59:04 info:  [descGralInmTablaConserva.js] [Usuario: 5] METODO: BdConsultaTablaConservacion  SELECT * FROM fConsultaTablaConservacionAct(pFolio, pClase);
2020-08-07 16:59:04 info: SELECT * FROM fConsultaTablaConservacionAct( 'FOLIO_PRUEBA_0033',  '9');
2020-08-07 16:59:04 error:  [descGralInmTablaConserva.js] [Usuario: 5] METODO: BdConsultaTablaConservacion ERROR: La clase indicada no existe CODIGO_BD(P0001)
2020-08-07 16:59:04 info:  [descGralInmTablaConserva.js] [Usuario: 5] METODO: consultaTablaConservacion RESPUESTA: ok = false, mensaje = La clase indicada no existe CODIGO_BD(P0001)
2020-08-07 16:59:10 info:  [descGralInmTablaConserva.js] [Usuario: 5] METODO: consultaTablaConservacion
2020-08-07 16:59:10 info:  [descGralInmTablaConserva.js] [Usuario: 5] METODO: consultaTablaConservacion, PARAMETROS DE ENTRADA --> FOLIO_PRUEBA_0033, 0
2020-08-07 16:59:10 info: pClase
2020-08-07 16:59:10 info: 0
2020-08-07 16:59:10 info:  [descGralInmTablaConserva.js] [Usuario: 5] METODO: BdConsultaTablaConservacion 
2020-08-07 16:59:10 info:  [descGralInmTablaConserva.js] [Usuario: 5] METODO: BdConsultaTablaConservacion  SELECT * FROM fConsultaTablaConservacionAct(pFolio, pClase);
2020-08-07 16:59:10 info: SELECT * FROM fConsultaTablaConservacionAct( 'FOLIO_PRUEBA_0033',  '0');
2020-08-07 16:59:10 info:  [descGralInmTablaConserva.js] [Usuario: 5] METODO: BdConsultaTablaConservacion RESULTADO: [{"idclaseconstruccion":"3","idpartidaporcentaje":1,"descripcionpartidaporcentaje":"CIMENTACIÓN","puntospartida":"7.000","idpartidaconserva":2,"manttrequerido":"BAJO","factor":"0.90","indiceconservacion":"45.000","puntosajustados":"6.30","totalpuntosajustados":"0.91","estadogralconservacion":"EFICIENTE O FUNCIONAL","vidaminimaremanente":"45.00","indicecostosremanente":"90.860"},{"idclaseconstruccion":"3","idpartidaporcentaje":2,"descripcionpartidaporcentaje":"ESTRUCTURA DE CONCRETO","puntospartida":"17.750","idpartidaconserva":2,"manttrequerido":"BAJO","factor":"0.90","indiceconservacion":"45.000","puntosajustados":"15.98","totalpuntosajustados":"0.91","estadogralconservacion":"EFICIENTE O FUNCIONAL","vidaminimaremanente":"45.00","indicecostosremanente":"90.860"},{"idclaseconstruccion":"3","idpartidaporcentaje":3,"descripcionpartidaporcentaje":"ALBAÑILERÍA","puntospartida":"13.249","idpartidaconserva":1,"manttrequerido":"NULO","factor":"1.00","indiceconservacion":"50.000","puntosajustados":"13.25","totalpuntosajustados":"0.91","estadogralconservacion":"EFICIENTE O FUNCIONAL","vidaminimaremanente":"45.00","indicecostosremanente":"90.860"},{"idclaseconstruccion":"3","idpartidaporcentaje":4,"descripcionpartidaporcentaje":"INSTALACIÓN HIDRÁULICA","puntospartida":"5.250","idpartidaconserva":2,"manttrequerido":"BAJO","factor":"0.90","indiceconservacion":"45.000","puntosajustados":"4.73","totalpuntosajustados":"0.91","estadogralconservacion":"EFICIENTE O FUNCIONAL","vidaminimaremanente":"45.00","indicecostosremanente":"90.860"},{"idclaseconstruccion":"3","idpartidaporcentaje":5,"descripcionpartidaporcentaje":"INSTALACIÓN SANITARIA","puntospartida":"2.000","idpartidaconserva":2,"manttrequerido":"BAJO","factor":"0.90","indiceconservacion":"45.000","puntosajustados":"1.80","totalpuntosajustados":"0.91","estadogralconservacion":"EFICIENTE O FUNCIONAL","vidaminimaremanente":"45.00","indicecostosremanente":"90.860"},{"idclaseconstruccion":"3","idpartidaporcentaje":6,"descripcionpartidaporcentaje":"INSTALACIÓN ELÉCTRICA","puntospartida":"3.250","idpartidaconserva":2,"manttrequerido":"BAJO","factor":"0.90","indiceconservacion":"45.000","puntosajustados":"2.93","totalpuntosajustados":"0.91","estadogralconservacion":"EFICIENTE O FUNCIONAL","vidaminimaremanente":"45.00","indicecostosremanente":"90.860"},{"idclaseconstruccion":"3","idpartidaporcentaje":7,"descripcionpartidaporcentaje":"INSTALACIÓN DE GAS","puntospartida":"0.750","idpartidaconserva":2,"manttrequerido":"BAJO","factor":"0.90","indiceconservacion":"45.000","puntosajustados":"0.68","totalpuntosajustados":"0.91","estadogralconservacion":"EFICIENTE O FUNCIONAL","vidaminimaremanente":"45.00","indicecostosremanente":"90.860"},{"idclaseconstruccion":"3","idpartidaporcentaje":8,"descripcionpartidaporcentaje":"ACABADOS INTERIORES","puntospartida":"20.500","idpartidaconserva":2,"manttrequerido":"BAJO","factor":"0.90","indiceconservacion":"45.000","puntosajustados":"18.45","totalpuntosajustados":"0.91","estadogralconservacion":"EFICIENTE O FUNCIONAL","vidaminimaremanente":"45.00","indicecostosremanente":"90.860"},{"idclaseconstruccion":"3","idpartidaporcentaje":9,"descripcionpartidaporcentaje":"ACABADOS EXTERIORES","puntospartida":"7.500","idpartidaconserva":2,"manttrequerido":"BAJO","factor":"0.90","indiceconservacion":"45.000","puntosajustados":"6.75","totalpuntosajustados":"0.91","estadogralconservacion":"EFICIENTE O FUNCIONAL","vidaminimaremanente":"45.00","indicecostosremanente":"90.860"},{"idclaseconstruccion":"3","idpartidaporcentaje":10,"descripcionpartidaporcentaje":"PUERTAS DE MADERA","puntospartida":"6.500","idpartidaconserva":2,"manttrequerido":"BAJO","factor":"0.90","indiceconservacion":"45.000","puntosajustados":"5.85","totalpuntosajustados":"0.91","estadogralconservacion":"EFICIENTE O FUNCIONAL","vidaminimaremanente":"45.00","indicecostosremanente":"90.860"},{"idclaseconstruccion":"3","idpartidaporcentaje":11,"descripcionpartidaporcentaje":"HERRERÍA Y CANCELERÍA","puntospartida":"3.000","idpartidaconserva":2,"manttrequerido":"BAJO","factor":"0.90","indiceconservacion":"45.000","puntosajustados":"2.70","totalpuntosajustados":"0.91","estadogralconservacion":"EFICIENTE O FUNCIONAL","vidaminimaremanente":"45.00","indicecostosremanente":"90.860"},{"idclaseconstruccion":"3","idpartidaporcentaje":12,"descripcionpartidaporcentaje":"MUEBLES DE BAÑO Y COCINA","puntospartida":"7.250","idpartidaconserva":3,"manttrequerido":"MEDIO","factor":"0.75","indiceconservacion":"38.000","puntosajustados":"5.44","totalpuntosajustados":"0.91","estadogralconservacion":"EFICIENTE O FUNCIONAL","vidaminimaremanente":"45.00","indicecostosremanente":"90.860"},{"idclaseconstruccion":"3","idpartidaporcentaje":13,"descripcionpartidaporcentaje":"EQUIPOS","puntospartida":"0.000","idpartidaconserva":7,"manttrequerido":"NO APLICA","factor":"1.00","indiceconservacion":"50.000","puntosajustados":"0.00","totalpuntosajustados":"0.91","estadogralconservacion":"EFICIENTE O FUNCIONAL","vidaminimaremanente":"45.00","indicecostosremanente":"90.860"},{"idclaseconstruccion":"3","idpartidaporcentaje":14,"descripcionpartidaporcentaje":"CLOSETS Y ALACENAS","puntospartida":"6.000","idpartidaconserva":7,"manttrequerido":"NO APLICA","factor":"1.00","indiceconservacion":"50.000","puntosajustados":"6.00","totalpuntosajustados":"0.91","estadogralconservacion":"EFICIENTE O FUNCIONAL","vidaminimaremanente":"45.00","indicecostosremanente":"90.860"},{"idclaseconstruccion":"3","idpartidaporcentaje":15,"descripcionpartidaporcentaje":"ACCESORIAS","puntospartida":"0.000","idpartidaconserva":7,"manttrequerido":"NO APLICA","factor":"1.00","indiceconservacion":"50.000","puntosajustados":"0.00","totalpuntosajustados":"0.91","estadogralconservacion":"EFICIENTE O FUNCIONAL","vidaminimaremanente":"45.00","indicecostosremanente":"90.860"}]
2020-08-07 16:59:10 info:  [descGralInmTablaConserva.js] [Usuario: 5] METODO: consultaTablaConservacion RESPUESTA: ok = true, mensaje = Consulta exitosa, codigo =  AV200
2020-08-07 17:11:44 info:  [descGralInmTablaConserva.js] [Usuario: 5] METODO: consultaTablaConservacion
2020-08-07 17:11:44 info:  [descGralInmTablaConserva.js] [Usuario: 5] METODO: consultaTablaConservacion, PARAMETROS DE ENTRADA --> 17060065111, 0
2020-08-07 17:11:44 info: pClase
2020-08-07 17:11:44 info: 0
2020-08-07 17:11:44 info:  [descGralInmTablaConserva.js] [Usuario: 5] METODO: BdConsultaTablaConservacion 
2020-08-07 17:11:44 info:  [descGralInmTablaConserva.js] [Usuario: 5] METODO: BdConsultaTablaConservacion  SELECT * FROM fConsultaTablaConservacionAct(pFolio, pClase);
2020-08-07 17:11:44 info: SELECT * FROM fConsultaTablaConservacionAct( '17060065111',  '0');
2020-08-07 17:11:44 info:  [descGralInmTablaConserva.js] [Usuario: 5] METODO: BdConsultaTablaConservacion RESULTADO: []
2020-08-07 17:11:44 info:  [descGralInmTablaConserva.js] [Usuario: 5] METODO: consultaTablaConservacion RESPUESTA: ok = false, mensaje = No se encontró información con el folio indicado, codigo =  AV201
2020-08-07 17:21:36 info:  [descGralInmTablaConserva.js] [Usuario: 5] METODO: consultaTablaConservacion
2020-08-07 17:21:36 info:  [descGralInmTablaConserva.js] [Usuario: 5] METODO: consultaTablaConservacion, PARAMETROS DE ENTRADA --> 17060065111, 0
2020-08-07 17:21:36 info: pClase
2020-08-07 17:21:36 info: 0
2020-08-07 17:21:36 info:  [descGralInmTablaConserva.js] [Usuario: 5] METODO: BdConsultaTablaConservacion 
2020-08-07 17:21:36 info:  [descGralInmTablaConserva.js] [Usuario: 5] METODO: BdConsultaTablaConservacion  SELECT * FROM fConsultaTablaConservacionAct(pFolio, pClase);
2020-08-07 17:21:36 info: SELECT * FROM fConsultaTablaConservacionAct( '17060065111',  '0');
2020-08-07 17:21:36 info:  [descGralInmTablaConserva.js] [Usuario: 5] METODO: BdConsultaTablaConservacion RESULTADO: [{"idclaseconstruccion":"0","idpartidaporcentaje":1,"descripcionpartidaporcentaje":"CIMENTACIÓN","puntospartida":"0","idpartidaconserva":0,"manttrequerido":"","factor":"0","indiceconservacion":"0","puntosajustados":"0","totalpuntosajustados":"0","estadogralconservacion":"","vidaminimaremanente":"0","indicecostosremanente":"0"},{"idclaseconstruccion":"0","idpartidaporcentaje":2,"descripcionpartidaporcentaje":"ESTRUCTURA DE CONCRETO","puntospartida":"0","idpartidaconserva":0,"manttrequerido":"","factor":"0","indiceconservacion":"0","puntosajustados":"0","totalpuntosajustados":"0","estadogralconservacion":"","vidaminimaremanente":"0","indicecostosremanente":"0"},{"idclaseconstruccion":"0","idpartidaporcentaje":3,"descripcionpartidaporcentaje":"ALBAÑILERÍA","puntospartida":"0","idpartidaconserva":0,"manttrequerido":"","factor":"0","indiceconservacion":"0","puntosajustados":"0","totalpuntosajustados":"0","estadogralconservacion":"","vidaminimaremanente":"0","indicecostosremanente":"0"},{"idclaseconstruccion":"0","idpartidaporcentaje":4,"descripcionpartidaporcentaje":"INSTALACIÓN HIDRÁULICA","puntospartida":"0","idpartidaconserva":0,"manttrequerido":"","factor":"0","indiceconservacion":"0","puntosajustados":"0","totalpuntosajustados":"0","estadogralconservacion":"","vidaminimaremanente":"0","indicecostosremanente":"0"},{"idclaseconstruccion":"0","idpartidaporcentaje":5,"descripcionpartidaporcentaje":"INSTALACIÓN SANITARIA","puntospartida":"0","idpartidaconserva":0,"manttrequerido":"","factor":"0","indiceconservacion":"0","puntosajustados":"0","totalpuntosajustados":"0","estadogralconservacion":"","vidaminimaremanente":"0","indicecostosremanente":"0"},{"idclaseconstruccion":"0","idpartidaporcentaje":6,"descripcionpartidaporcentaje":"INSTALACIÓN ELÉCTRICA","puntospartida":"0","idpartidaconserva":0,"manttrequerido":"","factor":"0","indiceconservacion":"0","puntosajustados":"0","totalpuntosajustados":"0","estadogralconservacion":"","vidaminimaremanente":"0","indicecostosremanente":"0"},{"idclaseconstruccion":"0","idpartidaporcentaje":7,"descripcionpartidaporcentaje":"INSTALACIÓN DE GAS","puntospartida":"0","idpartidaconserva":0,"manttrequerido":"","factor":"0","indiceconservacion":"0","puntosajustados":"0","totalpuntosajustados":"0","estadogralconservacion":"","vidaminimaremanente":"0","indicecostosremanente":"0"},{"idclaseconstruccion":"0","idpartidaporcentaje":8,"descripcionpartidaporcentaje":"ACABADOS INTERIORES","puntospartida":"0","idpartidaconserva":0,"manttrequerido":"","factor":"0","indiceconservacion":"0","puntosajustados":"0","totalpuntosajustados":"0","estadogralconservacion":"","vidaminimaremanente":"0","indicecostosremanente":"0"},{"idclaseconstruccion":"0","idpartidaporcentaje":9,"descripcionpartidaporcentaje":"ACABADOS EXTERIORES","puntospartida":"0","idpartidaconserva":0,"manttrequerido":"","factor":"0","indiceconservacion":"0","puntosajustados":"0","totalpuntosajustados":"0","estadogralconservacion":"","vidaminimaremanente":"0","indicecostosremanente":"0"},{"idclaseconstruccion":"0","idpartidaporcentaje":10,"descripcionpartidaporcentaje":"PUERTAS DE MADERA","puntospartida":"0","idpartidaconserva":0,"manttrequerido":"","factor":"0","indiceconservacion":"0","puntosajustados":"0","totalpuntosajustados":"0","estadogralconservacion":"","vidaminimaremanente":"0","indicecostosremanente":"0"},{"idclaseconstruccion":"0","idpartidaporcentaje":11,"descripcionpartidaporcentaje":"HERRERÍA Y CANCELERÍA","puntospartida":"0","idpartidaconserva":0,"manttrequerido":"","factor":"0","indiceconservacion":"0","puntosajustados":"0","totalpuntosajustados":"0","estadogralconservacion":"","vidaminimaremanente":"0","indicecostosremanente":"0"},{"idclaseconstruccion":"0","idpartidaporcentaje":12,"descripcionpartidaporcentaje":"MUEBLES DE BAÑO Y COCINA","puntospartida":"0","idpartidaconserva":0,"manttrequerido":"","factor":"0","indiceconservacion":"0","puntosajustados":"0","totalpuntosajustados":"0","estadogralconservacion":"","vidaminimaremanente":"0","indicecostosremanente":"0"},{"idclaseconstruccion":"0","idpartidaporcentaje":13,"descripcionpartidaporcentaje":"EQUIPOS","puntospartida":"0","idpartidaconserva":0,"manttrequerido":"","factor":"0","indiceconservacion":"0","puntosajustados":"0","totalpuntosajustados":"0","estadogralconservacion":"","vidaminimaremanente":"0","indicecostosremanente":"0"},{"idclaseconstruccion":"0","idpartidaporcentaje":14,"descripcionpartidaporcentaje":"CLOSETS Y ALACENAS","puntospartida":"0","idpartidaconserva":0,"manttrequerido":"","factor":"0","indiceconservacion":"0","puntosajustados":"0","totalpuntosajustados":"0","estadogralconservacion":"","vidaminimaremanente":"0","indicecostosremanente":"0"},{"idclaseconstruccion":"0","idpartidaporcentaje":15,"descripcionpartidaporcentaje":"ACCESORIAS","puntospartida":"0","idpartidaconserva":0,"manttrequerido":"","factor":"0","indiceconservacion":"0","puntosajustados":"0","totalpuntosajustados":"0","estadogralconservacion":"","vidaminimaremanente":"0","indicecostosremanente":"0"}]
2020-08-07 17:21:36 info:  [descGralInmTablaConserva.js] [Usuario: 5] METODO: consultaTablaConservacion RESPUESTA: ok = true, mensaje = Consulta exitosa, codigo =  AV200
2020-08-07 19:29:19 info:  [descGralInmTablaConserva.js] [Usuario: 5] METODO: consultaTablaConservacion
2020-08-07 19:29:19 info:  [descGralInmTablaConserva.js] [Usuario: 5] METODO: consultaTablaConservacion, PARAMETROS DE ENTRADA --> 17060065111, 1
2020-08-07 19:29:19 info:  [descGralInmTablaConserva.js] [Usuario: 5] METODO: BdConsultaTablaConservacion 
2020-08-07 19:29:19 info:  [descGralInmTablaConserva.js] [Usuario: 5] METODO: BdConsultaTablaConservacion  SELECT * FROM fConsultaTablaConservacionAct(pFolio, pClase);
2020-08-07 19:29:19 info: SELECT * FROM fConsultaTablaConservacionAct( '17060065111',  '1');
2020-08-07 19:29:19 info:  [descGralInmTablaConserva.js] [Usuario: 5] METODO: BdConsultaTablaConservacion RESULTADO: [{"idclaseconstruccion":"1","idpartidaporcentaje":1,"descripcionpartidaporcentaje":"CIMENTACIÓN","puntospartida":"13.750","idpartidaconserva":0,"manttrequerido":"","factor":"0","indiceconservacion":"0","puntosajustados":"0","totalpuntosajustados":"0","estadogralconservacion":"","vidaminimaremanente":"0","indicecostosremanente":"0"},{"idclaseconstruccion":"1","idpartidaporcentaje":2,"descripcionpartidaporcentaje":"ESTRUCTURA DE CONCRETO","puntospartida":"10.000","idpartidaconserva":0,"manttrequerido":"","factor":"0","indiceconservacion":"0","puntosajustados":"0","totalpuntosajustados":"0","estadogralconservacion":"","vidaminimaremanente":"0","indicecostosremanente":"0"},{"idclaseconstruccion":"1","idpartidaporcentaje":3,"descripcionpartidaporcentaje":"ALBAÑILERÍA","puntospartida":"9.750","idpartidaconserva":0,"manttrequerido":"","factor":"0","indiceconservacion":"0","puntosajustados":"0","totalpuntosajustados":"0","estadogralconservacion":"","vidaminimaremanente":"0","indicecostosremanente":"0"},{"idclaseconstruccion":"1","idpartidaporcentaje":4,"descripcionpartidaporcentaje":"INSTALACIÓN HIDRÁULICA","puntospartida":"9.000","idpartidaconserva":0,"manttrequerido":"","factor":"0","indiceconservacion":"0","puntosajustados":"0","totalpuntosajustados":"0","estadogralconservacion":"","vidaminimaremanente":"0","indicecostosremanente":"0"},{"idclaseconstruccion":"1","idpartidaporcentaje":5,"descripcionpartidaporcentaje":"INSTALACIÓN SANITARIA","puntospartida":"3.500","idpartidaconserva":0,"manttrequerido":"","factor":"0","indiceconservacion":"0","puntosajustados":"0","totalpuntosajustados":"0","estadogralconservacion":"","vidaminimaremanente":"0","indicecostosremanente":"0"},{"idclaseconstruccion":"1","idpartidaporcentaje":6,"descripcionpartidaporcentaje":"INSTALACIÓN ELÉCTRICA","puntospartida":"2.500","idpartidaconserva":0,"manttrequerido":"","factor":"0","indiceconservacion":"0","puntosajustados":"0","totalpuntosajustados":"0","estadogralconservacion":"","vidaminimaremanente":"0","indicecostosremanente":"0"},{"idclaseconstruccion":"1","idpartidaporcentaje":7,"descripcionpartidaporcentaje":"INSTALACIÓN DE GAS","puntospartida":"2.000","idpartidaconserva":0,"manttrequerido":"","factor":"0","indiceconservacion":"0","puntosajustados":"0","totalpuntosajustados":"0","estadogralconservacion":"","vidaminimaremanente":"0","indicecostosremanente":"0"},{"idclaseconstruccion":"1","idpartidaporcentaje":8,"descripcionpartidaporcentaje":"ACABADOS INTERIORES","puntospartida":"16.000","idpartidaconserva":0,"manttrequerido":"","factor":"0","indiceconservacion":"0","puntosajustados":"0","totalpuntosajustados":"0","estadogralconservacion":"","vidaminimaremanente":"0","indicecostosremanente":"0"},{"idclaseconstruccion":"1","idpartidaporcentaje":9,"descripcionpartidaporcentaje":"ACABADOS EXTERIORES","puntospartida":"10.000","idpartidaconserva":0,"manttrequerido":"","factor":"0","indiceconservacion":"0","puntosajustados":"0","totalpuntosajustados":"0","estadogralconservacion":"","vidaminimaremanente":"0","indicecostosremanente":"0"},{"idclaseconstruccion":"1","idpartidaporcentaje":10,"descripcionpartidaporcentaje":"PUERTAS DE MADERA","puntospartida":"7.750","idpartidaconserva":0,"manttrequerido":"","factor":"0","indiceconservacion":"0","puntosajustados":"0","totalpuntosajustados":"0","estadogralconservacion":"","vidaminimaremanente":"0","indicecostosremanente":"0"},{"idclaseconstruccion":"1","idpartidaporcentaje":11,"descripcionpartidaporcentaje":"HERRERÍA Y CANCELERÍA","puntospartida":"1.500","idpartidaconserva":0,"manttrequerido":"","factor":"0","indiceconservacion":"0","puntosajustados":"0","totalpuntosajustados":"0","estadogralconservacion":"","vidaminimaremanente":"0","indicecostosremanente":"0"},{"idclaseconstruccion":"1","idpartidaporcentaje":12,"descripcionpartidaporcentaje":"MUEBLES DE BAÑO Y COCINA","puntospartida":"11.750","idpartidaconserva":0,"manttrequerido":"","factor":"0","indiceconservacion":"0","puntosajustados":"0","totalpuntosajustados":"0","estadogralconservacion":"","vidaminimaremanente":"0","indicecostosremanente":"0"},{"idclaseconstruccion":"1","idpartidaporcentaje":13,"descripcionpartidaporcentaje":"EQUIPOS","puntospartida":"0.000","idpartidaconserva":0,"manttrequerido":"","factor":"0","indiceconservacion":"0","puntosajustados":"0","totalpuntosajustados":"0","estadogralconservacion":"","vidaminimaremanente":"0","indicecostosremanente":"0"},{"idclaseconstruccion":"1","idpartidaporcentaje":14,"descripcionpartidaporcentaje":"CLOSETS Y ALACENAS","puntospartida":"2.500","idpartidaconserva":0,"manttrequerido":"","factor":"0","indiceconservacion":"0","puntosajustados":"0","totalpuntosajustados":"0","estadogralconservacion":"","vidaminimaremanente":"0","indicecostosremanente":"0"},{"idclaseconstruccion":"1","idpartidaporcentaje":15,"descripcionpartidaporcentaje":"ACCESORIAS","puntospartida":"0.000","idpartidaconserva":0,"manttrequerido":"","factor":"0","indiceconservacion":"0","puntosajustados":"0","totalpuntosajustados":"0","estadogralconservacion":"","vidaminimaremanente":"0","indicecostosremanente":"0"}]
2020-08-07 19:29:19 info:  [descGralInmTablaConserva.js] [Usuario: 5] METODO: consultaTablaConservacion RESPUESTA: ok = true, mensaje = Consulta exitosa, codigo =  AV200
2020-08-07 19:32:06 info:  [descGralInmTablaConserva.js] [Usuario: 5] METODO: consultaTablaConservacion
2020-08-07 19:32:06 info:  [descGralInmTablaConserva.js] [Usuario: 5] METODO: consultaTablaConservacion, PARAMETROS DE ENTRADA --> 17060065111, 0
2020-08-07 19:32:06 info:  [descGralInmTablaConserva.js] [Usuario: 5] METODO: BdConsultaTablaConservacion 
2020-08-07 19:32:06 info:  [descGralInmTablaConserva.js] [Usuario: 5] METODO: BdConsultaTablaConservacion  SELECT * FROM fConsultaTablaConservacionAct(pFolio, pClase);
2020-08-07 19:32:06 info: SELECT * FROM fConsultaTablaConservacionAct( '17060065111',  '0');
2020-08-07 19:32:06 info:  [descGralInmTablaConserva.js] [Usuario: 5] METODO: BdConsultaTablaConservacion RESULTADO: [{"idclaseconstruccion":"0","idpartidaporcentaje":1,"descripcionpartidaporcentaje":"CIMENTACIÓN","puntospartida":"0","idpartidaconserva":0,"manttrequerido":"","factor":"0","indiceconservacion":"0","puntosajustados":"0","totalpuntosajustados":"0","estadogralconservacion":"","vidaminimaremanente":"0","indicecostosremanente":"0"},{"idclaseconstruccion":"0","idpartidaporcentaje":2,"descripcionpartidaporcentaje":"ESTRUCTURA DE CONCRETO","puntospartida":"0","idpartidaconserva":0,"manttrequerido":"","factor":"0","indiceconservacion":"0","puntosajustados":"0","totalpuntosajustados":"0","estadogralconservacion":"","vidaminimaremanente":"0","indicecostosremanente":"0"},{"idclaseconstruccion":"0","idpartidaporcentaje":3,"descripcionpartidaporcentaje":"ALBAÑILERÍA","puntospartida":"0","idpartidaconserva":0,"manttrequerido":"","factor":"0","indiceconservacion":"0","puntosajustados":"0","totalpuntosajustados":"0","estadogralconservacion":"","vidaminimaremanente":"0","indicecostosremanente":"0"},{"idclaseconstruccion":"0","idpartidaporcentaje":4,"descripcionpartidaporcentaje":"INSTALACIÓN HIDRÁULICA","puntospartida":"0","idpartidaconserva":0,"manttrequerido":"","factor":"0","indiceconservacion":"0","puntosajustados":"0","totalpuntosajustados":"0","estadogralconservacion":"","vidaminimaremanente":"0","indicecostosremanente":"0"},{"idclaseconstruccion":"0","idpartidaporcentaje":5,"descripcionpartidaporcentaje":"INSTALACIÓN SANITARIA","puntospartida":"0","idpartidaconserva":0,"manttrequerido":"","factor":"0","indiceconservacion":"0","puntosajustados":"0","totalpuntosajustados":"0","estadogralconservacion":"","vidaminimaremanente":"0","indicecostosremanente":"0"},{"idclaseconstruccion":"0","idpartidaporcentaje":6,"descripcionpartidaporcentaje":"INSTALACIÓN ELÉCTRICA","puntospartida":"0","idpartidaconserva":0,"manttrequerido":"","factor":"0","indiceconservacion":"0","puntosajustados":"0","totalpuntosajustados":"0","estadogralconservacion":"","vidaminimaremanente":"0","indicecostosremanente":"0"},{"idclaseconstruccion":"0","idpartidaporcentaje":7,"descripcionpartidaporcentaje":"INSTALACIÓN DE GAS","puntospartida":"0","idpartidaconserva":0,"manttrequerido":"","factor":"0","indiceconservacion":"0","puntosajustados":"0","totalpuntosajustados":"0","estadogralconservacion":"","vidaminimaremanente":"0","indicecostosremanente":"0"},{"idclaseconstruccion":"0","idpartidaporcentaje":8,"descripcionpartidaporcentaje":"ACABADOS INTERIORES","puntospartida":"0","idpartidaconserva":0,"manttrequerido":"","factor":"0","indiceconservacion":"0","puntosajustados":"0","totalpuntosajustados":"0","estadogralconservacion":"","vidaminimaremanente":"0","indicecostosremanente":"0"},{"idclaseconstruccion":"0","idpartidaporcentaje":9,"descripcionpartidaporcentaje":"ACABADOS EXTERIORES","puntospartida":"0","idpartidaconserva":0,"manttrequerido":"","factor":"0","indiceconservacion":"0","puntosajustados":"0","totalpuntosajustados":"0","estadogralconservacion":"","vidaminimaremanente":"0","indicecostosremanente":"0"},{"idclaseconstruccion":"0","idpartidaporcentaje":10,"descripcionpartidaporcentaje":"PUERTAS DE MADERA","puntospartida":"0","idpartidaconserva":0,"manttrequerido":"","factor":"0","indiceconservacion":"0","puntosajustados":"0","totalpuntosajustados":"0","estadogralconservacion":"","vidaminimaremanente":"0","indicecostosremanente":"0"},{"idclaseconstruccion":"0","idpartidaporcentaje":11,"descripcionpartidaporcentaje":"HERRERÍA Y CANCELERÍA","puntospartida":"0","idpartidaconserva":0,"manttrequerido":"","factor":"0","indiceconservacion":"0","puntosajustados":"0","totalpuntosajustados":"0","estadogralconservacion":"","vidaminimaremanente":"0","indicecostosremanente":"0"},{"idclaseconstruccion":"0","idpartidaporcentaje":12,"descripcionpartidaporcentaje":"MUEBLES DE BAÑO Y COCINA","puntospartida":"0","idpartidaconserva":0,"manttrequerido":"","factor":"0","indiceconservacion":"0","puntosajustados":"0","totalpuntosajustados":"0","estadogralconservacion":"","vidaminimaremanente":"0","indicecostosremanente":"0"},{"idclaseconstruccion":"0","idpartidaporcentaje":13,"descripcionpartidaporcentaje":"EQUIPOS","puntospartida":"0","idpartidaconserva":0,"manttrequerido":"","factor":"0","indiceconservacion":"0","puntosajustados":"0","totalpuntosajustados":"0","estadogralconservacion":"","vidaminimaremanente":"0","indicecostosremanente":"0"},{"idclaseconstruccion":"0","idpartidaporcentaje":14,"descripcionpartidaporcentaje":"CLOSETS Y ALACENAS","puntospartida":"0","idpartidaconserva":0,"manttrequerido":"","factor":"0","indiceconservacion":"0","puntosajustados":"0","totalpuntosajustados":"0","estadogralconservacion":"","vidaminimaremanente":"0","indicecostosremanente":"0"},{"idclaseconstruccion":"0","idpartidaporcentaje":15,"descripcionpartidaporcentaje":"ACCESORIAS","puntospartida":"0","idpartidaconserva":0,"manttrequerido":"","factor":"0","indiceconservacion":"0","puntosajustados":"0","totalpuntosajustados":"0","estadogralconservacion":"","vidaminimaremanente":"0","indicecostosremanente":"0"}]
2020-08-07 19:32:06 info:  [descGralInmTablaConserva.js] [Usuario: 5] METODO: consultaTablaConservacion RESPUESTA: ok = true, mensaje = Consulta exitosa, codigo =  AV200
2020-08-07 19:32:25 info:  [descGralInmTablaConserva.js] [Usuario: 5] METODO: consultaTablaConservacion
2020-08-07 19:32:25 info:  [descGralInmTablaConserva.js] [Usuario: 5] METODO: consultaTablaConservacion, PARAMETROS DE ENTRADA --> 17060065111, 1
2020-08-07 19:32:25 info:  [descGralInmTablaConserva.js] [Usuario: 5] METODO: BdConsultaTablaConservacion 
2020-08-07 19:32:25 info:  [descGralInmTablaConserva.js] [Usuario: 5] METODO: BdConsultaTablaConservacion  SELECT * FROM fConsultaTablaConservacionAct(pFolio, pClase);
2020-08-07 19:32:25 info: SELECT * FROM fConsultaTablaConservacionAct( '17060065111',  '1');
2020-08-07 19:32:25 info:  [descGralInmTablaConserva.js] [Usuario: 5] METODO: BdConsultaTablaConservacion RESULTADO: [{"idclaseconstruccion":"1","idpartidaporcentaje":1,"descripcionpartidaporcentaje":"CIMENTACIÓN","puntospartida":"13.750","idpartidaconserva":0,"manttrequerido":"","factor":"0","indiceconservacion":"0","puntosajustados":"0","totalpuntosajustados":"0","estadogralconservacion":"","vidaminimaremanente":"0","indicecostosremanente":"0"},{"idclaseconstruccion":"1","idpartidaporcentaje":2,"descripcionpartidaporcentaje":"ESTRUCTURA DE CONCRETO","puntospartida":"10.000","idpartidaconserva":0,"manttrequerido":"","factor":"0","indiceconservacion":"0","puntosajustados":"0","totalpuntosajustados":"0","estadogralconservacion":"","vidaminimaremanente":"0","indicecostosremanente":"0"},{"idclaseconstruccion":"1","idpartidaporcentaje":3,"descripcionpartidaporcentaje":"ALBAÑILERÍA","puntospartida":"9.750","idpartidaconserva":0,"manttrequerido":"","factor":"0","indiceconservacion":"0","puntosajustados":"0","totalpuntosajustados":"0","estadogralconservacion":"","vidaminimaremanente":"0","indicecostosremanente":"0"},{"idclaseconstruccion":"1","idpartidaporcentaje":4,"descripcionpartidaporcentaje":"INSTALACIÓN HIDRÁULICA","puntospartida":"9.000","idpartidaconserva":0,"manttrequerido":"","factor":"0","indiceconservacion":"0","puntosajustados":"0","totalpuntosajustados":"0","estadogralconservacion":"","vidaminimaremanente":"0","indicecostosremanente":"0"},{"idclaseconstruccion":"1","idpartidaporcentaje":5,"descripcionpartidaporcentaje":"INSTALACIÓN SANITARIA","puntospartida":"3.500","idpartidaconserva":0,"manttrequerido":"","factor":"0","indiceconservacion":"0","puntosajustados":"0","totalpuntosajustados":"0","estadogralconservacion":"","vidaminimaremanente":"0","indicecostosremanente":"0"},{"idclaseconstruccion":"1","idpartidaporcentaje":6,"descripcionpartidaporcentaje":"INSTALACIÓN ELÉCTRICA","puntospartida":"2.500","idpartidaconserva":0,"manttrequerido":"","factor":"0","indiceconservacion":"0","puntosajustados":"0","totalpuntosajustados":"0","estadogralconservacion":"","vidaminimaremanente":"0","indicecostosremanente":"0"},{"idclaseconstruccion":"1","idpartidaporcentaje":7,"descripcionpartidaporcentaje":"INSTALACIÓN DE GAS","puntospartida":"2.000","idpartidaconserva":0,"manttrequerido":"","factor":"0","indiceconservacion":"0","puntosajustados":"0","totalpuntosajustados":"0","estadogralconservacion":"","vidaminimaremanente":"0","indicecostosremanente":"0"},{"idclaseconstruccion":"1","idpartidaporcentaje":8,"descripcionpartidaporcentaje":"ACABADOS INTERIORES","puntospartida":"16.000","idpartidaconserva":0,"manttrequerido":"","factor":"0","indiceconservacion":"0","puntosajustados":"0","totalpuntosajustados":"0","estadogralconservacion":"","vidaminimaremanente":"0","indicecostosremanente":"0"},{"idclaseconstruccion":"1","idpartidaporcentaje":9,"descripcionpartidaporcentaje":"ACABADOS EXTERIORES","puntospartida":"10.000","idpartidaconserva":0,"manttrequerido":"","factor":"0","indiceconservacion":"0","puntosajustados":"0","totalpuntosajustados":"0","estadogralconservacion":"","vidaminimaremanente":"0","indicecostosremanente":"0"},{"idclaseconstruccion":"1","idpartidaporcentaje":10,"descripcionpartidaporcentaje":"PUERTAS DE MADERA","puntospartida":"7.750","idpartidaconserva":0,"manttrequerido":"","factor":"0","indiceconservacion":"0","puntosajustados":"0","totalpuntosajustados":"0","estadogralconservacion":"","vidaminimaremanente":"0","indicecostosremanente":"0"},{"idclaseconstruccion":"1","idpartidaporcentaje":11,"descripcionpartidaporcentaje":"HERRERÍA Y CANCELERÍA","puntospartida":"1.500","idpartidaconserva":0,"manttrequerido":"","factor":"0","indiceconservacion":"0","puntosajustados":"0","totalpuntosajustados":"0","estadogralconservacion":"","vidaminimaremanente":"0","indicecostosremanente":"0"},{"idclaseconstruccion":"1","idpartidaporcentaje":12,"descripcionpartidaporcentaje":"MUEBLES DE BAÑO Y COCINA","puntospartida":"11.750","idpartidaconserva":0,"manttrequerido":"","factor":"0","indiceconservacion":"0","puntosajustados":"0","totalpuntosajustados":"0","estadogralconservacion":"","vidaminimaremanente":"0","indicecostosremanente":"0"},{"idclaseconstruccion":"1","idpartidaporcentaje":13,"descripcionpartidaporcentaje":"EQUIPOS","puntospartida":"0.000","idpartidaconserva":0,"manttrequerido":"","factor":"0","indiceconservacion":"0","puntosajustados":"0","totalpuntosajustados":"0","estadogralconservacion":"","vidaminimaremanente":"0","indicecostosremanente":"0"},{"idclaseconstruccion":"1","idpartidaporcentaje":14,"descripcionpartidaporcentaje":"CLOSETS Y ALACENAS","puntospartida":"2.500","idpartidaconserva":0,"manttrequerido":"","factor":"0","indiceconservacion":"0","puntosajustados":"0","totalpuntosajustados":"0","estadogralconservacion":"","vidaminimaremanente":"0","indicecostosremanente":"0"},{"idclaseconstruccion":"1","idpartidaporcentaje":15,"descripcionpartidaporcentaje":"ACCESORIAS","puntospartida":"0.000","idpartidaconserva":0,"manttrequerido":"","factor":"0","indiceconservacion":"0","puntosajustados":"0","totalpuntosajustados":"0","estadogralconservacion":"","vidaminimaremanente":"0","indicecostosremanente":"0"}]
2020-08-07 19:32:25 info:  [descGralInmTablaConserva.js] [Usuario: 5] METODO: consultaTablaConservacion RESPUESTA: ok = true, mensaje = Consulta exitosa, codigo =  AV200
2020-08-07 19:33:34 info:  [descGralInmTablaConserva.js] [Usuario: 5] METODO: consultaTablaConservacion
2020-08-07 19:33:34 info:  [descGralInmTablaConserva.js] [Usuario: 5] METODO: consultaTablaConservacion, PARAMETROS DE ENTRADA --> 17060065111, 0
2020-08-07 19:33:34 info:  [descGralInmTablaConserva.js] [Usuario: 5] METODO: BdConsultaTablaConservacion 
2020-08-07 19:33:34 info:  [descGralInmTablaConserva.js] [Usuario: 5] METODO: BdConsultaTablaConservacion  SELECT * FROM fConsultaTablaConservacionAct(pFolio, pClase);
2020-08-07 19:33:34 info: SELECT * FROM fConsultaTablaConservacionAct( '17060065111',  '0');
2020-08-07 19:33:34 info:  [descGralInmTablaConserva.js] [Usuario: 5] METODO: BdConsultaTablaConservacion RESULTADO: [{"idclaseconstruccion":"0","idpartidaporcentaje":1,"descripcionpartidaporcentaje":"CIMENTACIÓN","puntospartida":"0","idpartidaconserva":0,"manttrequerido":"","factor":"0","indiceconservacion":"0","puntosajustados":"0","totalpuntosajustados":"0","estadogralconservacion":"","vidaminimaremanente":"0","indicecostosremanente":"0"},{"idclaseconstruccion":"0","idpartidaporcentaje":2,"descripcionpartidaporcentaje":"ESTRUCTURA DE CONCRETO","puntospartida":"0","idpartidaconserva":0,"manttrequerido":"","factor":"0","indiceconservacion":"0","puntosajustados":"0","totalpuntosajustados":"0","estadogralconservacion":"","vidaminimaremanente":"0","indicecostosremanente":"0"},{"idclaseconstruccion":"0","idpartidaporcentaje":3,"descripcionpartidaporcentaje":"ALBAÑILERÍA","puntospartida":"0","idpartidaconserva":0,"manttrequerido":"","factor":"0","indiceconservacion":"0","puntosajustados":"0","totalpuntosajustados":"0","estadogralconservacion":"","vidaminimaremanente":"0","indicecostosremanente":"0"},{"idclaseconstruccion":"0","idpartidaporcentaje":4,"descripcionpartidaporcentaje":"INSTALACIÓN HIDRÁULICA","puntospartida":"0","idpartidaconserva":0,"manttrequerido":"","factor":"0","indiceconservacion":"0","puntosajustados":"0","totalpuntosajustados":"0","estadogralconservacion":"","vidaminimaremanente":"0","indicecostosremanente":"0"},{"idclaseconstruccion":"0","idpartidaporcentaje":5,"descripcionpartidaporcentaje":"INSTALACIÓN SANITARIA","puntospartida":"0","idpartidaconserva":0,"manttrequerido":"","factor":"0","indiceconservacion":"0","puntosajustados":"0","totalpuntosajustados":"0","estadogralconservacion":"","vidaminimaremanente":"0","indicecostosremanente":"0"},{"idclaseconstruccion":"0","idpartidaporcentaje":6,"descripcionpartidaporcentaje":"INSTALACIÓN ELÉCTRICA","puntospartida":"0","idpartidaconserva":0,"manttrequerido":"","factor":"0","indiceconservacion":"0","puntosajustados":"0","totalpuntosajustados":"0","estadogralconservacion":"","vidaminimaremanente":"0","indicecostosremanente":"0"},{"idclaseconstruccion":"0","idpartidaporcentaje":7,"descripcionpartidaporcentaje":"INSTALACIÓN DE GAS","puntospartida":"0","idpartidaconserva":0,"manttrequerido":"","factor":"0","indiceconservacion":"0","puntosajustados":"0","totalpuntosajustados":"0","estadogralconservacion":"","vidaminimaremanente":"0","indicecostosremanente":"0"},{"idclaseconstruccion":"0","idpartidaporcentaje":8,"descripcionpartidaporcentaje":"ACABADOS INTERIORES","puntospartida":"0","idpartidaconserva":0,"manttrequerido":"","factor":"0","indiceconservacion":"0","puntosajustados":"0","totalpuntosajustados":"0","estadogralconservacion":"","vidaminimaremanente":"0","indicecostosremanente":"0"},{"idclaseconstruccion":"0","idpartidaporcentaje":9,"descripcionpartidaporcentaje":"ACABADOS EXTERIORES","puntospartida":"0","idpartidaconserva":0,"manttrequerido":"","factor":"0","indiceconservacion":"0","puntosajustados":"0","totalpuntosajustados":"0","estadogralconservacion":"","vidaminimaremanente":"0","indicecostosremanente":"0"},{"idclaseconstruccion":"0","idpartidaporcentaje":10,"descripcionpartidaporcentaje":"PUERTAS DE MADERA","puntospartida":"0","idpartidaconserva":0,"manttrequerido":"","factor":"0","indiceconservacion":"0","puntosajustados":"0","totalpuntosajustados":"0","estadogralconservacion":"","vidaminimaremanente":"0","indicecostosremanente":"0"},{"idclaseconstruccion":"0","idpartidaporcentaje":11,"descripcionpartidaporcentaje":"HERRERÍA Y CANCELERÍA","puntospartida":"0","idpartidaconserva":0,"manttrequerido":"","factor":"0","indiceconservacion":"0","puntosajustados":"0","totalpuntosajustados":"0","estadogralconservacion":"","vidaminimaremanente":"0","indicecostosremanente":"0"},{"idclaseconstruccion":"0","idpartidaporcentaje":12,"descripcionpartidaporcentaje":"MUEBLES DE BAÑO Y COCINA","puntospartida":"0","idpartidaconserva":0,"manttrequerido":"","factor":"0","indiceconservacion":"0","puntosajustados":"0","totalpuntosajustados":"0","estadogralconservacion":"","vidaminimaremanente":"0","indicecostosremanente":"0"},{"idclaseconstruccion":"0","idpartidaporcentaje":13,"descripcionpartidaporcentaje":"EQUIPOS","puntospartida":"0","idpartidaconserva":0,"manttrequerido":"","factor":"0","indiceconservacion":"0","puntosajustados":"0","totalpuntosajustados":"0","estadogralconservacion":"","vidaminimaremanente":"0","indicecostosremanente":"0"},{"idclaseconstruccion":"0","idpartidaporcentaje":14,"descripcionpartidaporcentaje":"CLOSETS Y ALACENAS","puntospartida":"0","idpartidaconserva":0,"manttrequerido":"","factor":"0","indiceconservacion":"0","puntosajustados":"0","totalpuntosajustados":"0","estadogralconservacion":"","vidaminimaremanente":"0","indicecostosremanente":"0"},{"idclaseconstruccion":"0","idpartidaporcentaje":15,"descripcionpartidaporcentaje":"ACCESORIAS","puntospartida":"0","idpartidaconserva":0,"manttrequerido":"","factor":"0","indiceconservacion":"0","puntosajustados":"0","totalpuntosajustados":"0","estadogralconservacion":"","vidaminimaremanente":"0","indicecostosremanente":"0"}]
2020-08-07 19:33:34 info:  [descGralInmTablaConserva.js] [Usuario: 5] METODO: consultaTablaConservacion RESPUESTA: ok = true, mensaje = Consulta exitosa, codigo =  AV200
